{"/Users/remibeaurain/astroia-app/app/_layout.js": {"path":"/Users/remibeaurain/astroia-app/app/_layout.js","statementMap":{"0":{"start":{"line":11,"column":22},"end":{"line":11,"column":67}},"1":{"start":{"line":11,"column":49},"end":{"line":11,"column":66}},"2":{"start":{"line":12,"column":21},"end":{"line":12,"column":70}},"3":{"start":{"line":12,"column":53},"end":{"line":12,"column":69}},"4":{"start":{"line":13,"column":26},"end":{"line":13,"column":83}},"5":{"start":{"line":13,"column":61},"end":{"line":13,"column":82}},"6":{"start":{"line":14,"column":25},"end":{"line":14,"column":66}},"7":{"start":{"line":14,"column":49},"end":{"line":14,"column":65}},"8":{"start":{"line":16,"column":2},"end":{"line":52,"column":9}},"9":{"start":{"line":17,"column":26},"end":{"line":49,"column":5}},"10":{"start":{"line":18,"column":6},"end":{"line":48,"column":7}},"11":{"start":{"line":19,"column":8},"end":{"line":19,"column":52}},"12":{"start":{"line":20,"column":8},"end":{"line":20,"column":70}},"13":{"start":{"line":22,"column":8},"end":{"line":22,"column":31}},"14":{"start":{"line":24,"column":8},"end":{"line":24,"column":66}},"15":{"start":{"line":25,"column":8},"end":{"line":30,"column":9}},"16":{"start":{"line":26,"column":10},"end":{"line":26,"column":30}},"17":{"start":{"line":28,"column":10},"end":{"line":28,"column":77}},"18":{"start":{"line":33,"column":8},"end":{"line":38,"column":9}},"19":{"start":{"line":34,"column":10},"end":{"line":34,"column":43}},"20":{"start":{"line":35,"column":10},"end":{"line":35,"column":29}},"21":{"start":{"line":37,"column":10},"end":{"line":37,"column":85}},"22":{"start":{"line":41,"column":8},"end":{"line":45,"column":9}},"23":{"start":{"line":42,"column":10},"end":{"line":42,"column":28}},"24":{"start":{"line":44,"column":10},"end":{"line":44,"column":83}},"25":{"start":{"line":47,"column":8},"end":{"line":47,"column":81}},"26":{"start":{"line":51,"column":4},"end":{"line":51,"column":20}},"27":{"start":{"line":54,"column":2},"end":{"line":68,"column":4}}},"fnMap":{"0":{"name":"RootLayout","decl":{"start":{"line":10,"column":24},"end":{"line":10,"column":34}},"loc":{"start":{"line":10,"column":37},"end":{"line":69,"column":1}},"line":10},"1":{"name":"(anonymous_1)","decl":{"start":{"line":11,"column":38},"end":{"line":11,"column":39}},"loc":{"start":{"line":11,"column":49},"end":{"line":11,"column":66}},"line":11},"2":{"name":"(anonymous_2)","decl":{"start":{"line":12,"column":42},"end":{"line":12,"column":43}},"loc":{"start":{"line":12,"column":53},"end":{"line":12,"column":69}},"line":12},"3":{"name":"(anonymous_3)","decl":{"start":{"line":13,"column":50},"end":{"line":13,"column":51}},"loc":{"start":{"line":13,"column":61},"end":{"line":13,"column":82}},"line":13},"4":{"name":"(anonymous_4)","decl":{"start":{"line":14,"column":38},"end":{"line":14,"column":39}},"loc":{"start":{"line":14,"column":49},"end":{"line":14,"column":65}},"line":14},"5":{"name":"(anonymous_5)","decl":{"start":{"line":16,"column":12},"end":{"line":16,"column":13}},"loc":{"start":{"line":16,"column":18},"end":{"line":52,"column":3}},"line":16},"6":{"name":"(anonymous_6)","decl":{"start":{"line":17,"column":26},"end":{"line":17,"column":27}},"loc":{"start":{"line":17,"column":38},"end":{"line":49,"column":5}},"line":17}},"branchMap":{},"s":{"0":0,"1":0,"2":0,"3":0,"4":0,"5":0,"6":0,"7":0,"8":0,"9":0,"10":0,"11":0,"12":0,"13":0,"14":0,"15":0,"16":0,"17":0,"18":0,"19":0,"20":0,"21":0,"22":0,"23":0,"24":0,"25":0,"26":0,"27":0},"f":{"0":0,"1":0,"2":0,"3":0,"4":0,"5":0,"6":0},"b":{}}
,"/Users/remibeaurain/astroia-app/app/(auth)/_layout.js": {"path":"/Users/remibeaurain/astroia-app/app/(auth)/_layout.js","statementMap":{"0":{"start":{"line":8,"column":2},"end":{"line":19,"column":4}}},"fnMap":{"0":{"name":"AuthLayout","decl":{"start":{"line":7,"column":24},"end":{"line":7,"column":34}},"loc":{"start":{"line":7,"column":37},"end":{"line":20,"column":1}},"line":7}},"branchMap":{},"s":{"0":0},"f":{"0":0},"b":{}}
,"/Users/remibeaurain/astroia-app/app/(auth)/login.js": {"path":"/Users/remibeaurain/astroia-app/app/(auth)/login.js","statementMap":{"0":{"start":{"line":11,"column":17},"end":{"line":11,"column":28}},"1":{"start":{"line":12,"column":45},"end":{"line":12,"column":59}},"2":{"start":{"line":14,"column":28},"end":{"line":14,"column":40}},"3":{"start":{"line":15,"column":36},"end":{"line":15,"column":51}},"4":{"start":{"line":17,"column":19},"end":{"line":17,"column":56}},"5":{"start":{"line":19,"column":2},"end":{"line":26,"column":9}},"6":{"start":{"line":20,"column":4},"end":{"line":20,"column":49}},"7":{"start":{"line":21,"column":4},"end":{"line":25,"column":15}},"8":{"start":{"line":29,"column":2},"end":{"line":34,"column":24}},"9":{"start":{"line":30,"column":4},"end":{"line":33,"column":5}},"10":{"start":{"line":31,"column":6},"end":{"line":31,"column":89}},"11":{"start":{"line":32,"column":6},"end":{"line":32,"column":26}},"12":{"start":{"line":36,"column":24},"end":{"line":55,"column":3}},"13":{"start":{"line":37,"column":4},"end":{"line":40,"column":5}},"14":{"start":{"line":38,"column":6},"end":{"line":38,"column":71}},"15":{"start":{"line":39,"column":6},"end":{"line":39,"column":13}},"16":{"start":{"line":42,"column":4},"end":{"line":42,"column":23}},"17":{"start":{"line":43,"column":22},"end":{"line":43,"column":48}},"18":{"start":{"line":44,"column":4},"end":{"line":44,"column":24}},"19":{"start":{"line":46,"column":4},"end":{"line":54,"column":5}},"20":{"start":{"line":47,"column":6},"end":{"line":47,"column":91}},"21":{"start":{"line":50,"column":6},"end":{"line":53,"column":9}},"22":{"start":{"line":57,"column":25},"end":{"line":61,"column":3}},"23":{"start":{"line":59,"column":4},"end":{"line":59,"column":77}},"24":{"start":{"line":60,"column":4},"end":{"line":60,"column":24}},"25":{"start":{"line":63,"column":2},"end":{"line":156,"column":4}},"26":{"start":{"line":131,"column":49},"end":{"line":131,"column":78}},"27":{"start":{"line":159,"column":15},"end":{"line":282,"column":2}}},"fnMap":{"0":{"name":"LoginScreen","decl":{"start":{"line":10,"column":24},"end":{"line":10,"column":35}},"loc":{"start":{"line":10,"column":38},"end":{"line":157,"column":1}},"line":10},"1":{"name":"(anonymous_1)","decl":{"start":{"line":19,"column":12},"end":{"line":19,"column":13}},"loc":{"start":{"line":19,"column":18},"end":{"line":26,"column":3}},"line":19},"2":{"name":"(anonymous_2)","decl":{"start":{"line":29,"column":12},"end":{"line":29,"column":13}},"loc":{"start":{"line":29,"column":18},"end":{"line":34,"column":3}},"line":29},"3":{"name":"(anonymous_3)","decl":{"start":{"line":36,"column":24},"end":{"line":36,"column":25}},"loc":{"start":{"line":36,"column":36},"end":{"line":55,"column":3}},"line":36},"4":{"name":"(anonymous_4)","decl":{"start":{"line":57,"column":25},"end":{"line":57,"column":26}},"loc":{"start":{"line":57,"column":31},"end":{"line":61,"column":3}},"line":57},"5":{"name":"(anonymous_5)","decl":{"start":{"line":131,"column":43},"end":{"line":131,"column":44}},"loc":{"start":{"line":131,"column":49},"end":{"line":131,"column":78}},"line":131}},"branchMap":{"0":{"loc":{"start":{"line":30,"column":4},"end":{"line":33,"column":5}},"type":"if","locations":[{"start":{"line":30,"column":4},"end":{"line":33,"column":5}},{"start":{},"end":{}}],"line":30},"1":{"loc":{"start":{"line":37,"column":4},"end":{"line":40,"column":5}},"type":"if","locations":[{"start":{"line":37,"column":4},"end":{"line":40,"column":5}},{"start":{},"end":{}}],"line":37},"2":{"loc":{"start":{"line":37,"column":8},"end":{"line":37,"column":45}},"type":"binary-expr","locations":[{"start":{"line":37,"column":8},"end":{"line":37,"column":21}},{"start":{"line":37,"column":25},"end":{"line":37,"column":45}}],"line":37},"3":{"loc":{"start":{"line":46,"column":4},"end":{"line":54,"column":5}},"type":"if","locations":[{"start":{"line":46,"column":4},"end":{"line":54,"column":5}},{"start":{"line":48,"column":11},"end":{"line":54,"column":5}}],"line":46},"4":{"loc":{"start":{"line":47,"column":28},"end":{"line":47,"column":89}},"type":"binary-expr","locations":[{"start":{"line":47,"column":28},"end":{"line":47,"column":41}},{"start":{"line":47,"column":45},"end":{"line":47,"column":89}}],"line":47},"5":{"loc":{"start":{"line":72,"column":20},"end":{"line":72,"column":64}},"type":"cond-expr","locations":[{"start":{"line":72,"column":44},"end":{"line":72,"column":53}},{"start":{"line":72,"column":56},"end":{"line":72,"column":64}}],"line":72},"6":{"loc":{"start":{"line":115,"column":19},"end":{"line":122,"column":19}},"type":"cond-expr","locations":[{"start":{"line":116,"column":20},"end":{"line":116,"column":76}},{"start":{"line":118,"column":20},"end":{"line":121,"column":23}}],"line":115}},"s":{"0":0,"1":0,"2":0,"3":0,"4":0,"5":0,"6":0,"7":0,"8":0,"9":0,"10":0,"11":0,"12":0,"13":0,"14":0,"15":0,"16":0,"17":0,"18":0,"19":0,"20":0,"21":0,"22":0,"23":0,"24":0,"25":0,"26":0,"27":0},"f":{"0":0,"1":0,"2":0,"3":0,"4":0,"5":0},"b":{"0":[0,0],"1":[0,0],"2":[0,0],"3":[0,0],"4":[0,0],"5":[0,0],"6":[0,0]}}
,"/Users/remibeaurain/astroia-app/app/(auth)/signup.js": {"path":"/Users/remibeaurain/astroia-app/app/(auth)/signup.js","statementMap":{"0":{"start":{"line":11,"column":17},"end":{"line":11,"column":28}},"1":{"start":{"line":12,"column":38},"end":{"line":12,"column":52}},"2":{"start":{"line":14,"column":28},"end":{"line":14,"column":40}},"3":{"start":{"line":15,"column":34},"end":{"line":15,"column":46}},"4":{"start":{"line":16,"column":48},"end":{"line":16,"column":60}},"5":{"start":{"line":17,"column":36},"end":{"line":17,"column":51}},"6":{"start":{"line":18,"column":42},"end":{"line":18,"column":57}},"7":{"start":{"line":19,"column":56},"end":{"line":19,"column":71}},"8":{"start":{"line":21,"column":19},"end":{"line":21,"column":56}},"9":{"start":{"line":23,"column":2},"end":{"line":29,"column":9}},"10":{"start":{"line":24,"column":4},"end":{"line":28,"column":15}},"11":{"start":{"line":32,"column":2},"end":{"line":37,"column":24}},"12":{"start":{"line":33,"column":4},"end":{"line":36,"column":5}},"13":{"start":{"line":34,"column":6},"end":{"line":34,"column":90}},"14":{"start":{"line":35,"column":6},"end":{"line":35,"column":26}},"15":{"start":{"line":39,"column":23},"end":{"line":56,"column":3}},"16":{"start":{"line":40,"column":4},"end":{"line":43,"column":5}},"17":{"start":{"line":41,"column":6},"end":{"line":41,"column":71}},"18":{"start":{"line":42,"column":6},"end":{"line":42,"column":19}},"19":{"start":{"line":45,"column":4},"end":{"line":48,"column":5}},"20":{"start":{"line":46,"column":6},"end":{"line":46,"column":100}},"21":{"start":{"line":47,"column":6},"end":{"line":47,"column":19}},"22":{"start":{"line":50,"column":4},"end":{"line":53,"column":5}},"23":{"start":{"line":51,"column":6},"end":{"line":51,"column":96}},"24":{"start":{"line":52,"column":6},"end":{"line":52,"column":19}},"25":{"start":{"line":55,"column":4},"end":{"line":55,"column":16}},"26":{"start":{"line":58,"column":23},"end":{"line":120,"column":3}},"27":{"start":{"line":59,"column":4},"end":{"line":61,"column":5}},"28":{"start":{"line":60,"column":6},"end":{"line":60,"column":13}},"29":{"start":{"line":63,"column":4},"end":{"line":63,"column":23}},"30":{"start":{"line":64,"column":4},"end":{"line":64,"column":72}},"31":{"start":{"line":65,"column":28},"end":{"line":65,"column":57}},"32":{"start":{"line":66,"column":4},"end":{"line":66,"column":24}},"33":{"start":{"line":68,"column":4},"end":{"line":72,"column":5}},"34":{"start":{"line":69,"column":6},"end":{"line":69,"column":77}},"35":{"start":{"line":70,"column":6},"end":{"line":70,"column":78}},"36":{"start":{"line":71,"column":6},"end":{"line":71,"column":13}},"37":{"start":{"line":75,"column":4},"end":{"line":75,"column":59}},"38":{"start":{"line":75,"column":33},"end":{"line":75,"column":57}},"39":{"start":{"line":78,"column":4},"end":{"line":78,"column":88}},"40":{"start":{"line":79,"column":44},"end":{"line":79,"column":67}},"41":{"start":{"line":80,"column":4},"end":{"line":80,"column":79}},"42":{"start":{"line":81,"column":4},"end":{"line":85,"column":7}},"43":{"start":{"line":87,"column":4},"end":{"line":119,"column":5}},"44":{"start":{"line":89,"column":6},"end":{"line":89,"column":116}},"45":{"start":{"line":92,"column":6},"end":{"line":105,"column":8}},"46":{"start":{"line":100,"column":14},"end":{"line":100,"column":84}},"47":{"start":{"line":101,"column":14},"end":{"line":101,"column":34}},"48":{"start":{"line":108,"column":6},"end":{"line":108,"column":81}},"49":{"start":{"line":109,"column":6},"end":{"line":118,"column":8}},"50":{"start":{"line":115,"column":27},"end":{"line":115,"column":58}},"51":{"start":{"line":122,"column":2},"end":{"line":268,"column":4}},"52":{"start":{"line":138,"column":29},"end":{"line":138,"column":42}},"53":{"start":{"line":189,"column":33},"end":{"line":189,"column":63}},"54":{"start":{"line":215,"column":33},"end":{"line":215,"column":77}},"55":{"start":{"line":252,"column":49},"end":{"line":252,"column":80}},"56":{"start":{"line":271,"column":15},"end":{"line":392,"column":2}}},"fnMap":{"0":{"name":"SignupScreen","decl":{"start":{"line":10,"column":24},"end":{"line":10,"column":36}},"loc":{"start":{"line":10,"column":39},"end":{"line":269,"column":1}},"line":10},"1":{"name":"(anonymous_1)","decl":{"start":{"line":23,"column":12},"end":{"line":23,"column":13}},"loc":{"start":{"line":23,"column":18},"end":{"line":29,"column":3}},"line":23},"2":{"name":"(anonymous_2)","decl":{"start":{"line":32,"column":12},"end":{"line":32,"column":13}},"loc":{"start":{"line":32,"column":18},"end":{"line":37,"column":3}},"line":32},"3":{"name":"(anonymous_3)","decl":{"start":{"line":39,"column":23},"end":{"line":39,"column":24}},"loc":{"start":{"line":39,"column":29},"end":{"line":56,"column":3}},"line":39},"4":{"name":"(anonymous_4)","decl":{"start":{"line":58,"column":23},"end":{"line":58,"column":24}},"loc":{"start":{"line":58,"column":35},"end":{"line":120,"column":3}},"line":58},"5":{"name":"(anonymous_5)","decl":{"start":{"line":75,"column":22},"end":{"line":75,"column":23}},"loc":{"start":{"line":75,"column":33},"end":{"line":75,"column":57}},"line":75},"6":{"name":"(anonymous_6)","decl":{"start":{"line":98,"column":21},"end":{"line":98,"column":22}},"loc":{"start":{"line":98,"column":27},"end":{"line":102,"column":13}},"line":98},"7":{"name":"(anonymous_7)","decl":{"start":{"line":115,"column":21},"end":{"line":115,"column":22}},"loc":{"start":{"line":115,"column":27},"end":{"line":115,"column":58}},"line":115},"8":{"name":"(anonymous_8)","decl":{"start":{"line":138,"column":23},"end":{"line":138,"column":24}},"loc":{"start":{"line":138,"column":29},"end":{"line":138,"column":42}},"line":138},"9":{"name":"(anonymous_9)","decl":{"start":{"line":189,"column":27},"end":{"line":189,"column":28}},"loc":{"start":{"line":189,"column":33},"end":{"line":189,"column":63}},"line":189},"10":{"name":"(anonymous_10)","decl":{"start":{"line":215,"column":27},"end":{"line":215,"column":28}},"loc":{"start":{"line":215,"column":33},"end":{"line":215,"column":77}},"line":215},"11":{"name":"(anonymous_11)","decl":{"start":{"line":252,"column":43},"end":{"line":252,"column":44}},"loc":{"start":{"line":252,"column":49},"end":{"line":252,"column":80}},"line":252}},"branchMap":{"0":{"loc":{"start":{"line":33,"column":4},"end":{"line":36,"column":5}},"type":"if","locations":[{"start":{"line":33,"column":4},"end":{"line":36,"column":5}},{"start":{},"end":{}}],"line":33},"1":{"loc":{"start":{"line":40,"column":4},"end":{"line":43,"column":5}},"type":"if","locations":[{"start":{"line":40,"column":4},"end":{"line":43,"column":5}},{"start":{},"end":{}}],"line":40},"2":{"loc":{"start":{"line":40,"column":8},"end":{"line":40,"column":45}},"type":"binary-expr","locations":[{"start":{"line":40,"column":8},"end":{"line":40,"column":21}},{"start":{"line":40,"column":25},"end":{"line":40,"column":45}}],"line":40},"3":{"loc":{"start":{"line":45,"column":4},"end":{"line":48,"column":5}},"type":"if","locations":[{"start":{"line":45,"column":4},"end":{"line":48,"column":5}},{"start":{},"end":{}}],"line":45},"4":{"loc":{"start":{"line":50,"column":4},"end":{"line":53,"column":5}},"type":"if","locations":[{"start":{"line":50,"column":4},"end":{"line":53,"column":5}},{"start":{},"end":{}}],"line":50},"5":{"loc":{"start":{"line":59,"column":4},"end":{"line":61,"column":5}},"type":"if","locations":[{"start":{"line":59,"column":4},"end":{"line":61,"column":5}},{"start":{},"end":{}}],"line":59},"6":{"loc":{"start":{"line":68,"column":4},"end":{"line":72,"column":5}},"type":"if","locations":[{"start":{"line":68,"column":4},"end":{"line":72,"column":5}},{"start":{},"end":{}}],"line":68},"7":{"loc":{"start":{"line":70,"column":28},"end":{"line":70,"column":76}},"type":"binary-expr","locations":[{"start":{"line":70,"column":28},"end":{"line":70,"column":41}},{"start":{"line":70,"column":45},"end":{"line":70,"column":76}}],"line":70},"8":{"loc":{"start":{"line":87,"column":4},"end":{"line":119,"column":5}},"type":"if","locations":[{"start":{"line":87,"column":4},"end":{"line":119,"column":5}},{"start":{"line":106,"column":11},"end":{"line":119,"column":5}}],"line":87},"9":{"loc":{"start":{"line":87,"column":8},"end":{"line":87,"column":35}},"type":"binary-expr","locations":[{"start":{"line":87,"column":8},"end":{"line":87,"column":18}},{"start":{"line":87,"column":22},"end":{"line":87,"column":35}}],"line":87},"10":{"loc":{"start":{"line":131,"column":20},"end":{"line":131,"column":64}},"type":"cond-expr","locations":[{"start":{"line":131,"column":44},"end":{"line":131,"column":53}},{"start":{"line":131,"column":56},"end":{"line":131,"column":64}}],"line":131},"11":{"loc":{"start":{"line":193,"column":26},"end":{"line":193,"column":74}},"type":"cond-expr","locations":[{"start":{"line":193,"column":41},"end":{"line":193,"column":54}},{"start":{"line":193,"column":57},"end":{"line":193,"column":74}}],"line":193},"12":{"loc":{"start":{"line":219,"column":26},"end":{"line":219,"column":81}},"type":"cond-expr","locations":[{"start":{"line":219,"column":48},"end":{"line":219,"column":61}},{"start":{"line":219,"column":64},"end":{"line":219,"column":81}}],"line":219},"13":{"loc":{"start":{"line":236,"column":19},"end":{"line":243,"column":19}},"type":"cond-expr","locations":[{"start":{"line":237,"column":20},"end":{"line":237,"column":79}},{"start":{"line":239,"column":20},"end":{"line":242,"column":23}}],"line":236}},"s":{"0":0,"1":0,"2":0,"3":0,"4":0,"5":0,"6":0,"7":0,"8":0,"9":0,"10":0,"11":0,"12":0,"13":0,"14":0,"15":0,"16":0,"17":0,"18":0,"19":0,"20":0,"21":0,"22":0,"23":0,"24":0,"25":0,"26":0,"27":0,"28":0,"29":0,"30":0,"31":0,"32":0,"33":0,"34":0,"35":0,"36":0,"37":0,"38":0,"39":0,"40":0,"41":0,"42":0,"43":0,"44":0,"45":0,"46":0,"47":0,"48":0,"49":0,"50":0,"51":0,"52":0,"53":0,"54":0,"55":0,"56":0},"f":{"0":0,"1":0,"2":0,"3":0,"4":0,"5":0,"6":0,"7":0,"8":0,"9":0,"10":0,"11":0},"b":{"0":[0,0],"1":[0,0],"2":[0,0],"3":[0,0],"4":[0,0],"5":[0,0],"6":[0,0],"7":[0,0],"8":[0,0],"9":[0,0],"10":[0,0],"11":[0,0],"12":[0,0],"13":[0,0]}}
,"/Users/remibeaurain/astroia-app/app/(auth)/verify-otp.js": {"path":"/Users/remibeaurain/astroia-app/app/(auth)/verify-otp.js","statementMap":{"0":{"start":{"line":11,"column":17},"end":{"line":11,"column":28}},"1":{"start":{"line":12,"column":17},"end":{"line":12,"column":39}},"2":{"start":{"line":13,"column":16},"end":{"line":13,"column":34}},"3":{"start":{"line":14,"column":41},"end":{"line":14,"column":55}},"4":{"start":{"line":16,"column":26},"end":{"line":16,"column":60}},"5":{"start":{"line":17,"column":36},"end":{"line":17,"column":51}},"6":{"start":{"line":18,"column":28},"end":{"line":18,"column":42}},"7":{"start":{"line":20,"column":20},"end":{"line":20,"column":30}},"8":{"start":{"line":21,"column":19},"end":{"line":21,"column":56}},"9":{"start":{"line":23,"column":2},"end":{"line":29,"column":9}},"10":{"start":{"line":24,"column":4},"end":{"line":28,"column":15}},"11":{"start":{"line":32,"column":2},"end":{"line":37,"column":24}},"12":{"start":{"line":33,"column":4},"end":{"line":36,"column":5}},"13":{"start":{"line":34,"column":6},"end":{"line":34,"column":103}},"14":{"start":{"line":35,"column":6},"end":{"line":35,"column":26}},"15":{"start":{"line":40,"column":2},"end":{"line":46,"column":14}},"16":{"start":{"line":41,"column":4},"end":{"line":45,"column":5}},"17":{"start":{"line":42,"column":6},"end":{"line":44,"column":9}},"18":{"start":{"line":43,"column":37},"end":{"line":43,"column":50}},"19":{"start":{"line":48,"column":27},"end":{"line":75,"column":3}},"20":{"start":{"line":50,"column":24},"end":{"line":50,"column":51}},"21":{"start":{"line":52,"column":4},"end":{"line":72,"column":5}},"22":{"start":{"line":54,"column":23},"end":{"line":54,"column":58}},"23":{"start":{"line":55,"column":22},"end":{"line":55,"column":31}},"24":{"start":{"line":56,"column":6},"end":{"line":56,"column":32}},"25":{"start":{"line":57,"column":6},"end":{"line":57,"column":23}},"26":{"start":{"line":60,"column":6},"end":{"line":62,"column":7}},"27":{"start":{"line":61,"column":8},"end":{"line":61,"column":45}},"28":{"start":{"line":64,"column":22},"end":{"line":64,"column":31}},"29":{"start":{"line":65,"column":6},"end":{"line":65,"column":35}},"30":{"start":{"line":66,"column":6},"end":{"line":66,"column":23}},"31":{"start":{"line":69,"column":6},"end":{"line":71,"column":7}},"32":{"start":{"line":70,"column":8},"end":{"line":70,"column":45}},"33":{"start":{"line":74,"column":4},"end":{"line":74,"column":19}},"34":{"start":{"line":77,"column":25},"end":{"line":82,"column":3}},"35":{"start":{"line":79,"column":4},"end":{"line":81,"column":5}},"36":{"start":{"line":80,"column":6},"end":{"line":80,"column":43}},"37":{"start":{"line":84,"column":23},"end":{"line":114,"column":3}},"38":{"start":{"line":85,"column":23},"end":{"line":85,"column":36}},"39":{"start":{"line":87,"column":4},"end":{"line":90,"column":5}},"40":{"start":{"line":88,"column":6},"end":{"line":88,"column":57}},"41":{"start":{"line":89,"column":6},"end":{"line":89,"column":13}},"42":{"start":{"line":92,"column":4},"end":{"line":92,"column":23}},"43":{"start":{"line":93,"column":4},"end":{"line":93,"column":19}},"44":{"start":{"line":95,"column":35},"end":{"line":95,"column":69}},"45":{"start":{"line":96,"column":4},"end":{"line":96,"column":24}},"46":{"start":{"line":98,"column":4},"end":{"line":113,"column":5}},"47":{"start":{"line":99,"column":6},"end":{"line":99,"column":76}},"48":{"start":{"line":101,"column":6},"end":{"line":101,"column":40}},"49":{"start":{"line":102,"column":6},"end":{"line":104,"column":7}},"50":{"start":{"line":103,"column":8},"end":{"line":103,"column":37}},"51":{"start":{"line":107,"column":6},"end":{"line":107,"column":103}},"52":{"start":{"line":108,"column":6},"end":{"line":112,"column":8}},"53":{"start":{"line":116,"column":23},"end":{"line":119,"column":3}},"54":{"start":{"line":118,"column":4},"end":{"line":118,"column":18}},"55":{"start":{"line":121,"column":2},"end":{"line":234,"column":4}},"56":{"start":{"line":137,"column":29},"end":{"line":137,"column":42}},"57":{"start":{"line":164,"column":16},"end":{"line":179,"column":18}},"58":{"start":{"line":166,"column":33},"end":{"line":166,"column":63}},"59":{"start":{"line":173,"column":42},"end":{"line":173,"column":71}},"60":{"start":{"line":174,"column":51},"end":{"line":174,"column":89}},"61":{"start":{"line":237,"column":15},"end":{"line":377,"column":2}}},"fnMap":{"0":{"name":"VerifyOTPScreen","decl":{"start":{"line":10,"column":24},"end":{"line":10,"column":39}},"loc":{"start":{"line":10,"column":42},"end":{"line":235,"column":1}},"line":10},"1":{"name":"(anonymous_1)","decl":{"start":{"line":23,"column":12},"end":{"line":23,"column":13}},"loc":{"start":{"line":23,"column":18},"end":{"line":29,"column":3}},"line":23},"2":{"name":"(anonymous_2)","decl":{"start":{"line":32,"column":12},"end":{"line":32,"column":13}},"loc":{"start":{"line":32,"column":18},"end":{"line":37,"column":3}},"line":32},"3":{"name":"(anonymous_3)","decl":{"start":{"line":40,"column":12},"end":{"line":40,"column":13}},"loc":{"start":{"line":40,"column":18},"end":{"line":46,"column":3}},"line":40},"4":{"name":"(anonymous_4)","decl":{"start":{"line":43,"column":31},"end":{"line":43,"column":32}},"loc":{"start":{"line":43,"column":37},"end":{"line":43,"column":50}},"line":43},"5":{"name":"(anonymous_5)","decl":{"start":{"line":48,"column":27},"end":{"line":48,"column":28}},"loc":{"start":{"line":48,"column":44},"end":{"line":75,"column":3}},"line":48},"6":{"name":"(anonymous_6)","decl":{"start":{"line":77,"column":25},"end":{"line":77,"column":26}},"loc":{"start":{"line":77,"column":41},"end":{"line":82,"column":3}},"line":77},"7":{"name":"(anonymous_7)","decl":{"start":{"line":84,"column":23},"end":{"line":84,"column":24}},"loc":{"start":{"line":84,"column":35},"end":{"line":114,"column":3}},"line":84},"8":{"name":"(anonymous_8)","decl":{"start":{"line":116,"column":23},"end":{"line":116,"column":24}},"loc":{"start":{"line":116,"column":35},"end":{"line":119,"column":3}},"line":116},"9":{"name":"(anonymous_9)","decl":{"start":{"line":137,"column":23},"end":{"line":137,"column":24}},"loc":{"start":{"line":137,"column":29},"end":{"line":137,"column":42}},"line":137},"10":{"name":"(anonymous_10)","decl":{"start":{"line":163,"column":24},"end":{"line":163,"column":25}},"loc":{"start":{"line":164,"column":16},"end":{"line":179,"column":18}},"line":164},"11":{"name":"(anonymous_11)","decl":{"start":{"line":166,"column":23},"end":{"line":166,"column":24}},"loc":{"start":{"line":166,"column":33},"end":{"line":166,"column":63}},"line":166},"12":{"name":"(anonymous_12)","decl":{"start":{"line":173,"column":32},"end":{"line":173,"column":33}},"loc":{"start":{"line":173,"column":42},"end":{"line":173,"column":71}},"line":173},"13":{"name":"(anonymous_13)","decl":{"start":{"line":174,"column":30},"end":{"line":174,"column":31}},"loc":{"start":{"line":174,"column":51},"end":{"line":174,"column":89}},"line":174}},"branchMap":{"0":{"loc":{"start":{"line":13,"column":16},"end":{"line":13,"column":34}},"type":"binary-expr","locations":[{"start":{"line":13,"column":16},"end":{"line":13,"column":28}},{"start":{"line":13,"column":32},"end":{"line":13,"column":34}}],"line":13},"1":{"loc":{"start":{"line":33,"column":4},"end":{"line":36,"column":5}},"type":"if","locations":[{"start":{"line":33,"column":4},"end":{"line":36,"column":5}},{"start":{},"end":{}}],"line":33},"2":{"loc":{"start":{"line":41,"column":4},"end":{"line":45,"column":5}},"type":"if","locations":[{"start":{"line":41,"column":4},"end":{"line":45,"column":5}},{"start":{},"end":{}}],"line":41},"3":{"loc":{"start":{"line":52,"column":4},"end":{"line":72,"column":5}},"type":"if","locations":[{"start":{"line":52,"column":4},"end":{"line":72,"column":5}},{"start":{"line":63,"column":11},"end":{"line":72,"column":5}}],"line":52},"4":{"loc":{"start":{"line":60,"column":6},"end":{"line":62,"column":7}},"type":"if","locations":[{"start":{"line":60,"column":6},"end":{"line":62,"column":7}},{"start":{},"end":{}}],"line":60},"5":{"loc":{"start":{"line":60,"column":10},"end":{"line":60,"column":51}},"type":"binary-expr","locations":[{"start":{"line":60,"column":10},"end":{"line":60,"column":19}},{"start":{"line":60,"column":23},"end":{"line":60,"column":51}}],"line":60},"6":{"loc":{"start":{"line":69,"column":6},"end":{"line":71,"column":7}},"type":"if","locations":[{"start":{"line":69,"column":6},"end":{"line":71,"column":7}},{"start":{},"end":{}}],"line":69},"7":{"loc":{"start":{"line":69,"column":10},"end":{"line":69,"column":66}},"type":"binary-expr","locations":[{"start":{"line":69,"column":10},"end":{"line":69,"column":21}},{"start":{"line":69,"column":25},"end":{"line":69,"column":34}},{"start":{"line":69,"column":38},"end":{"line":69,"column":66}}],"line":69},"8":{"loc":{"start":{"line":79,"column":4},"end":{"line":81,"column":5}},"type":"if","locations":[{"start":{"line":79,"column":4},"end":{"line":81,"column":5}},{"start":{},"end":{}}],"line":79},"9":{"loc":{"start":{"line":79,"column":8},"end":{"line":79,"column":56}},"type":"binary-expr","locations":[{"start":{"line":79,"column":8},"end":{"line":79,"column":27}},{"start":{"line":79,"column":31},"end":{"line":79,"column":43}},{"start":{"line":79,"column":47},"end":{"line":79,"column":56}}],"line":79},"10":{"loc":{"start":{"line":87,"column":4},"end":{"line":90,"column":5}},"type":"if","locations":[{"start":{"line":87,"column":4},"end":{"line":90,"column":5}},{"start":{},"end":{}}],"line":87},"11":{"loc":{"start":{"line":98,"column":4},"end":{"line":113,"column":5}},"type":"if","locations":[{"start":{"line":98,"column":4},"end":{"line":113,"column":5}},{"start":{"line":105,"column":11},"end":{"line":113,"column":5}}],"line":98},"12":{"loc":{"start":{"line":99,"column":15},"end":{"line":99,"column":74}},"type":"binary-expr","locations":[{"start":{"line":99,"column":15},"end":{"line":99,"column":34}},{"start":{"line":99,"column":38},"end":{"line":99,"column":74}}],"line":99},"13":{"loc":{"start":{"line":102,"column":6},"end":{"line":104,"column":7}},"type":"if","locations":[{"start":{"line":102,"column":6},"end":{"line":104,"column":7}},{"start":{},"end":{}}],"line":102},"14":{"loc":{"start":{"line":130,"column":20},"end":{"line":130,"column":64}},"type":"cond-expr","locations":[{"start":{"line":130,"column":44},"end":{"line":130,"column":53}},{"start":{"line":130,"column":56},"end":{"line":130,"column":64}}],"line":130},"15":{"loc":{"start":{"line":169,"column":20},"end":{"line":169,"column":51}},"type":"binary-expr","locations":[{"start":{"line":169,"column":20},"end":{"line":169,"column":25}},{"start":{"line":169,"column":29},"end":{"line":169,"column":51}}],"line":169},"16":{"loc":{"start":{"line":170,"column":20},"end":{"line":170,"column":50}},"type":"binary-expr","locations":[{"start":{"line":170,"column":20},"end":{"line":170,"column":25}},{"start":{"line":170,"column":29},"end":{"line":170,"column":50}}],"line":170},"17":{"loc":{"start":{"line":184,"column":13},"end":{"line":189,"column":13}},"type":"binary-expr","locations":[{"start":{"line":184,"column":13},"end":{"line":184,"column":18}},{"start":{"line":185,"column":14},"end":{"line":188,"column":21}}],"line":184},"18":{"loc":{"start":{"line":195,"column":24},"end":{"line":195,"column":63}},"type":"binary-expr","locations":[{"start":{"line":195,"column":24},"end":{"line":195,"column":33}},{"start":{"line":195,"column":37},"end":{"line":195,"column":63}}],"line":195},"19":{"loc":{"start":{"line":199,"column":24},"end":{"line":199,"column":110}},"type":"cond-expr","locations":[{"start":{"line":199,"column":67},"end":{"line":199,"column":85}},{"start":{"line":199,"column":88},"end":{"line":199,"column":110}}],"line":199},"20":{"loc":{"start":{"line":199,"column":24},"end":{"line":199,"column":64}},"type":"binary-expr","locations":[{"start":{"line":199,"column":24},"end":{"line":199,"column":50}},{"start":{"line":199,"column":54},"end":{"line":199,"column":64}}],"line":199},"21":{"loc":{"start":{"line":202,"column":17},"end":{"line":209,"column":17}},"type":"cond-expr","locations":[{"start":{"line":203,"column":18},"end":{"line":203,"column":66}},{"start":{"line":205,"column":18},"end":{"line":208,"column":21}}],"line":202}},"s":{"0":0,"1":0,"2":0,"3":0,"4":0,"5":0,"6":0,"7":0,"8":0,"9":0,"10":0,"11":0,"12":0,"13":0,"14":0,"15":0,"16":0,"17":0,"18":0,"19":0,"20":0,"21":0,"22":0,"23":0,"24":0,"25":0,"26":0,"27":0,"28":0,"29":0,"30":0,"31":0,"32":0,"33":0,"34":0,"35":0,"36":0,"37":0,"38":0,"39":0,"40":0,"41":0,"42":0,"43":0,"44":0,"45":0,"46":0,"47":0,"48":0,"49":0,"50":0,"51":0,"52":0,"53":0,"54":0,"55":0,"56":0,"57":0,"58":0,"59":0,"60":0,"61":0},"f":{"0":0,"1":0,"2":0,"3":0,"4":0,"5":0,"6":0,"7":0,"8":0,"9":0,"10":0,"11":0,"12":0,"13":0},"b":{"0":[0,0],"1":[0,0],"2":[0,0],"3":[0,0],"4":[0,0],"5":[0,0],"6":[0,0],"7":[0,0,0],"8":[0,0],"9":[0,0,0],"10":[0,0],"11":[0,0],"12":[0,0],"13":[0,0],"14":[0,0],"15":[0,0],"16":[0,0],"17":[0,0],"18":[0,0],"19":[0,0],"20":[0,0],"21":[0,0]}}
,"/Users/remibeaurain/astroia-app/app/(tabs)/_layout.js": {"path":"/Users/remibeaurain/astroia-app/app/(tabs)/_layout.js","statementMap":{"0":{"start":{"line":6,"column":2},"end":{"line":69,"column":4}},"1":{"start":{"line":41,"column":12},"end":{"line":41,"column":62}},"2":{"start":{"line":52,"column":12},"end":{"line":52,"column":71}},"3":{"start":{"line":63,"column":12},"end":{"line":63,"column":69}}},"fnMap":{"0":{"name":"TabsLayout","decl":{"start":{"line":5,"column":24},"end":{"line":5,"column":34}},"loc":{"start":{"line":5,"column":37},"end":{"line":70,"column":1}},"line":5},"1":{"name":"(anonymous_1)","decl":{"start":{"line":40,"column":22},"end":{"line":40,"column":23}},"loc":{"start":{"line":41,"column":12},"end":{"line":41,"column":62}},"line":41},"2":{"name":"(anonymous_2)","decl":{"start":{"line":51,"column":22},"end":{"line":51,"column":23}},"loc":{"start":{"line":52,"column":12},"end":{"line":52,"column":71}},"line":52},"3":{"name":"(anonymous_3)","decl":{"start":{"line":62,"column":22},"end":{"line":62,"column":23}},"loc":{"start":{"line":63,"column":12},"end":{"line":63,"column":69}},"line":63}},"branchMap":{},"s":{"0":0,"1":0,"2":0,"3":0},"f":{"0":0,"1":0,"2":0,"3":0},"b":{}}
,"/Users/remibeaurain/astroia-app/app/(tabs)/chat.js": {"path":"/Users/remibeaurain/astroia-app/app/(tabs)/chat.js","statementMap":{"0":{"start":{"line":26,"column":19},"end":{"line":26,"column":33}},"1":{"start":{"line":27,"column":37},"end":{"line":27,"column":54}},"2":{"start":{"line":29,"column":32},"end":{"line":29,"column":44}},"3":{"start":{"line":30,"column":34},"end":{"line":37,"column":4}},"4":{"start":{"line":38,"column":34},"end":{"line":38,"column":49}},"5":{"start":{"line":39,"column":46},"end":{"line":39,"column":60}},"6":{"start":{"line":40,"column":34},"end":{"line":40,"column":48}},"7":{"start":{"line":41,"column":28},"end":{"line":41,"column":42}},"8":{"start":{"line":43,"column":24},"end":{"line":43,"column":36}},"9":{"start":{"line":44,"column":19},"end":{"line":44,"column":56}},"10":{"start":{"line":47,"column":2},"end":{"line":57,"column":14}},"11":{"start":{"line":48,"column":24},"end":{"line":55,"column":6}},"12":{"start":{"line":49,"column":6},"end":{"line":49,"column":45}},"13":{"start":{"line":50,"column":6},"end":{"line":54,"column":7}},"14":{"start":{"line":51,"column":8},"end":{"line":51,"column":46}},"15":{"start":{"line":52,"column":13},"end":{"line":54,"column":7}},"16":{"start":{"line":53,"column":8},"end":{"line":53,"column":23}},"17":{"start":{"line":56,"column":4},"end":{"line":56,"column":31}},"18":{"start":{"line":56,"column":17},"end":{"line":56,"column":30}},"19":{"start":{"line":59,"column":2},"end":{"line":65,"column":9}},"20":{"start":{"line":60,"column":4},"end":{"line":64,"column":15}},"21":{"start":{"line":67,"column":2},"end":{"line":70,"column":27}},"22":{"start":{"line":69,"column":4},"end":{"line":69,"column":59}},"23":{"start":{"line":72,"column":21},"end":{"line":175,"column":3}},"24":{"start":{"line":73,"column":4},"end":{"line":73,"column":32}},"25":{"start":{"line":73,"column":25},"end":{"line":73,"column":32}},"26":{"start":{"line":76,"column":4},"end":{"line":79,"column":5}},"27":{"start":{"line":77,"column":6},"end":{"line":77,"column":81}},"28":{"start":{"line":78,"column":6},"end":{"line":78,"column":13}},"29":{"start":{"line":81,"column":24},"end":{"line":86,"column":5}},"30":{"start":{"line":89,"column":4},"end":{"line":89,"column":48}},"31":{"start":{"line":89,"column":24},"end":{"line":89,"column":46}},"32":{"start":{"line":90,"column":4},"end":{"line":90,"column":19}},"33":{"start":{"line":91,"column":4},"end":{"line":91,"column":19}},"34":{"start":{"line":92,"column":4},"end":{"line":92,"column":22}},"35":{"start":{"line":94,"column":4},"end":{"line":174,"column":5}},"36":{"start":{"line":96,"column":26},"end":{"line":102,"column":11}},"37":{"start":{"line":98,"column":21},"end":{"line":98,"column":39}},"38":{"start":{"line":99,"column":19},"end":{"line":102,"column":9}},"39":{"start":{"line":105,"column":25},"end":{"line":105,"column":40}},"40":{"start":{"line":106,"column":27},"end":{"line":111,"column":14}},"41":{"start":{"line":114,"column":24},"end":{"line":114,"column":44}},"42":{"start":{"line":115,"column":6},"end":{"line":115,"column":100}},"43":{"start":{"line":118,"column":23},"end":{"line":124,"column":8}},"44":{"start":{"line":127,"column":6},"end":{"line":129,"column":7}},"45":{"start":{"line":128,"column":8},"end":{"line":128,"column":51}},"46":{"start":{"line":132,"column":25},"end":{"line":137,"column":7}},"47":{"start":{"line":139,"column":6},"end":{"line":139,"column":49}},"48":{"start":{"line":139,"column":26},"end":{"line":139,"column":47}},"49":{"start":{"line":140,"column":6},"end":{"line":140,"column":25}},"50":{"start":{"line":143,"column":6},"end":{"line":143,"column":44}},"51":{"start":{"line":144,"column":6},"end":{"line":144,"column":25}},"52":{"start":{"line":146,"column":27},"end":{"line":146,"column":69}},"53":{"start":{"line":147,"column":6},"end":{"line":147,"column":29}},"54":{"start":{"line":150,"column":23},"end":{"line":155,"column":7}},"55":{"start":{"line":156,"column":6},"end":{"line":156,"column":47}},"56":{"start":{"line":156,"column":26},"end":{"line":156,"column":45}},"57":{"start":{"line":159,"column":6},"end":{"line":173,"column":8}},"58":{"start":{"line":168,"column":14},"end":{"line":168,"column":53}},"59":{"start":{"line":168,"column":34},"end":{"line":168,"column":51}},"60":{"start":{"line":169,"column":14},"end":{"line":169,"column":43}},"61":{"start":{"line":177,"column":27},"end":{"line":179,"column":3}},"62":{"start":{"line":178,"column":4},"end":{"line":178,"column":21}},"63":{"start":{"line":181,"column":2},"end":{"line":289,"column":4}},"64":{"start":{"line":199,"column":47},"end":{"line":199,"column":61}},"65":{"start":{"line":213,"column":14},"end":{"line":213,"column":58}},"66":{"start":{"line":230,"column":31},"end":{"line":230,"column":84}},"67":{"start":{"line":235,"column":31},"end":{"line":235,"column":101}},"68":{"start":{"line":240,"column":31},"end":{"line":240,"column":78}},"69":{"start":{"line":245,"column":31},"end":{"line":245,"column":83}},"70":{"start":{"line":293,"column":16},"end":{"line":293,"column":38}},"71":{"start":{"line":294,"column":18},"end":{"line":294,"column":42}},"72":{"start":{"line":295,"column":20},"end":{"line":295,"column":59}},"73":{"start":{"line":297,"column":2},"end":{"line":304,"column":9}},"74":{"start":{"line":298,"column":4},"end":{"line":303,"column":15}},"75":{"start":{"line":306,"column":2},"end":{"line":329,"column":4}},"76":{"start":{"line":333,"column":15},"end":{"line":333,"column":52}},"77":{"start":{"line":334,"column":15},"end":{"line":334,"column":52}},"78":{"start":{"line":335,"column":15},"end":{"line":335,"column":52}},"79":{"start":{"line":337,"column":2},"end":{"line":359,"column":9}},"80":{"start":{"line":338,"column":20},"end":{"line":354,"column":5}},"81":{"start":{"line":339,"column":6},"end":{"line":353,"column":16}},"82":{"start":{"line":356,"column":4},"end":{"line":356,"column":21}},"83":{"start":{"line":357,"column":4},"end":{"line":357,"column":23}},"84":{"start":{"line":358,"column":4},"end":{"line":358,"column":23}},"85":{"start":{"line":361,"column":2},"end":{"line":372,"column":4}},"86":{"start":{"line":376,"column":2},"end":{"line":381,"column":4}},"87":{"start":{"line":384,"column":15},"end":{"line":556,"column":2}}},"fnMap":{"0":{"name":"ChatScreen","decl":{"start":{"line":25,"column":24},"end":{"line":25,"column":34}},"loc":{"start":{"line":25,"column":37},"end":{"line":290,"column":1}},"line":25},"1":{"name":"(anonymous_1)","decl":{"start":{"line":47,"column":12},"end":{"line":47,"column":13}},"loc":{"start":{"line":47,"column":18},"end":{"line":57,"column":3}},"line":47},"2":{"name":"(anonymous_2)","decl":{"start":{"line":48,"column":49},"end":{"line":48,"column":50}},"loc":{"start":{"line":48,"column":58},"end":{"line":55,"column":5}},"line":48},"3":{"name":"(anonymous_3)","decl":{"start":{"line":56,"column":11},"end":{"line":56,"column":12}},"loc":{"start":{"line":56,"column":17},"end":{"line":56,"column":30}},"line":56},"4":{"name":"(anonymous_4)","decl":{"start":{"line":59,"column":12},"end":{"line":59,"column":13}},"loc":{"start":{"line":59,"column":18},"end":{"line":65,"column":3}},"line":59},"5":{"name":"(anonymous_5)","decl":{"start":{"line":67,"column":12},"end":{"line":67,"column":13}},"loc":{"start":{"line":67,"column":18},"end":{"line":70,"column":3}},"line":67},"6":{"name":"(anonymous_6)","decl":{"start":{"line":72,"column":21},"end":{"line":72,"column":22}},"loc":{"start":{"line":72,"column":33},"end":{"line":175,"column":3}},"line":72},"7":{"name":"(anonymous_7)","decl":{"start":{"line":89,"column":16},"end":{"line":89,"column":17}},"loc":{"start":{"line":89,"column":24},"end":{"line":89,"column":46}},"line":89},"8":{"name":"(anonymous_8)","decl":{"start":{"line":98,"column":16},"end":{"line":98,"column":17}},"loc":{"start":{"line":98,"column":21},"end":{"line":98,"column":39}},"line":98},"9":{"name":"(anonymous_9)","decl":{"start":{"line":99,"column":13},"end":{"line":99,"column":14}},"loc":{"start":{"line":99,"column":19},"end":{"line":102,"column":9}},"line":99},"10":{"name":"(anonymous_10)","decl":{"start":{"line":139,"column":18},"end":{"line":139,"column":19}},"loc":{"start":{"line":139,"column":26},"end":{"line":139,"column":47}},"line":139},"11":{"name":"(anonymous_11)","decl":{"start":{"line":156,"column":18},"end":{"line":156,"column":19}},"loc":{"start":{"line":156,"column":26},"end":{"line":156,"column":45}},"line":156},"12":{"name":"(anonymous_12)","decl":{"start":{"line":166,"column":21},"end":{"line":166,"column":22}},"loc":{"start":{"line":166,"column":27},"end":{"line":170,"column":13}},"line":166},"13":{"name":"(anonymous_13)","decl":{"start":{"line":168,"column":26},"end":{"line":168,"column":27}},"loc":{"start":{"line":168,"column":34},"end":{"line":168,"column":51}},"line":168},"14":{"name":"(anonymous_14)","decl":{"start":{"line":177,"column":27},"end":{"line":177,"column":28}},"loc":{"start":{"line":177,"column":37},"end":{"line":179,"column":3}},"line":177},"15":{"name":"(anonymous_15)","decl":{"start":{"line":199,"column":41},"end":{"line":199,"column":42}},"loc":{"start":{"line":199,"column":47},"end":{"line":199,"column":61}},"line":199},"16":{"name":"(anonymous_16)","decl":{"start":{"line":212,"column":26},"end":{"line":212,"column":27}},"loc":{"start":{"line":213,"column":14},"end":{"line":213,"column":58}},"line":213},"17":{"name":"(anonymous_17)","decl":{"start":{"line":230,"column":25},"end":{"line":230,"column":26}},"loc":{"start":{"line":230,"column":31},"end":{"line":230,"column":84}},"line":230},"18":{"name":"(anonymous_18)","decl":{"start":{"line":235,"column":25},"end":{"line":235,"column":26}},"loc":{"start":{"line":235,"column":31},"end":{"line":235,"column":101}},"line":235},"19":{"name":"(anonymous_19)","decl":{"start":{"line":240,"column":25},"end":{"line":240,"column":26}},"loc":{"start":{"line":240,"column":31},"end":{"line":240,"column":78}},"line":240},"20":{"name":"(anonymous_20)","decl":{"start":{"line":245,"column":25},"end":{"line":245,"column":26}},"loc":{"start":{"line":245,"column":31},"end":{"line":245,"column":83}},"line":245},"21":{"name":"MessageBubble","decl":{"start":{"line":292,"column":9},"end":{"line":292,"column":22}},"loc":{"start":{"line":292,"column":36},"end":{"line":330,"column":1}},"line":292},"22":{"name":"(anonymous_22)","decl":{"start":{"line":297,"column":12},"end":{"line":297,"column":13}},"loc":{"start":{"line":297,"column":18},"end":{"line":304,"column":3}},"line":297},"23":{"name":"TypingIndicator","decl":{"start":{"line":332,"column":9},"end":{"line":332,"column":24}},"loc":{"start":{"line":332,"column":27},"end":{"line":373,"column":1}},"line":332},"24":{"name":"(anonymous_24)","decl":{"start":{"line":337,"column":12},"end":{"line":337,"column":13}},"loc":{"start":{"line":337,"column":18},"end":{"line":359,"column":3}},"line":337},"25":{"name":"(anonymous_25)","decl":{"start":{"line":338,"column":20},"end":{"line":338,"column":21}},"loc":{"start":{"line":338,"column":36},"end":{"line":354,"column":5}},"line":338},"26":{"name":"SuggestionChip","decl":{"start":{"line":375,"column":9},"end":{"line":375,"column":23}},"loc":{"start":{"line":375,"column":49},"end":{"line":382,"column":1}},"line":375}},"branchMap":{"0":{"loc":{"start":{"line":49,"column":18},"end":{"line":49,"column":43}},"type":"binary-expr","locations":[{"start":{"line":49,"column":18},"end":{"line":49,"column":35}},{"start":{"line":49,"column":39},"end":{"line":49,"column":43}}],"line":49},"1":{"loc":{"start":{"line":50,"column":6},"end":{"line":54,"column":7}},"type":"if","locations":[{"start":{"line":50,"column":6},"end":{"line":54,"column":7}},{"start":{"line":52,"column":13},"end":{"line":54,"column":7}}],"line":50},"2":{"loc":{"start":{"line":52,"column":13},"end":{"line":54,"column":7}},"type":"if","locations":[{"start":{"line":52,"column":13},"end":{"line":54,"column":7}},{"start":{},"end":{}}],"line":52},"3":{"loc":{"start":{"line":73,"column":4},"end":{"line":73,"column":32}},"type":"if","locations":[{"start":{"line":73,"column":4},"end":{"line":73,"column":32}},{"start":{},"end":{}}],"line":73},"4":{"loc":{"start":{"line":76,"column":4},"end":{"line":79,"column":5}},"type":"if","locations":[{"start":{"line":76,"column":4},"end":{"line":79,"column":5}},{"start":{},"end":{}}],"line":76},"5":{"loc":{"start":{"line":100,"column":16},"end":{"line":100,"column":56}},"type":"cond-expr","locations":[{"start":{"line":100,"column":36},"end":{"line":100,"column":42}},{"start":{"line":100,"column":45},"end":{"line":100,"column":56}}],"line":100},"6":{"loc":{"start":{"line":106,"column":27},"end":{"line":111,"column":14}},"type":"cond-expr","locations":[{"start":{"line":106,"column":42},"end":{"line":111,"column":7}},{"start":{"line":111,"column":10},"end":{"line":111,"column":14}}],"line":106},"7":{"loc":{"start":{"line":115,"column":40},"end":{"line":115,"column":98}},"type":"cond-expr","locations":[{"start":{"line":115,"column":64},"end":{"line":115,"column":83}},{"start":{"line":115,"column":86},"end":{"line":115,"column":98}}],"line":115},"8":{"loc":{"start":{"line":120,"column":16},"end":{"line":120,"column":39}},"type":"binary-expr","locations":[{"start":{"line":120,"column":16},"end":{"line":120,"column":24}},{"start":{"line":120,"column":28},"end":{"line":120,"column":39}}],"line":120},"9":{"loc":{"start":{"line":123,"column":22},"end":{"line":123,"column":51}},"type":"binary-expr","locations":[{"start":{"line":123,"column":22},"end":{"line":123,"column":43}},{"start":{"line":123,"column":47},"end":{"line":123,"column":51}}],"line":123},"10":{"loc":{"start":{"line":127,"column":6},"end":{"line":129,"column":7}},"type":"if","locations":[{"start":{"line":127,"column":6},"end":{"line":129,"column":7}},{"start":{},"end":{}}],"line":127},"11":{"loc":{"start":{"line":127,"column":10},"end":{"line":127,"column":52}},"type":"binary-expr","locations":[{"start":{"line":127,"column":10},"end":{"line":127,"column":33}},{"start":{"line":127,"column":37},"end":{"line":127,"column":52}}],"line":127},"12":{"loc":{"start":{"line":146,"column":27},"end":{"line":146,"column":69}},"type":"binary-expr","locations":[{"start":{"line":146,"column":27},"end":{"line":146,"column":40}},{"start":{"line":146,"column":44},"end":{"line":146,"column":69}}],"line":146},"13":{"loc":{"start":{"line":190,"column":20},"end":{"line":190,"column":64}},"type":"cond-expr","locations":[{"start":{"line":190,"column":44},"end":{"line":190,"column":53}},{"start":{"line":190,"column":56},"end":{"line":190,"column":64}}],"line":190},"14":{"loc":{"start":{"line":195,"column":11},"end":{"line":203,"column":11}},"type":"binary-expr","locations":[{"start":{"line":195,"column":11},"end":{"line":195,"column":16}},{"start":{"line":196,"column":12},"end":{"line":202,"column":19}}],"line":195},"15":{"loc":{"start":{"line":217,"column":13},"end":{"line":217,"column":44}},"type":"binary-expr","locations":[{"start":{"line":217,"column":13},"end":{"line":217,"column":21}},{"start":{"line":217,"column":25},"end":{"line":217,"column":44}}],"line":217},"16":{"loc":{"start":{"line":221,"column":11},"end":{"line":248,"column":11}},"type":"binary-expr","locations":[{"start":{"line":221,"column":11},"end":{"line":221,"column":31}},{"start":{"line":222,"column":12},"end":{"line":247,"column":25}}],"line":221},"17":{"loc":{"start":{"line":262,"column":26},"end":{"line":262,"column":47}},"type":"binary-expr","locations":[{"start":{"line":262,"column":26},"end":{"line":262,"column":35}},{"start":{"line":262,"column":39},"end":{"line":262,"column":47}}],"line":262},"18":{"loc":{"start":{"line":265,"column":43},"end":{"line":265,"column":114}},"type":"binary-expr","locations":[{"start":{"line":265,"column":44},"end":{"line":265,"column":59}},{"start":{"line":265,"column":63},"end":{"line":265,"column":71}},{"start":{"line":265,"column":75},"end":{"line":265,"column":84}},{"start":{"line":265,"column":89},"end":{"line":265,"column":114}}],"line":265},"19":{"loc":{"start":{"line":267,"column":26},"end":{"line":267,"column":66}},"type":"binary-expr","locations":[{"start":{"line":267,"column":26},"end":{"line":267,"column":41}},{"start":{"line":267,"column":45},"end":{"line":267,"column":53}},{"start":{"line":267,"column":57},"end":{"line":267,"column":66}}],"line":267},"20":{"loc":{"start":{"line":271,"column":26},"end":{"line":271,"column":111}},"type":"cond-expr","locations":[{"start":{"line":271,"column":68},"end":{"line":271,"column":86}},{"start":{"line":271,"column":89},"end":{"line":271,"column":111}}],"line":271},"21":{"loc":{"start":{"line":271,"column":26},"end":{"line":271,"column":65}},"type":"binary-expr","locations":[{"start":{"line":271,"column":26},"end":{"line":271,"column":40}},{"start":{"line":271,"column":44},"end":{"line":271,"column":52}},{"start":{"line":271,"column":56},"end":{"line":271,"column":65}}],"line":271},"22":{"loc":{"start":{"line":274,"column":19},"end":{"line":278,"column":19}},"type":"cond-expr","locations":[{"start":{"line":275,"column":20},"end":{"line":275,"column":68}},{"start":{"line":277,"column":20},"end":{"line":277,"column":68}}],"line":274},"23":{"loc":{"start":{"line":282,"column":13},"end":{"line":284,"column":13}},"type":"binary-expr","locations":[{"start":{"line":282,"column":13},"end":{"line":282,"column":22}},{"start":{"line":283,"column":14},"end":{"line":283,"column":69}}],"line":282},"24":{"loc":{"start":{"line":309,"column":6},"end":{"line":309,"column":50}},"type":"cond-expr","locations":[{"start":{"line":309,"column":14},"end":{"line":309,"column":30}},{"start":{"line":309,"column":33},"end":{"line":309,"column":50}}],"line":309},"25":{"loc":{"start":{"line":312,"column":7},"end":{"line":316,"column":7}},"type":"binary-expr","locations":[{"start":{"line":312,"column":7},"end":{"line":312,"column":12}},{"start":{"line":313,"column":8},"end":{"line":315,"column":15}}],"line":312},"26":{"loc":{"start":{"line":319,"column":8},"end":{"line":319,"column":86}},"type":"cond-expr","locations":[{"start":{"line":319,"column":16},"end":{"line":319,"column":33}},{"start":{"line":319,"column":36},"end":{"line":319,"column":86}}],"line":319},"27":{"loc":{"start":{"line":319,"column":36},"end":{"line":319,"column":86}},"type":"cond-expr","locations":[{"start":{"line":319,"column":46},"end":{"line":319,"column":65}},{"start":{"line":319,"column":68},"end":{"line":319,"column":86}}],"line":319},"28":{"loc":{"start":{"line":323,"column":10},"end":{"line":323,"column":79}},"type":"cond-expr","locations":[{"start":{"line":323,"column":18},"end":{"line":323,"column":32}},{"start":{"line":323,"column":35},"end":{"line":323,"column":79}}],"line":323},"29":{"loc":{"start":{"line":323,"column":35},"end":{"line":323,"column":79}},"type":"cond-expr","locations":[{"start":{"line":323,"column":45},"end":{"line":323,"column":61}},{"start":{"line":323,"column":64},"end":{"line":323,"column":79}}],"line":323}},"s":{"0":0,"1":0,"2":0,"3":0,"4":0,"5":0,"6":0,"7":0,"8":0,"9":0,"10":0,"11":0,"12":0,"13":0,"14":0,"15":0,"16":0,"17":0,"18":0,"19":0,"20":0,"21":0,"22":0,"23":0,"24":0,"25":0,"26":0,"27":0,"28":0,"29":0,"30":0,"31":0,"32":0,"33":0,"34":0,"35":0,"36":0,"37":0,"38":0,"39":0,"40":0,"41":0,"42":0,"43":0,"44":0,"45":0,"46":0,"47":0,"48":0,"49":0,"50":0,"51":0,"52":0,"53":0,"54":0,"55":0,"56":0,"57":0,"58":0,"59":0,"60":0,"61":0,"62":0,"63":0,"64":0,"65":0,"66":0,"67":0,"68":0,"69":0,"70":0,"71":0,"72":0,"73":0,"74":0,"75":0,"76":0,"77":0,"78":0,"79":0,"80":0,"81":0,"82":0,"83":0,"84":0,"85":0,"86":0,"87":0},"f":{"0":0,"1":0,"2":0,"3":0,"4":0,"5":0,"6":0,"7":0,"8":0,"9":0,"10":0,"11":0,"12":0,"13":0,"14":0,"15":0,"16":0,"17":0,"18":0,"19":0,"20":0,"21":0,"22":0,"23":0,"24":0,"25":0,"26":0},"b":{"0":[0,0],"1":[0,0],"2":[0,0],"3":[0,0],"4":[0,0],"5":[0,0],"6":[0,0],"7":[0,0],"8":[0,0],"9":[0,0],"10":[0,0],"11":[0,0],"12":[0,0],"13":[0,0],"14":[0,0],"15":[0,0],"16":[0,0],"17":[0,0],"18":[0,0,0,0],"19":[0,0,0],"20":[0,0],"21":[0,0,0],"22":[0,0],"23":[0,0],"24":[0,0],"25":[0,0],"26":[0,0],"27":[0,0],"28":[0,0],"29":[0,0]}}
,"/Users/remibeaurain/astroia-app/app/(tabs)/home.tsx": {"path":"/Users/remibeaurain/astroia-app/app/(tabs)/home.tsx","statementMap":{"0":{"start":{"line":28,"column":17},"end":{"line":28,"column":28}},"1":{"start":{"line":31,"column":42},"end":{"line":31,"column":64}},"2":{"start":{"line":34,"column":40},"end":{"line":34,"column":57}},"3":{"start":{"line":37,"column":78},"end":{"line":37,"column":103}},"4":{"start":{"line":40,"column":36},"end":{"line":40,"column":51}},"5":{"start":{"line":43,"column":21},"end":{"line":43,"column":39}},"6":{"start":{"line":46,"column":2},"end":{"line":50,"column":60}},"7":{"start":{"line":47,"column":4},"end":{"line":49,"column":5}},"8":{"start":{"line":48,"column":6},"end":{"line":48,"column":32}},"9":{"start":{"line":52,"column":2},"end":{"line":54,"column":9}},"10":{"start":{"line":53,"column":4},"end":{"line":53,"column":24}},"11":{"start":{"line":56,"column":28},"end":{"line":59,"column":3}},"12":{"start":{"line":57,"column":19},"end":{"line":57,"column":43}},"13":{"start":{"line":58,"column":4},"end":{"line":58,"column":25}},"14":{"start":{"line":62,"column":20},"end":{"line":62,"column":41}},"15":{"start":{"line":63,"column":16},"end":{"line":68,"column":10}},"16":{"start":{"line":71,"column":22},"end":{"line":71,"column":63}},"17":{"start":{"line":71,"column":36},"end":{"line":71,"column":58}},"18":{"start":{"line":72,"column":19},"end":{"line":72,"column":42}},"19":{"start":{"line":73,"column":17},"end":{"line":73,"column":35}},"20":{"start":{"line":74,"column":26},"end":{"line":74,"column":79}},"21":{"start":{"line":74,"column":40},"end":{"line":74,"column":63}},"22":{"start":{"line":77,"column":27},"end":{"line":102,"column":14}},"23":{"start":{"line":78,"column":4},"end":{"line":78,"column":20}},"24":{"start":{"line":79,"column":19},"end":{"line":79,"column":43}},"25":{"start":{"line":81,"column":4},"end":{"line":98,"column":5}},"26":{"start":{"line":82,"column":6},"end":{"line":82,"column":24}},"27":{"start":{"line":83,"column":6},"end":{"line":96,"column":8}},"28":{"start":{"line":91,"column":14},"end":{"line":91,"column":31}},"29":{"start":{"line":92,"column":14},"end":{"line":92,"column":47}},"30":{"start":{"line":97,"column":6},"end":{"line":97,"column":13}},"31":{"start":{"line":100,"column":4},"end":{"line":100,"column":46}},"32":{"start":{"line":101,"column":4},"end":{"line":101,"column":32}},"33":{"start":{"line":104,"column":22},"end":{"line":108,"column":14}},"34":{"start":{"line":105,"column":4},"end":{"line":105,"column":20}},"35":{"start":{"line":106,"column":4},"end":{"line":106,"column":46}},"36":{"start":{"line":107,"column":4},"end":{"line":107,"column":28}},"37":{"start":{"line":110,"column":27},"end":{"line":114,"column":14}},"38":{"start":{"line":111,"column":4},"end":{"line":111,"column":20}},"39":{"start":{"line":112,"column":4},"end":{"line":112,"column":46}},"40":{"start":{"line":113,"column":4},"end":{"line":113,"column":30}},"41":{"start":{"line":116,"column":30},"end":{"line":120,"column":14}},"42":{"start":{"line":117,"column":4},"end":{"line":117,"column":20}},"43":{"start":{"line":118,"column":4},"end":{"line":118,"column":49}},"44":{"start":{"line":119,"column":4},"end":{"line":119,"column":37}},"45":{"start":{"line":122,"column":27},"end":{"line":126,"column":14}},"46":{"start":{"line":123,"column":4},"end":{"line":123,"column":20}},"47":{"start":{"line":124,"column":4},"end":{"line":124,"column":46}},"48":{"start":{"line":125,"column":4},"end":{"line":125,"column":34}},"49":{"start":{"line":128,"column":23},"end":{"line":147,"column":14}},"50":{"start":{"line":129,"column":4},"end":{"line":129,"column":21}},"51":{"start":{"line":130,"column":4},"end":{"line":130,"column":56}},"52":{"start":{"line":132,"column":43},"end":{"line":139,"column":5}},"53":{"start":{"line":141,"column":24},"end":{"line":141,"column":39}},"54":{"start":{"line":142,"column":4},"end":{"line":146,"column":5}},"55":{"start":{"line":143,"column":6},"end":{"line":143,"column":38}},"56":{"start":{"line":145,"column":6},"end":{"line":145,"column":70}},"57":{"start":{"line":150,"column":2},"end":{"line":152,"column":9}},"58":{"start":{"line":151,"column":4},"end":{"line":151,"column":35}},"59":{"start":{"line":154,"column":2},"end":{"line":288,"column":4}},"60":{"start":{"line":227,"column":18},"end":{"line":227,"column":34}},"61":{"start":{"line":228,"column":18},"end":{"line":228,"column":49}},"62":{"start":{"line":245,"column":16},"end":{"line":245,"column":32}},"63":{"start":{"line":246,"column":16},"end":{"line":246,"column":49}},"64":{"start":{"line":291,"column":15},"end":{"line":312,"column":2}}},"fnMap":{"0":{"name":"Home","decl":{"start":{"line":27,"column":24},"end":{"line":27,"column":28}},"loc":{"start":{"line":27,"column":31},"end":{"line":289,"column":1}},"line":27},"1":{"name":"(anonymous_1)","decl":{"start":{"line":46,"column":12},"end":{"line":46,"column":13}},"loc":{"start":{"line":46,"column":18},"end":{"line":50,"column":3}},"line":46},"2":{"name":"(anonymous_2)","decl":{"start":{"line":52,"column":12},"end":{"line":52,"column":13}},"loc":{"start":{"line":52,"column":18},"end":{"line":54,"column":3}},"line":52},"3":{"name":"(anonymous_3)","decl":{"start":{"line":56,"column":28},"end":{"line":56,"column":29}},"loc":{"start":{"line":56,"column":40},"end":{"line":59,"column":3}},"line":56},"4":{"name":"(anonymous_4)","decl":{"start":{"line":71,"column":30},"end":{"line":71,"column":31}},"loc":{"start":{"line":71,"column":36},"end":{"line":71,"column":58}},"line":71},"5":{"name":"(anonymous_5)","decl":{"start":{"line":74,"column":34},"end":{"line":74,"column":35}},"loc":{"start":{"line":74,"column":40},"end":{"line":74,"column":63}},"line":74},"6":{"name":"(anonymous_6)","decl":{"start":{"line":77,"column":39},"end":{"line":77,"column":40}},"loc":{"start":{"line":77,"column":51},"end":{"line":102,"column":3}},"line":77},"7":{"name":"(anonymous_7)","decl":{"start":{"line":90,"column":21},"end":{"line":90,"column":22}},"loc":{"start":{"line":90,"column":27},"end":{"line":93,"column":13}},"line":90},"8":{"name":"(anonymous_8)","decl":{"start":{"line":104,"column":34},"end":{"line":104,"column":35}},"loc":{"start":{"line":104,"column":40},"end":{"line":108,"column":3}},"line":104},"9":{"name":"(anonymous_9)","decl":{"start":{"line":110,"column":39},"end":{"line":110,"column":40}},"loc":{"start":{"line":110,"column":45},"end":{"line":114,"column":3}},"line":110},"10":{"name":"(anonymous_10)","decl":{"start":{"line":116,"column":42},"end":{"line":116,"column":43}},"loc":{"start":{"line":116,"column":48},"end":{"line":120,"column":3}},"line":116},"11":{"name":"(anonymous_11)","decl":{"start":{"line":122,"column":39},"end":{"line":122,"column":40}},"loc":{"start":{"line":122,"column":45},"end":{"line":126,"column":3}},"line":122},"12":{"name":"(anonymous_12)","decl":{"start":{"line":128,"column":35},"end":{"line":128,"column":36}},"loc":{"start":{"line":128,"column":56},"end":{"line":147,"column":3}},"line":128},"13":{"name":"(anonymous_13)","decl":{"start":{"line":150,"column":12},"end":{"line":150,"column":13}},"loc":{"start":{"line":150,"column":18},"end":{"line":152,"column":3}},"line":150},"14":{"name":"(anonymous_14)","decl":{"start":{"line":226,"column":25},"end":{"line":226,"column":26}},"loc":{"start":{"line":226,"column":31},"end":{"line":229,"column":17}},"line":226},"15":{"name":"(anonymous_15)","decl":{"start":{"line":244,"column":23},"end":{"line":244,"column":24}},"loc":{"start":{"line":244,"column":29},"end":{"line":247,"column":15}},"line":244}},"branchMap":{"0":{"loc":{"start":{"line":47,"column":4},"end":{"line":49,"column":5}},"type":"if","locations":[{"start":{"line":47,"column":4},"end":{"line":49,"column":5}},{"start":{},"end":{}}],"line":47},"1":{"loc":{"start":{"line":47,"column":8},"end":{"line":47,"column":46}},"type":"binary-expr","locations":[{"start":{"line":47,"column":8},"end":{"line":47,"column":25}},{"start":{"line":47,"column":29},"end":{"line":47,"column":46}}],"line":47},"2":{"loc":{"start":{"line":63,"column":16},"end":{"line":68,"column":10}},"type":"cond-expr","locations":[{"start":{"line":63,"column":28},"end":{"line":68,"column":3}},{"start":{"line":68,"column":6},"end":{"line":68,"column":10}}],"line":63},"3":{"loc":{"start":{"line":64,"column":45},"end":{"line":64,"column":86}},"type":"cond-expr","locations":[{"start":{"line":64,"column":68},"end":{"line":64,"column":81}},{"start":{"line":64,"column":84},"end":{"line":64,"column":86}}],"line":64},"4":{"loc":{"start":{"line":81,"column":4},"end":{"line":98,"column":5}},"type":"if","locations":[{"start":{"line":81,"column":4},"end":{"line":98,"column":5}},{"start":{},"end":{}}],"line":81},"5":{"loc":{"start":{"line":142,"column":4},"end":{"line":146,"column":5}},"type":"if","locations":[{"start":{"line":142,"column":4},"end":{"line":146,"column":5}},{"start":{"line":144,"column":11},"end":{"line":146,"column":5}}],"line":142},"6":{"loc":{"start":{"line":166,"column":22},"end":{"line":166,"column":104}},"type":"cond-expr","locations":[{"start":{"line":166,"column":57},"end":{"line":166,"column":93}},{"start":{"line":166,"column":96},"end":{"line":166,"column":104}}],"line":166},"7":{"loc":{"start":{"line":166,"column":22},"end":{"line":166,"column":54}},"type":"binary-expr","locations":[{"start":{"line":166,"column":22},"end":{"line":166,"column":32}},{"start":{"line":166,"column":36},"end":{"line":166,"column":45}},{"start":{"line":166,"column":49},"end":{"line":166,"column":54}}],"line":166},"8":{"loc":{"start":{"line":190,"column":15},"end":{"line":194,"column":23}},"type":"cond-expr","locations":[{"start":{"line":190,"column":33},"end":{"line":194,"column":11}},{"start":{"line":194,"column":14},"end":{"line":194,"column":23}}],"line":190},"9":{"loc":{"start":{"line":195,"column":16},"end":{"line":199,"column":23}},"type":"cond-expr","locations":[{"start":{"line":195,"column":35},"end":{"line":199,"column":11}},{"start":{"line":199,"column":14},"end":{"line":199,"column":23}}],"line":195},"10":{"loc":{"start":{"line":200,"column":21},"end":{"line":204,"column":23}},"type":"cond-expr","locations":[{"start":{"line":200,"column":41},"end":{"line":204,"column":11}},{"start":{"line":204,"column":14},"end":{"line":204,"column":23}}],"line":200},"11":{"loc":{"start":{"line":209,"column":9},"end":{"line":264,"column":9}},"type":"binary-expr","locations":[{"start":{"line":209,"column":9},"end":{"line":209,"column":19}},{"start":{"line":210,"column":10},"end":{"line":263,"column":13}}],"line":209},"12":{"loc":{"start":{"line":212,"column":13},"end":{"line":231,"column":13}},"type":"cond-expr","locations":[{"start":{"line":213,"column":14},"end":{"line":219,"column":16}},{"start":{"line":221,"column":14},"end":{"line":230,"column":16}}],"line":212},"13":{"loc":{"start":{"line":212,"column":13},"end":{"line":212,"column":31}},"type":"binary-expr","locations":[{"start":{"line":212,"column":13},"end":{"line":212,"column":22}},{"start":{"line":212,"column":26},"end":{"line":212,"column":31}}],"line":212}},"s":{"0":0,"1":0,"2":0,"3":0,"4":0,"5":0,"6":0,"7":0,"8":0,"9":0,"10":0,"11":0,"12":0,"13":0,"14":0,"15":0,"16":0,"17":0,"18":0,"19":0,"20":0,"21":0,"22":0,"23":0,"24":0,"25":0,"26":0,"27":0,"28":0,"29":0,"30":0,"31":0,"32":0,"33":0,"34":0,"35":0,"36":0,"37":0,"38":0,"39":0,"40":0,"41":0,"42":0,"43":0,"44":0,"45":0,"46":0,"47":0,"48":0,"49":0,"50":0,"51":0,"52":0,"53":0,"54":0,"55":0,"56":0,"57":0,"58":0,"59":0,"60":0,"61":0,"62":0,"63":0,"64":0},"f":{"0":0,"1":0,"2":0,"3":0,"4":0,"5":0,"6":0,"7":0,"8":0,"9":0,"10":0,"11":0,"12":0,"13":0,"14":0,"15":0},"b":{"0":[0,0],"1":[0,0],"2":[0,0],"3":[0,0],"4":[0,0],"5":[0,0],"6":[0,0],"7":[0,0,0],"8":[0,0],"9":[0,0],"10":[0,0],"11":[0,0],"12":[0,0],"13":[0,0]}}
,"/Users/remibeaurain/astroia-app/app/(tabs)/lunar-month.js": {"path":"/Users/remibeaurain/astroia-app/app/(tabs)/lunar-month.js","statementMap":{"0":{"start":{"line":12,"column":21},"end":{"line":17,"column":1}},"1":{"start":{"line":20,"column":21},"end":{"line":27,"column":1}},"2":{"start":{"line":21,"column":2},"end":{"line":21,"column":23}},"3":{"start":{"line":21,"column":13},"end":{"line":21,"column":23}},"4":{"start":{"line":22,"column":12},"end":{"line":22,"column":26}},"5":{"start":{"line":23,"column":14},"end":{"line":23,"column":50}},"6":{"start":{"line":24,"column":16},"end":{"line":24,"column":57}},"7":{"start":{"line":25,"column":15},"end":{"line":25,"column":30}},"8":{"start":{"line":26,"column":2},"end":{"line":26,"column":35}},"9":{"start":{"line":30,"column":30},"end":{"line":30,"column":44}},"10":{"start":{"line":31,"column":36},"end":{"line":31,"column":50}},"11":{"start":{"line":32,"column":28},"end":{"line":32,"column":42}},"12":{"start":{"line":33,"column":36},"end":{"line":33,"column":50}},"13":{"start":{"line":34,"column":36},"end":{"line":34,"column":50}},"14":{"start":{"line":37,"column":2},"end":{"line":39,"column":9}},"15":{"start":{"line":38,"column":4},"end":{"line":38,"column":15}},"16":{"start":{"line":41,"column":19},"end":{"line":62,"column":3}},"17":{"start":{"line":42,"column":4},"end":{"line":61,"column":5}},"18":{"start":{"line":43,"column":51},"end":{"line":43,"column":80}},"19":{"start":{"line":45,"column":6},"end":{"line":47,"column":7}},"20":{"start":{"line":46,"column":8},"end":{"line":46,"column":24}},"21":{"start":{"line":49,"column":6},"end":{"line":53,"column":7}},"22":{"start":{"line":50,"column":8},"end":{"line":50,"column":76}},"23":{"start":{"line":51,"column":8},"end":{"line":51,"column":28}},"24":{"start":{"line":52,"column":8},"end":{"line":52,"column":15}},"25":{"start":{"line":55,"column":6},"end":{"line":55,"column":25}},"26":{"start":{"line":56,"column":6},"end":{"line":56,"column":29}},"27":{"start":{"line":58,"column":6},"end":{"line":58,"column":74}},"28":{"start":{"line":59,"column":6},"end":{"line":59,"column":118}},"29":{"start":{"line":60,"column":6},"end":{"line":60,"column":26}},"30":{"start":{"line":64,"column":24},"end":{"line":90,"column":3}},"31":{"start":{"line":65,"column":4},"end":{"line":89,"column":5}},"32":{"start":{"line":66,"column":6},"end":{"line":66,"column":25}},"33":{"start":{"line":67,"column":6},"end":{"line":67,"column":21}},"34":{"start":{"line":70,"column":20},"end":{"line":70,"column":80}},"35":{"start":{"line":73,"column":20},"end":{"line":73,"column":82}},"36":{"start":{"line":75,"column":6},"end":{"line":80,"column":7}},"37":{"start":{"line":77,"column":8},"end":{"line":77,"column":64}},"38":{"start":{"line":78,"column":8},"end":{"line":78,"column":28}},"39":{"start":{"line":79,"column":8},"end":{"line":79,"column":15}},"40":{"start":{"line":82,"column":6},"end":{"line":82,"column":26}},"41":{"start":{"line":83,"column":6},"end":{"line":83,"column":26}},"42":{"start":{"line":84,"column":6},"end":{"line":84,"column":26}},"43":{"start":{"line":86,"column":6},"end":{"line":86,"column":66}},"44":{"start":{"line":87,"column":6},"end":{"line":87,"column":118}},"45":{"start":{"line":88,"column":6},"end":{"line":88,"column":26}},"46":{"start":{"line":92,"column":22},"end":{"line":98,"column":3}},"47":{"start":{"line":93,"column":4},"end":{"line":97,"column":5}},"48":{"start":{"line":94,"column":6},"end":{"line":94,"column":28}},"49":{"start":{"line":96,"column":6},"end":{"line":96,"column":17}},"50":{"start":{"line":100,"column":2},"end":{"line":225,"column":4}},"51":{"start":{"line":228,"column":15},"end":{"line":429,"column":2}}},"fnMap":{"0":{"name":"(anonymous_0)","decl":{"start":{"line":20,"column":21},"end":{"line":20,"column":22}},"loc":{"start":{"line":20,"column":31},"end":{"line":27,"column":1}},"line":20},"1":{"name":"LunarMonthScreen","decl":{"start":{"line":29,"column":24},"end":{"line":29,"column":40}},"loc":{"start":{"line":29,"column":43},"end":{"line":226,"column":1}},"line":29},"2":{"name":"(anonymous_2)","decl":{"start":{"line":37,"column":12},"end":{"line":37,"column":13}},"loc":{"start":{"line":37,"column":18},"end":{"line":39,"column":3}},"line":37},"3":{"name":"(anonymous_3)","decl":{"start":{"line":41,"column":19},"end":{"line":41,"column":20}},"loc":{"start":{"line":41,"column":31},"end":{"line":62,"column":3}},"line":41},"4":{"name":"(anonymous_4)","decl":{"start":{"line":64,"column":24},"end":{"line":64,"column":25}},"loc":{"start":{"line":64,"column":42},"end":{"line":90,"column":3}},"line":64},"5":{"name":"(anonymous_5)","decl":{"start":{"line":92,"column":22},"end":{"line":92,"column":23}},"loc":{"start":{"line":92,"column":28},"end":{"line":98,"column":3}},"line":92}},"branchMap":{"0":{"loc":{"start":{"line":21,"column":2},"end":{"line":21,"column":23}},"type":"if","locations":[{"start":{"line":21,"column":2},"end":{"line":21,"column":23}},{"start":{},"end":{}}],"line":21},"1":{"loc":{"start":{"line":45,"column":6},"end":{"line":47,"column":7}},"type":"if","locations":[{"start":{"line":45,"column":6},"end":{"line":47,"column":7}},{"start":{},"end":{}}],"line":45},"2":{"loc":{"start":{"line":49,"column":6},"end":{"line":53,"column":7}},"type":"if","locations":[{"start":{"line":49,"column":6},"end":{"line":53,"column":7}},{"start":{},"end":{}}],"line":49},"3":{"loc":{"start":{"line":75,"column":6},"end":{"line":80,"column":7}},"type":"if","locations":[{"start":{"line":75,"column":6},"end":{"line":80,"column":7}},{"start":{},"end":{}}],"line":75},"4":{"loc":{"start":{"line":93,"column":4},"end":{"line":97,"column":5}},"type":"if","locations":[{"start":{"line":93,"column":4},"end":{"line":97,"column":5}},{"start":{"line":95,"column":11},"end":{"line":97,"column":5}}],"line":93},"5":{"loc":{"start":{"line":117,"column":11},"end":{"line":122,"column":11}},"type":"binary-expr","locations":[{"start":{"line":117,"column":11},"end":{"line":117,"column":20}},{"start":{"line":118,"column":12},"end":{"line":121,"column":19}}],"line":117},"6":{"loc":{"start":{"line":125,"column":11},"end":{"line":146,"column":11}},"type":"binary-expr","locations":[{"start":{"line":125,"column":11},"end":{"line":125,"column":16}},{"start":{"line":125,"column":20},"end":{"line":125,"column":30}},{"start":{"line":126,"column":12},"end":{"line":145,"column":19}}],"line":125},"7":{"loc":{"start":{"line":149,"column":11},"end":{"line":221,"column":11}},"type":"binary-expr","locations":[{"start":{"line":149,"column":11},"end":{"line":149,"column":21}},{"start":{"line":149,"column":25},"end":{"line":149,"column":31}},{"start":{"line":149,"column":35},"end":{"line":149,"column":44}},{"start":{"line":149,"column":48},"end":{"line":149,"column":57}},{"start":{"line":150,"column":12},"end":{"line":220,"column":15}}],"line":149},"8":{"loc":{"start":{"line":199,"column":23},"end":{"line":199,"column":71}},"type":"binary-expr","locations":[{"start":{"line":199,"column":23},"end":{"line":199,"column":52}},{"start":{"line":199,"column":56},"end":{"line":199,"column":71}}],"line":199},"9":{"loc":{"start":{"line":203,"column":21},"end":{"line":203,"column":177}},"type":"binary-expr","locations":[{"start":{"line":203,"column":21},"end":{"line":203,"column":48}},{"start":{"line":203,"column":52},"end":{"line":203,"column":177}}],"line":203},"10":{"loc":{"start":{"line":204,"column":21},"end":{"line":204,"column":169}},"type":"binary-expr","locations":[{"start":{"line":204,"column":21},"end":{"line":204,"column":47}},{"start":{"line":204,"column":51},"end":{"line":204,"column":169}}],"line":204},"11":{"loc":{"start":{"line":205,"column":21},"end":{"line":205,"column":171}},"type":"binary-expr","locations":[{"start":{"line":205,"column":21},"end":{"line":205,"column":47}},{"start":{"line":205,"column":51},"end":{"line":205,"column":171}}],"line":205},"12":{"loc":{"start":{"line":206,"column":21},"end":{"line":206,"column":170}},"type":"binary-expr","locations":[{"start":{"line":206,"column":21},"end":{"line":206,"column":54}},{"start":{"line":206,"column":58},"end":{"line":206,"column":170}}],"line":206}},"s":{"0":0,"1":0,"2":0,"3":0,"4":0,"5":0,"6":0,"7":0,"8":0,"9":0,"10":0,"11":0,"12":0,"13":0,"14":0,"15":0,"16":0,"17":0,"18":0,"19":0,"20":0,"21":0,"22":0,"23":0,"24":0,"25":0,"26":0,"27":0,"28":0,"29":0,"30":0,"31":0,"32":0,"33":0,"34":0,"35":0,"36":0,"37":0,"38":0,"39":0,"40":0,"41":0,"42":0,"43":0,"44":0,"45":0,"46":0,"47":0,"48":0,"49":0,"50":0,"51":0},"f":{"0":0,"1":0,"2":0,"3":0,"4":0,"5":0},"b":{"0":[0,0],"1":[0,0],"2":[0,0],"3":[0,0],"4":[0,0],"5":[0,0],"6":[0,0,0],"7":[0,0,0,0,0],"8":[0,0],"9":[0,0],"10":[0,0],"11":[0,0],"12":[0,0]}}
,"/Users/remibeaurain/astroia-app/app/(tabs)/profile.js": {"path":"/Users/remibeaurain/astroia-app/app/(tabs)/profile.js","statementMap":{"0":{"start":{"line":14,"column":17},"end":{"line":14,"column":28}},"1":{"start":{"line":24,"column":6},"end":{"line":24,"column":23}},"2":{"start":{"line":26,"column":42},"end":{"line":26,"column":59}},"3":{"start":{"line":27,"column":46},"end":{"line":27,"column":61}},"4":{"start":{"line":28,"column":46},"end":{"line":28,"column":61}},"5":{"start":{"line":29,"column":34},"end":{"line":29,"column":49}},"6":{"start":{"line":30,"column":52},"end":{"line":30,"column":67}},"7":{"start":{"line":31,"column":46},"end":{"line":31,"column":61}},"8":{"start":{"line":34,"column":19},"end":{"line":34,"column":56}},"9":{"start":{"line":36,"column":2},"end":{"line":46,"column":9}},"10":{"start":{"line":38,"column":4},"end":{"line":38,"column":48}},"11":{"start":{"line":39,"column":4},"end":{"line":39,"column":18}},"12":{"start":{"line":41,"column":4},"end":{"line":45,"column":15}},"13":{"start":{"line":49,"column":2},"end":{"line":52,"column":16}},"14":{"start":{"line":50,"column":4},"end":{"line":50,"column":53}},"15":{"start":{"line":51,"column":4},"end":{"line":51,"column":29}},"16":{"start":{"line":54,"column":27},"end":{"line":68,"column":3}},"17":{"start":{"line":55,"column":4},"end":{"line":55,"column":45}},"18":{"start":{"line":56,"column":4},"end":{"line":67,"column":5}},"19":{"start":{"line":58,"column":24},"end":{"line":63,"column":7}},"20":{"start":{"line":64,"column":6},"end":{"line":64,"column":92}},"21":{"start":{"line":65,"column":6},"end":{"line":65,"column":65}},"22":{"start":{"line":66,"column":6},"end":{"line":66,"column":42}},"23":{"start":{"line":70,"column":27},"end":{"line":84,"column":3}},"24":{"start":{"line":71,"column":4},"end":{"line":71,"column":45}},"25":{"start":{"line":72,"column":4},"end":{"line":83,"column":5}},"26":{"start":{"line":74,"column":24},"end":{"line":79,"column":7}},"27":{"start":{"line":80,"column":6},"end":{"line":80,"column":92}},"28":{"start":{"line":81,"column":6},"end":{"line":81,"column":65}},"29":{"start":{"line":82,"column":6},"end":{"line":82,"column":42}},"30":{"start":{"line":86,"column":30},"end":{"line":132,"column":3}},"31":{"start":{"line":87,"column":4},"end":{"line":90,"column":5}},"32":{"start":{"line":88,"column":6},"end":{"line":88,"column":76}},"33":{"start":{"line":89,"column":6},"end":{"line":89,"column":13}},"34":{"start":{"line":92,"column":4},"end":{"line":92,"column":31}},"35":{"start":{"line":94,"column":4},"end":{"line":131,"column":5}},"36":{"start":{"line":96,"column":22},"end":{"line":96,"column":78}},"37":{"start":{"line":99,"column":21},"end":{"line":99,"column":77}},"38":{"start":{"line":102,"column":29},"end":{"line":108,"column":7}},"39":{"start":{"line":110,"column":6},"end":{"line":110,"column":38}},"40":{"start":{"line":111,"column":6},"end":{"line":111,"column":43}},"41":{"start":{"line":112,"column":6},"end":{"line":112,"column":44}},"42":{"start":{"line":113,"column":6},"end":{"line":113,"column":43}},"43":{"start":{"line":114,"column":6},"end":{"line":114,"column":51}},"44":{"start":{"line":116,"column":6},"end":{"line":116,"column":30}},"45":{"start":{"line":118,"column":6},"end":{"line":122,"column":8}},"46":{"start":{"line":124,"column":6},"end":{"line":128,"column":8}},"47":{"start":{"line":130,"column":6},"end":{"line":130,"column":34}},"48":{"start":{"line":134,"column":28},"end":{"line":157,"column":3}},"49":{"start":{"line":136,"column":23},"end":{"line":136,"column":52}},"50":{"start":{"line":138,"column":4},"end":{"line":142,"column":5}},"51":{"start":{"line":139,"column":25},"end":{"line":139,"column":60}},"52":{"start":{"line":140,"column":6},"end":{"line":140,"column":50}},"53":{"start":{"line":141,"column":6},"end":{"line":141,"column":13}},"54":{"start":{"line":144,"column":4},"end":{"line":144,"column":22}},"55":{"start":{"line":145,"column":20},"end":{"line":145,"column":51}},"56":{"start":{"line":146,"column":4},"end":{"line":146,"column":23}},"57":{"start":{"line":148,"column":4},"end":{"line":156,"column":5}},"58":{"start":{"line":149,"column":6},"end":{"line":153,"column":8}},"59":{"start":{"line":155,"column":6},"end":{"line":155,"column":67}},"60":{"start":{"line":159,"column":30},"end":{"line":172,"column":3}},"61":{"start":{"line":160,"column":4},"end":{"line":171,"column":6}},"62":{"start":{"line":174,"column":31},"end":{"line":223,"column":3}},"63":{"start":{"line":175,"column":4},"end":{"line":222,"column":6}},"64":{"start":{"line":183,"column":12},"end":{"line":218,"column":13}},"65":{"start":{"line":184,"column":14},"end":{"line":184,"column":67}},"66":{"start":{"line":185,"column":42},"end":{"line":185,"column":63}},"67":{"start":{"line":187,"column":14},"end":{"line":208,"column":15}},"68":{"start":{"line":188,"column":16},"end":{"line":194,"column":18}},"69":{"start":{"line":192,"column":49},"end":{"line":192,"column":80}},"70":{"start":{"line":197,"column":33},"end":{"line":199,"column":85}},"71":{"start":{"line":201,"column":16},"end":{"line":207,"column":18}},"72":{"start":{"line":205,"column":49},"end":{"line":205,"column":80}},"73":{"start":{"line":210,"column":14},"end":{"line":210,"column":70}},"74":{"start":{"line":211,"column":14},"end":{"line":217,"column":16}},"75":{"start":{"line":215,"column":47},"end":{"line":215,"column":78}},"76":{"start":{"line":225,"column":21},"end":{"line":232,"column":3}},"77":{"start":{"line":226,"column":4},"end":{"line":226,"column":39}},"78":{"start":{"line":226,"column":15},"end":{"line":226,"column":39}},"79":{"start":{"line":227,"column":4},"end":{"line":231,"column":7}},"80":{"start":{"line":234,"column":21},"end":{"line":240,"column":3}},"81":{"start":{"line":235,"column":4},"end":{"line":235,"column":39}},"82":{"start":{"line":235,"column":15},"end":{"line":235,"column":39}},"83":{"start":{"line":236,"column":4},"end":{"line":239,"column":7}},"84":{"start":{"line":242,"column":31},"end":{"line":242,"column":56}},"85":{"start":{"line":243,"column":21},"end":{"line":243,"column":36}},"86":{"start":{"line":246,"column":2},"end":{"line":246,"column":111}},"87":{"start":{"line":248,"column":2},"end":{"line":535,"column":4}},"8
[...]
"line":121,"column":5}},"line":117},"12":{"name":"(anonymous_12)","decl":{"start":{"line":123,"column":18},"end":{"line":123,"column":19}},"loc":{"start":{"line":123,"column":24},"end":{"line":126,"column":5}},"line":123},"13":{"name":"(anonymous_13)","decl":{"start":{"line":128,"column":17},"end":{"line":128,"column":18}},"loc":{"start":{"line":128,"column":23},"end":{"line":131,"column":5}},"line":128},"14":{"name":"(anonymous_14)","decl":{"start":{"line":133,"column":14},"end":{"line":133,"column":15}},"loc":{"start":{"line":133,"column":20},"end":{"line":136,"column":5}},"line":133},"15":{"name":"(anonymous_15)","decl":{"start":{"line":138,"column":14},"end":{"line":138,"column":15}},"loc":{"start":{"line":138,"column":20},"end":{"line":148,"column":5}},"line":138},"16":{"name":"(anonymous_16)","decl":{"start":{"line":150,"column":26},"end":{"line":150,"column":27}},"loc":{"start":{"line":151,"column":6},"end":{"line":155,"column":8}},"line":151},"17":{"name":"(anonymous_17)","decl":{"start":{"line":157,"column":27},"end":{"line":157,"column":28}},"loc":{"start":{"line":158,"column":6},"end":{"line":161,"column":8}},"line":158},"18":{"name":"(anonymous_18)","decl":{"start":{"line":163,"column":22},"end":{"line":163,"column":23}},"loc":{"start":{"line":163,"column":28},"end":{"line":166,"column":5}},"line":163},"19":{"name":"(anonymous_19)","decl":{"start":{"line":168,"column":19},"end":{"line":168,"column":20}},"loc":{"start":{"line":168,"column":25},"end":{"line":173,"column":5}},"line":168},"20":{"name":"isProfileComplete","decl":{"start":{"line":177,"column":16},"end":{"line":177,"column":33}},"loc":{"start":{"line":177,"column":43},"end":{"line":187,"column":1}},"line":177},"21":{"name":"(anonymous_21)","decl":{"start":{"line":189,"column":31},"end":{"line":189,"column":32}},"loc":{"start":{"line":189,"column":44},"end":{"line":225,"column":1}},"line":189}},"branchMap":{"0":{"loc":{"start":{"line":23,"column":8},"end":{"line":23,"column":21}},"type":"binary-expr","locations":[{"start":{"line":23,"column":8},"end":{"line":23,"column":15}},{"start":{"line":23,"column":19},"end":{"line":23,"column":21}}],"line":23},"1":{"loc":{"start":{"line":26,"column":2},"end":{"line":28,"column":3}},"type":"if","locations":[{"start":{"line":26,"column":2},"end":{"line":28,"column":3}},{"start":{},"end":{}}],"line":26},"2":{"loc":{"start":{"line":26,"column":6},"end":{"line":26,"column":49}},"type":"binary-expr","locations":[{"start":{"line":26,"column":6},"end":{"line":26,"column":26}},{"start":{"line":26,"column":30},"end":{"line":26,"column":49}}],"line":26},"3":{"loc":{"start":{"line":34,"column":32},"end":{"line":34,"column":44}},"type":"default-arg","locations":[{"start":{"line":34,"column":42},"end":{"line":34,"column":44}}],"line":34},"4":{"loc":{"start":{"line":42,"column":49},"end":{"line":42,"column":78}},"type":"binary-expr","locations":[{"start":{"line":42,"column":49},"end":{"line":42,"column":61}},{"start":{"line":42,"column":65},"end":{"line":42,"column":78}}],"line":42},"5":{"loc":{"start":{"line":66,"column":8},"end":{"line":79,"column":9}},"type":"if","locations":[{"start":{"line":66,"column":8},"end":{"line":79,"column":9}},{"start":{"line":73,"column":15},"end":{"line":79,"column":9}}],"line":66},"6":{"loc":{"start":{"line":109,"column":6},"end":{"line":109,"column":70}},"type":"if","locations":[{"start":{"line":109,"column":6},"end":{"line":109,"column":70}},{"start":{},"end":{}}],"line":109},"7":{"loc":{"start":{"line":109,"column":10},"end":{"line":109,"column":56}},"type":"binary-expr","locations":[{"start":{"line":109,"column":10},"end":{"line":109,"column":22}},{"start":{"line":109,"column":26},"end":{"line":109,"column":56}}],"line":109},"8":{"loc":{"start":{"line":110,"column":6},"end":{"line":110,"column":41}},"type":"if","locations":[{"start":{"line":110,"column":6},"end":{"line":110,"column":41}},{"start":{},"end":{}}],"line":110},"9":{"loc":{"start":{"line":111,"column":6},"end":{"line":111,"column":41}},"type":"if","locations":[{"start":{"line":111,"column":6},"end":{"line":111,"column":41}},{"start":{},"end":{}}],"line":111},"10":{"loc":{"start":{"line":112,"column":6},"end":{"line":112,"column":82}},"type":"if","locations":[{"start":{"line":112,"column":6},"end":{"line":112,"column":82}},{"start":{},"end":{}}],"line":112},"11":{"loc":{"start":{"line":112,"column":10},"end":{"line":112,"column":68}},"type":"binary-expr","locations":[{"start":{"line":112,"column":10},"end":{"line":112,"column":28}},{"start":{"line":112,"column":32},"end":{"line":112,"column":68}}],"line":112},"12":{"loc":{"start":{"line":119,"column":6},"end":{"line":119,"column":50}},"type":"if","locations":[{"start":{"line":119,"column":6},"end":{"line":119,"column":50}},{"start":{},"end":{}}],"line":119},"13":{"loc":{"start":{"line":125,"column":13},"end":{"line":125,"column":38}},"type":"binary-expr","locations":[{"start":{"line":125,"column":13},"end":{"line":125,"column":30}},{"start":{"line":125,"column":34},"end":{"line":125,"column":38}}],"line":125},"14":{"loc":{"start":{"line":130,"column":13},"end":{"line":130,"column":37}},"type":"binary-expr","locations":[{"start":{"line":130,"column":13},"end":{"line":130,"column":29}},{"start":{"line":130,"column":33},"end":{"line":130,"column":37}}],"line":130},"15":{"loc":{"start":{"line":135,"column":16},"end":{"line":135,"column":72}},"type":"binary-expr","locations":[{"start":{"line":135,"column":16},"end":{"line":135,"column":31}},{"start":{"line":135,"column":35},"end":{"line":135,"column":51}},{"start":{"line":135,"column":55},"end":{"line":135,"column":72}}],"line":135},"16":{"loc":{"start":{"line":140,"column":6},"end":{"line":142,"column":7}},"type":"if","locations":[{"start":{"line":140,"column":6},"end":{"line":142,"column":7}},{"start":{},"end":{}}],"line":140},"17":{"loc":{"start":{"line":140,"column":10},"end":{"line":140,"column":69}},"type":"binary-expr","locations":[{"start":{"line":140,"column":10},"end":{"line":140,"column":26}},{"start":{"line":140,"column":30},"end":{"line":140,"column":47}},{"start":{"line":140,"column":51},"end":{"line":140,"column":69}}],"line":140},"18":{"loc":{"start":{"line":165,"column":13},"end":{"line":165,"column":70}},"type":"binary-expr","locations":[{"start":{"line":165,"column":13},"end":{"line":165,"column":40}},{"start":{"line":165,"column":44},"end":{"line":165,"column":70}}],"line":165},"19":{"loc":{"start":{"line":170,"column":6},"end":{"line":170,"column":50}},"type":"if","locations":[{"start":{"line":170,"column":6},"end":{"line":170,"column":50}},{"start":{},"end":{}}],"line":170},"20":{"loc":{"start":{"line":171,"column":6},"end":{"line":171,"column":42}},"type":"if","locations":[{"start":{"line":171,"column":6},"end":{"line":171,"column":42}},{"start":{},"end":{}}],"line":171},"21":{"loc":{"start":{"line":179,"column":4},"end":{"line":185,"column":40}},"type":"binary-expr","locations":[{"start":{"line":179,"column":4},"end":{"line":179,"column":11}},{"start":{"line":180,"column":4},"end":{"line":180,"column":16}},{"start":{"line":181,"column":4},"end":{"line":181,"column":34}},{"start":{"line":182,"column":4},"end":{"line":182,"column":21}},{"start":{"line":183,"column":4},"end":{"line":183,"column":21}},{"start":{"line":184,"column":4},"end":{"line":184,"column":22}},{"start":{"line":185,"column":4},"end":{"line":185,"column":40}}],"line":179},"22":{"loc":{"start":{"line":192,"column":2},"end":{"line":196,"column":3}},"type":"if","locations":[{"start":{"line":192,"column":2},"end":{"line":196,"column":3}},{"start":{"line":194,"column":9},"end":{"line":196,"column":3}}],"line":192},"23":{"loc":{"start":{"line":192,"column":6},"end":{"line":192,"column":55}},"type":"binary-expr","locations":[{"start":{"line":192,"column":6},"end":{"line":192,"column":19}},{"start":{"line":192,"column":23},"end":{"line":192,"column":55}}],"line":192},"24":{"loc":{"start":{"line":194,"column":9},"end":{"line":196,"column":3}},"type":"if","locations":[{"start":{"line":194,"column":9},"end":{"line":196,"column":3}},{"start":{},"end":{}}],"line":194},"25":{"loc":{"start":{"line":198,"column":2},"end":{"line":209,"column":3}},"type":"if","locations":[{"start":{"line":198,"column":2},"end":{"line":209,"column":3}},{"start":{"line":200,"column":9},"end":{"line":209,"column":3}}],"line":198},"26":{"loc":{"start":{"line":203,"column":4},"end":{"line":205,"column":5}},"type":"if","locations":[{"start":{"line":203,"column":4},"end":{"line":205,"column":5}},{"start":{},"end":{}}],"line":203},"27":{"loc":{"start":{"line":206,"column":4},"end":{"line":208,"column":5}},"type":"if","locations":[{"start":{"line":206,"column":4},"end":{"line":208,"column":5}},{"start":{},"end":{}}],"line":206},"28":{"loc":{"start":{"line":211,"column":2},"end":{"line":213,"column":3}},"type":"if","locations":[{"start":{"line":211,"column":2},"end":{"line":213,"column":3}},{"start":{},"end":{}}],"line":211},"29":{"loc":{"start":{"line":215,"column":2},"end":{"line":219,"column":3}},"type":"if","locations":[{"start":{"line":215,"column":2},"end":{"line":219,"column":3}},{"start":{"line":217,"column":9},"end":{"line":219,"column":3}}],"line":215},"30":{"loc":{"start":{"line":215,"column":6},"end":{"line":215,"column":67}},"type":"binary-expr","locations":[{"start":{"line":215,"column":6},"end":{"line":215,"column":25}},{"start":{"line":215,"column":29},"end":{"line":215,"column":67}}],"line":215},"31":{"loc":{"start":{"line":217,"column":9},"end":{"line":219,"column":3}},"type":"if","locations":[{"start":{"line":217,"column":9},"end":{"line":219,"column":3}},{"start":{},"end":{}}],"line":217}},"s":{"0":1,"1":7,"2":5,"3":5,"4":1,"5":5,"6":1,"7":1,"8":2,"9":2,"10":2,"11":2,"12":2,"13":2,"14":0,"15":0,"16":1,"17":2,"18":2,"19":2,"20":2,"21":1,"22":1,"23":1,"24":0,"25":0,"26":1,"27":0,"28":0,"29":0,"30":0,"31":0,"32":0,"33":0,"34":0,"35":0,"36":0,"37":0,"38":0,"39":0,"40":0,"41":0,"42":0,"43":0,"44":0,"45":0,"46":0,"47":0,"48":0,"49":0,"50":0,"51":0,"52":0,"53":0,"54":0,"55":0,"56":0,"57":0,"58":0,"59":1,"60":1,"61":1,"62":0,"63":0,"64":0,"65":0,"66":0,"67":0,"68":3,"69":1,"70":0,"71":0,"72":0,"73":0,"74":0,"75":0,"76":0,"77":0,"78":0,"79":0,"80":0,"81":0,"82":0,"83":0,"84":0,"85":0,"86":0,"87":0,"88":0,"89":0},"f":{"0":7,"1":5,"2":1,"3":2,"4":2,"5":1,"6":0,"7":0,"8":0,"9":0,"10":0,"11":0,"12":0,"13":0,"14":0,"15":0,"16":0,"17":1,"18":1,"19":0,"20":3,"21":0},"b":{"0":[5,0],"1":[1,4],"2":[5,3],"3":[0],"4":[2,0],"5":[1,1],"6":[0,0],"7":[0,0],"8":[0,0],"9":[0,0],"10":[0,0],"11":[0,0],"12":[0,0],"13":[0,0],"14":[0,0],"15":[0,0,0],"16":[0,0],"17":[0,0,0],"18":[1,1],"19":[0,0],"20":[0,0],"21":[3,3,2,2,2,2,2],"22":[0,0],"23":[0,0],"24":[0,0],"25":[0,0],"26":[0,0],"27":[0,0],"28":[0,0],"29":[0,0],"30":[0,0],"31":[0,0]},"_coverageSchema":"1a1c01bbd47fc00a2c39e90264f33305004495a9","hash":"695e866fd5bbf9cc4ead2106094ca7858150e1b7"}
,"/Users/remibeaurain/astroia-app/stores/useLunarRevolutionStore.ts": {"path":"/Users/remibeaurain/astroia-app/stores/useLunarRevolutionStore.ts","statementMap":{"0":{"start":{"line":16,"column":20},"end":{"line":16,"column":45}},"1":{"start":{"line":36,"column":15},"end":{"line":36,"column":33}},"2":{"start":{"line":37,"column":16},"end":{"line":37,"column":60}},"3":{"start":{"line":38,"column":2},"end":{"line":38,"column":28}},"4":{"start":{"line":45,"column":18},"end":{"line":45,"column":52}},"5":{"start":{"line":47,"column":2},"end":{"line":49,"column":3}},"6":{"start":{"line":48,"column":4},"end":{"line":48,"column":16}},"7":{"start":{"line":51,"column":20},"end":{"line":51,"column":47}},"8":{"start":{"line":52,"column":20},"end":{"line":52,"column":47}},"9":{"start":{"line":54,"column":2},"end":{"line":66,"column":4}},"10":{"start":{"line":69,"column":39},"end":{"line":187,"column":3}},"11":{"start":{"line":69,"column":83},"end":{"line":187,"column":1}},"12":{"start":{"line":79,"column":21},"end":{"line":79,"column":38}},"13":{"start":{"line":82,"column":4},"end":{"line":88,"column":5}},"14":{"start":{"line":83,"column":21},"end":{"line":83,"column":44}},"15":{"start":{"line":84,"column":6},"end":{"line":87,"column":7}},"16":{"start":{"line":85,"column":8},"end":{"line":85,"column":81}},"17":{"start":{"line":86,"column":8},"end":{"line":86,"column":15}},"18":{"start":{"line":91,"column":22},"end":{"line":91,"column":47}},"19":{"start":{"line":92,"column":4},"end":{"line":98,"column":5}},"20":{"start":{"line":93,"column":6},"end":{"line":96,"column":9}},"21":{"start":{"line":97,"column":6},"end":{"line":97,"column":13}},"22":{"start":{"line":100,"column":4},"end":{"line":100,"column":44}},"23":{"start":{"line":102,"column":4},"end":{"line":134,"column":5}},"24":{"start":{"line":104,"column":26},"end":{"line":104,"column":74}},"25":{"start":{"line":106,"column":25},"end":{"line":108,"column":8}},"26":{"start":{"line":111,"column":25},"end":{"line":111,"column":76}},"27":{"start":{"line":114,"column":30},"end":{"line":114,"column":53}},"28":{"start":{"line":115,"column":29},"end":{"line":115,"column":57}},"29":{"start":{"line":117,"column":6},"end":{"line":122,"column":9}},"30":{"start":{"line":125,"column":6},"end":{"line":125,"column":74}},"31":{"start":{"line":127,"column":6},"end":{"line":127,"column":76}},"32":{"start":{"line":129,"column":6},"end":{"line":129,"column":63}},"33":{"start":{"line":130,"column":6},"end":{"line":133,"column":9}},"34":{"start":{"line":141,"column":21},"end":{"line":141,"column":38}},"35":{"start":{"line":142,"column":4},"end":{"line":142,"column":50}},"36":{"start":{"line":149,"column":4},"end":{"line":167,"column":5}},"37":{"start":{"line":150,"column":19},"end":{"line":150,"column":58}},"38":{"start":{"line":151,"column":6},"end":{"line":164,"column":7}},"39":{"start":{"line":152,"column":24},"end":{"line":152,"column":40}},"40":{"start":{"line":153,"column":32},"end":{"line":153,"column":55}},"41":{"start":{"line":155,"column":8},"end":{"line":159,"column":11}},"42":{"start":{"line":161,"column":8},"end":{"line":161,"column":119}},"43":{"start":{"line":163,"column":8},"end":{"line":163,"column":65}},"44":{"start":{"line":166,"column":6},"end":{"line":166,"column":80}},"45":{"start":{"line":174,"column":4},"end":{"line":185,"column":5}},"46":{"start":{"line":175,"column":6},"end":{"line":175,"column":49}},"47":{"start":{"line":176,"column":6},"end":{"line":181,"column":9}},"48":{"start":{"line":182,"column":6},"end":{"line":182,"column":59}},"49":{"start":{"line":184,"column":6},"end":{"line":184,"column":73}}},"fnMap":{"0":{"name":"getMonthKey","decl":{"start":{"line":35,"column":9},"end":{"line":35,"column":20}},"loc":{"start":{"line":35,"column":41},"end":{"line":39,"column":1}},"line":35},"1":{"name":"getBirthDataFromProfile","decl":{"start":{"line":44,"column":9},"end":{"line":44,"column":32}},"loc":{"start":{"line":44,"column":53},"end":{"line":67,"column":1}},"line":44},"2":{"name":"(anonymous_2)","decl":{"start":{"line":69,"column":68},"end":{"line":69,"column":69}},"loc":{"start":{"line":69,"column":83},"end":{"line":187,"column":1}},"line":69},"3":{"name":"(anonymous_3)","decl":{"start":{"line":78,"column":17},"end":{"line":78,"column":18}},"loc":{"start":{"line":78,"column":61},"end":{"line":135,"column":3}},"line":78},"4":{"name":"(anonymous_4)","decl":{"start":{"line":140,"column":15},"end":{"line":140,"column":16}},"loc":{"start":{"line":140,"column":31},"end":{"line":143,"column":3}},"line":140},"5":{"name":"(anonymous_5)","decl":{"start":{"line":148,"column":19},"end":{"line":148,"column":20}},"loc":{"start":{"line":148,"column":31},"end":{"line":168,"column":3}},"line":148},"6":{"name":"(anonymous_6)","decl":{"start":{"line":173,"column":14},"end":{"line":173,"column":15}},"loc":{"start":{"line":173,"column":26},"end":{"line":186,"column":3}},"line":173}},"branchMap":{"0":{"loc":{"start":{"line":47,"column":2},"end":{"line":49,"column":3}},"type":"if","locations":[{"start":{"line":47,"column":2},"end":{"line":49,"column":3}},{"start":{},"end":{}}],"line":47},"1":{"loc":{"start":{"line":47,"column":6},"end":{"line":47,"column":69}},"type":"binary-expr","locations":[{"start":{"line":47,"column":6},"end":{"line":47,"column":24}},{"start":{"line":47,"column":28},"end":{"line":47,"column":46}},{"start":{"line":47,"column":50},"end":{"line":47,"column":69}}],"line":47},"2":{"loc":{"start":{"line":63,"column":14},"end":{"line":63,"column":35}},"type":"binary-expr","locations":[{"start":{"line":63,"column":14},"end":{"line":63,"column":30}},{"start":{"line":63,"column":34},"end":{"line":63,"column":35}}],"line":63},"3":{"loc":{"start":{"line":64,"column":15},"end":{"line":64,"column":37}},"type":"binary-expr","locations":[{"start":{"line":64,"column":15},"end":{"line":64,"column":32}},{"start":{"line":64,"column":36},"end":{"line":64,"column":37}}],"line":64},"4":{"loc":{"start":{"line":65,"column":14},"end":{"line":65,"column":48}},"type":"binary-expr","locations":[{"start":{"line":65,"column":14},"end":{"line":65,"column":30}},{"start":{"line":65,"column":34},"end":{"line":65,"column":48}}],"line":65},"5":{"loc":{"start":{"line":78,"column":36},"end":{"line":78,"column":56}},"type":"default-arg","locations":[{"start":{"line":78,"column":51},"end":{"line":78,"column":56}}],"line":78},"6":{"loc":{"start":{"line":82,"column":4},"end":{"line":88,"column":5}},"type":"if","locations":[{"start":{"line":82,"column":4},"end":{"line":88,"column":5}},{"start":{},"end":{}}],"line":82},"7":{"loc":{"start":{"line":84,"column":6},"end":{"line":87,"column":7}},"type":"if","locations":[{"start":{"line":84,"column":6},"end":{"line":87,"column":7}},{"start":{},"end":{}}],"line":84},"8":{"loc":{"start":{"line":92,"column":4},"end":{"line":98,"column":5}},"type":"if","locations":[{"start":{"line":92,"column":4},"end":{"line":98,"column":5}},{"start":{},"end":{}}],"line":92},"9":{"loc":{"start":{"line":118,"column":32},"end":{"line":118,"column":90}},"type":"cond-expr","locations":[{"start":{"line":118,"column":49},"end":{"line":118,"column":59}},{"start":{"line":118,"column":62},"end":{"line":118,"column":90}}],"line":118},"10":{"loc":{"start":{"line":132,"column":15},"end":{"line":132,"column":84}},"type":"binary-expr","locations":[{"start":{"line":132,"column":15},"end":{"line":132,"column":28}},{"start":{"line":132,"column":32},"end":{"line":132,"column":84}}],"line":132},"11":{"loc":{"start":{"line":142,"column":11},"end":{"line":142,"column":49}},"type":"binary-expr","locations":[{"start":{"line":142,"column":11},"end":{"line":142,"column":41}},{"start":{"line":142,"column":45},"end":{"line":142,"column":49}}],"line":142},"12":{"loc":{"start":{"line":151,"column":6},"end":{"line":164,"column":7}},"type":"if","locations":[{"start":{"line":151,"column":6},"end":{"line":164,"column":7}},{"start":{"line":162,"column":13},"end":{"line":164,"column":7}}],"line":151},"13":{"loc":{"start":{"line":157,"column":34},"end":{"line":157,"column":66}},"type":"binary-expr","locations":[{"start":{"line":157,"column":34},"end":{"line":157,"column":58}},{"start":{"line":157,"column":62},"end":{"line":157,"column":66}}],"line":157},"14":{"loc":{"start":{"line":158,"column":18},"end":{"line":158,"column":62}},"type":"cond-expr","locations":[{"start":{"line":158,"column":45},"end":{"line":158,"column":53}},{"start":{"line":158,"column":56},"end":{"line":158,"column":62}}],"line":158}},"s":{"0":1,"1":7,"2":7,"3":7,"4":2,"5":2,"6":0,"7":2,"8":2,"9":2,"10":1,"11":1,"12":2,"13":2,"14":2,"15":2,"16":0,"17":0,"18":2,"19":2,"20":0,"21":0,"22":2,"23":2,"24":2,"25":2,"26":1,"27":1,"28":1,"29":1,"30":1,"31":1,"32":1,"33":1,"34":4,"35":4,"36":0,"37":0,"38":0,"39":0,"40":0,"41":0,"42":0,"43":0,"44":0,"45":0,"46":0,"47":0,"48":0,"49":0},"f":{"0":7,"1":2,"2":1,"3":2,"4":4,"5":0,"6":0},"b":{"0":[0,2],"1":[2,2,2],"2":[2,0],"3":[2,0],"4":[2,0],"5":[2],"6":[2,0],"7":[0,2],"8":[0,2],"9":[0,1],"10":[1,0],"11":[4,3],"12":[0,0],"13":[0,0],"14":[0,0]},"_coverageSchema":"1a1c01bbd47fc00a2c39e90264f33305004495a9","hash":"cdfcc08fb68776c41d9b4b9aab9e4445c7f6a78e"}
}
