TN:
SF:app/_layout.js
FN:10,RootLayout
FN:11,(anonymous_1)
FN:12,(anonymous_2)
FN:13,(anonymous_3)
FN:14,(anonymous_4)
FN:16,(anonymous_5)
FN:17,(anonymous_6)
FNF:7
FNH:0
FNDA:0,RootLayout
FNDA:0,(anonymous_1)
FNDA:0,(anonymous_2)
FNDA:0,(anonymous_3)
FNDA:0,(anonymous_4)
FNDA:0,(anonymous_5)
FNDA:0,(anonymous_6)
DA:11,0
DA:12,0
DA:13,0
DA:14,0
DA:16,0
DA:17,0
DA:18,0
DA:19,0
DA:20,0
DA:22,0
DA:24,0
DA:25,0
DA:26,0
DA:28,0
DA:33,0
DA:34,0
DA:35,0
DA:37,0
DA:41,0
DA:42,0
DA:44,0
DA:47,0
DA:51,0
DA:54,0
LF:24
LH:0
BRF:0
BRH:0
end_of_record
TN:
SF:app/(auth)/_layout.js
FN:7,AuthLayout
FNF:1
FNH:0
FNDA:0,AuthLayout
DA:8,0
LF:1
LH:0
BRF:0
BRH:0
end_of_record
TN:
SF:app/(auth)/login.js
FN:10,LoginScreen
FN:19,(anonymous_1)
FN:29,(anonymous_2)
FN:36,(anonymous_3)
FN:57,(anonymous_4)
FN:131,(anonymous_5)
FNF:6
FNH:0
FNDA:0,LoginScreen
FNDA:0,(anonymous_1)
FNDA:0,(anonymous_2)
FNDA:0,(anonymous_3)
FNDA:0,(anonymous_4)
FNDA:0,(anonymous_5)
DA:11,0
DA:12,0
DA:14,0
DA:15,0
DA:17,0
DA:19,0
DA:20,0
DA:21,0
DA:29,0
DA:30,0
DA:31,0
DA:32,0
DA:36,0
DA:37,0
DA:38,0
DA:39,0
DA:42,0
DA:43,0
DA:44,0
DA:46,0
DA:47,0
DA:50,0
DA:57,0
DA:59,0
DA:60,0
DA:63,0
DA:131,0
DA:159,0
LF:28
LH:0
BRDA:30,0,0,0
BRDA:30,0,1,0
BRDA:37,1,0,0
BRDA:37,1,1,0
BRDA:37,2,0,0
BRDA:37,2,1,0
BRDA:46,3,0,0
BRDA:46,3,1,0
BRDA:47,4,0,0
BRDA:47,4,1,0
BRDA:72,5,0,0
BRDA:72,5,1,0
BRDA:115,6,0,0
BRDA:115,6,1,0
BRF:14
BRH:0
end_of_record
TN:
SF:app/(auth)/signup.js
FN:10,SignupScreen
FN:23,(anonymous_1)
FN:32,(anonymous_2)
FN:39,(anonymous_3)
FN:58,(anonymous_4)
FN:75,(anonymous_5)
FN:98,(anonymous_6)
FN:115,(anonymous_7)
FN:138,(anonymous_8)
FN:189,(anonymous_9)
FN:215,(anonymous_10)
FN:252,(anonymous_11)
FNF:12
FNH:0
FNDA:0,SignupScreen
FNDA:0,(anonymous_1)
FNDA:0,(anonymous_2)
FNDA:0,(anonymous_3)
FNDA:0,(anonymous_4)
FNDA:0,(anonymous_5)
FNDA:0,(anonymous_6)
FNDA:0,(anonymous_7)
FNDA:0,(anonymous_8)
FNDA:0,(anonymous_9)
FNDA:0,(anonymous_10)
FNDA:0,(anonymous_11)
DA:11,0
DA:12,0
DA:14,0
DA:15,0
DA:16,0
DA:17,0
DA:18,0
DA:19,0
DA:21,0
DA:23,0
DA:24,0
DA:32,0
DA:33,0
DA:34,0
DA:35,0
DA:39,0
DA:40,0
DA:41,0
DA:42,0
DA:45,0
DA:46,0
DA:47,0
DA:50,0
DA:51,0
DA:52,0
DA:55,0
DA:58,0
DA:59,0
DA:60,0
DA:63,0
DA:64,0
DA:65,0
DA:66,0
DA:68,0
DA:69,0
DA:70,0
DA:71,0
DA:75,0
DA:78,0
DA:79,0
DA:80,0
DA:81,0
DA:87,0
DA:89,0
DA:92,0
DA:100,0
DA:101,0
DA:108,0
DA:109,0
DA:115,0
DA:122,0
DA:138,0
DA:189,0
DA:215,0
DA:252,0
DA:271,0
LF:56
LH:0
BRDA:33,0,0,0
BRDA:33,0,1,0
BRDA:40,1,0,0
BRDA:40,1,1,0
BRDA:40,2,0,0
BRDA:40,2,1,0
BRDA:45,3,0,0
BRDA:45,3,1,0
BRDA:50,4,0,0
BRDA:50,4,1,0
BRDA:59,5,0,0
BRDA:59,5,1,0
BRDA:68,6,0,0
BRDA:68,6,1,0
BRDA:70,7,0,0
BRDA:70,7,1,0
BRDA:87,8,0,0
BRDA:87,8,1,0
BRDA:87,9,0,0
BRDA:87,9,1,0
BRDA:131,10,0,0
BRDA:131,10,1,0
BRDA:193,11,0,0
BRDA:193,11,1,0
BRDA:219,12,0,0
BRDA:219,12,1,0
BRDA:236,13,0,0
BRDA:236,13,1,0
BRF:28
BRH:0
end_of_record
TN:
SF:app/(auth)/verify-otp.js
FN:10,VerifyOTPScreen
FN:23,(anonymous_1)
FN:32,(anonymous_2)
FN:40,(anonymous_3)
FN:43,(anonymous_4)
FN:48,(anonymous_5)
FN:77,(anonymous_6)
FN:84,(anonymous_7)
FN:116,(anonymous_8)
FN:137,(anonymous_9)
FN:163,(anonymous_10)
FN:166,(anonymous_11)
FN:173,(anonymous_12)
FN:174,(anonymous_13)
FNF:14
FNH:0
FNDA:0,VerifyOTPScreen
FNDA:0,(anonymous_1)
FNDA:0,(anonymous_2)
FNDA:0,(anonymous_3)
FNDA:0,(anonymous_4)
FNDA:0,(anonymous_5)
FNDA:0,(anonymous_6)
FNDA:0,(anonymous_7)
FNDA:0,(anonymous_8)
FNDA:0,(anonymous_9)
FNDA:0,(anonymous_10)
FNDA:0,(anonymous_11)
FNDA:0,(anonymous_12)
FNDA:0,(anonymous_13)
DA:11,0
DA:12,0
DA:13,0
DA:14,0
DA:16,0
DA:17,0
DA:18,0
DA:20,0
DA:21,0
DA:23,0
DA:24,0
DA:32,0
DA:33,0
DA:34,0
DA:35,0
DA:40,0
DA:41,0
DA:42,0
DA:43,0
DA:48,0
DA:50,0
DA:52,0
DA:54,0
DA:55,0
DA:56,0
DA:57,0
DA:60,0
DA:61,0
DA:64,0
DA:65,0
DA:66,0
DA:69,0
DA:70,0
DA:74,0
DA:77,0
DA:79,0
DA:80,0
DA:84,0
DA:85,0
DA:87,0
DA:88,0
DA:89,0
DA:92,0
DA:93,0
DA:95,0
DA:96,0
DA:98,0
DA:99,0
DA:101,0
DA:102,0
DA:103,0
DA:107,0
DA:108,0
DA:116,0
DA:118,0
DA:121,0
DA:137,0
DA:164,0
DA:166,0
DA:173,0
DA:174,0
DA:237,0
LF:62
LH:0
BRDA:13,0,0,0
BRDA:13,0,1,0
BRDA:33,1,0,0
BRDA:33,1,1,0
BRDA:41,2,0,0
BRDA:41,2,1,0
BRDA:52,3,0,0
BRDA:52,3,1,0
BRDA:60,4,0,0
BRDA:60,4,1,0
BRDA:60,5,0,0
BRDA:60,5,1,0
BRDA:69,6,0,0
BRDA:69,6,1,0
BRDA:69,7,0,0
BRDA:69,7,1,0
BRDA:69,7,2,0
BRDA:79,8,0,0
BRDA:79,8,1,0
BRDA:79,9,0,0
BRDA:79,9,1,0
BRDA:79,9,2,0
BRDA:87,10,0,0
BRDA:87,10,1,0
BRDA:98,11,0,0
BRDA:98,11,1,0
BRDA:99,12,0,0
BRDA:99,12,1,0
BRDA:102,13,0,0
BRDA:102,13,1,0
BRDA:130,14,0,0
BRDA:130,14,1,0
BRDA:169,15,0,0
BRDA:169,15,1,0
BRDA:170,16,0,0
BRDA:170,16,1,0
BRDA:184,17,0,0
BRDA:184,17,1,0
BRDA:195,18,0,0
BRDA:195,18,1,0
BRDA:199,19,0,0
BRDA:199,19,1,0
BRDA:199,20,0,0
BRDA:199,20,1,0
BRDA:202,21,0,0
BRDA:202,21,1,0
BRF:46
BRH:0
end_of_record
TN:
SF:app/(tabs)/_layout.js
FN:5,TabsLayout
FN:40,(anonymous_1)
FN:51,(anonymous_2)
FN:62,(anonymous_3)
FNF:4
FNH:0
FNDA:0,TabsLayout
FNDA:0,(anonymous_1)
FNDA:0,(anonymous_2)
FNDA:0,(anonymous_3)
DA:6,0
DA:41,0
DA:52,0
DA:63,0
LF:4
LH:0
BRF:0
BRH:0
end_of_record
TN:
SF:app/(tabs)/chat.js
FN:25,ChatScreen
FN:47,(anonymous_1)
FN:48,(anonymous_2)
FN:56,(anonymous_3)
FN:59,(anonymous_4)
FN:67,(anonymous_5)
FN:72,(anonymous_6)
FN:89,(anonymous_7)
FN:98,(anonymous_8)
FN:99,(anonymous_9)
FN:139,(anonymous_10)
FN:156,(anonymous_11)
FN:166,(anonymous_12)
FN:168,(anonymous_13)
FN:177,(anonymous_14)
FN:199,(anonymous_15)
FN:212,(anonymous_16)
FN:230,(anonymous_17)
FN:235,(anonymous_18)
FN:240,(anonymous_19)
FN:245,(anonymous_20)
FN:292,MessageBubble
FN:297,(anonymous_22)
FN:332,TypingIndicator
FN:337,(anonymous_24)
FN:338,(anonymous_25)
FN:375,SuggestionChip
FNF:27
FNH:0
FNDA:0,ChatScreen
FNDA:0,(anonymous_1)
FNDA:0,(anonymous_2)
FNDA:0,(anonymous_3)
FNDA:0,(anonymous_4)
FNDA:0,(anonymous_5)
FNDA:0,(anonymous_6)
FNDA:0,(anonymous_7)
FNDA:0,(anonymous_8)
FNDA:0,(anonymous_9)
FNDA:0,(anonymous_10)
FNDA:0,(anonymous_11)
FNDA:0,(anonymous_12)
FNDA:0,(anonymous_13)
FNDA:0,(anonymous_14)
FNDA:0,(anonymous_15)
FNDA:0,(anonymous_16)
FNDA:0,(anonymous_17)
FNDA:0,(anonymous_18)
FNDA:0,(anonymous_19)
FNDA:0,(anonymous_20)
FNDA:0,MessageBubble
FNDA:0,(anonymous_22)
FNDA:0,TypingIndicator
FNDA:0,(anonymous_24)
FNDA:0,(anonymous_25)
FNDA:0,SuggestionChip
DA:26,0
DA:27,0
DA:29,0
DA:30,0
DA:38,0
DA:39,0
DA:40,0
DA:41,0
DA:43,0
DA:44,0
DA:47,0
DA:48,0
DA:49,0
DA:50,0
DA:51,0
DA:52,0
DA:53,0
DA:56,0
DA:59,0
DA:60,0
DA:67,0
DA:69,0
DA:72,0
DA:73,0
DA:76,0
DA:77,0
DA:78,0
DA:81,0
DA:89,0
DA:90,0
DA:91,0
DA:92,0
DA:94,0
DA:96,0
DA:98,0
DA:99,0
DA:105,0
DA:106,0
DA:114,0
DA:115,0
DA:118,0
DA:127,0
DA:128,0
DA:132,0
DA:139,0
DA:140,0
DA:143,0
DA:144,0
DA:146,0
DA:147,0
DA:150,0
DA:156,0
DA:159,0
DA:168,0
DA:169,0
DA:177,0
DA:178,0
DA:181,0
DA:199,0
DA:213,0
DA:230,0
DA:235,0
DA:240,0
DA:245,0
DA:293,0
DA:294,0
DA:295,0
DA:297,0
DA:298,0
DA:306,0
DA:333,0
DA:334,0
DA:335,0
DA:337,0
DA:338,0
DA:339,0
DA:356,0
DA:357,0
DA:358,0
DA:361,0
DA:376,0
DA:384,0
LF:82
LH:0
BRDA:49,0,0,0
BRDA:49,0,1,0
BRDA:50,1,0,0
BRDA:50,1,1,0
BRDA:52,2,0,0
BRDA:52,2,1,0
BRDA:73,3,0,0
BRDA:73,3,1,0
BRDA:76,4,0,0
BRDA:76,4,1,0
BRDA:100,5,0,0
BRDA:100,5,1,0
BRDA:106,6,0,0
BRDA:106,6,1,0
BRDA:115,7,0,0
BRDA:115,7,1,0
BRDA:120,8,0,0
BRDA:120,8,1,0
BRDA:123,9,0,0
BRDA:123,9,1,0
BRDA:127,10,0,0
BRDA:127,10,1,0
BRDA:127,11,0,0
BRDA:127,11,1,0
BRDA:146,12,0,0
BRDA:146,12,1,0
BRDA:190,13,0,0
BRDA:190,13,1,0
BRDA:195,14,0,0
BRDA:195,14,1,0
BRDA:217,15,0,0
BRDA:217,15,1,0
BRDA:221,16,0,0
BRDA:221,16,1,0
BRDA:262,17,0,0
BRDA:262,17,1,0
BRDA:265,18,0,0
BRDA:265,18,1,0
BRDA:265,18,2,0
BRDA:265,18,3,0
BRDA:267,19,0,0
BRDA:267,19,1,0
BRDA:267,19,2,0
BRDA:271,20,0,0
BRDA:271,20,1,0
BRDA:271,21,0,0
BRDA:271,21,1,0
BRDA:271,21,2,0
BRDA:274,22,0,0
BRDA:274,22,1,0
BRDA:282,23,0,0
BRDA:282,23,1,0
BRDA:309,24,0,0
BRDA:309,24,1,0
BRDA:312,25,0,0
BRDA:312,25,1,0
BRDA:319,26,0,0
BRDA:319,26,1,0
BRDA:319,27,0,0
BRDA:319,27,1,0
BRDA:323,28,0,0
BRDA:323,28,1,0
BRDA:323,29,0,0
BRDA:323,29,1,0
BRF:64
BRH:0
end_of_record
TN:
SF:app/(tabs)/home.tsx
FN:27,Home
FN:46,(anonymous_1)
FN:52,(anonymous_2)
FN:56,(anonymous_3)
FN:71,(anonymous_4)
FN:74,(anonymous_5)
FN:77,(anonymous_6)
FN:90,(anonymous_7)
FN:104,(anonymous_8)
FN:110,(anonymous_9)
FN:116,(anonymous_10)
FN:122,(anonymous_11)
FN:128,(anonymous_12)
FN:150,(anonymous_13)
FN:226,(anonymous_14)
FN:244,(anonymous_15)
FNF:16
FNH:0
FNDA:0,Home
FNDA:0,(anonymous_1)
FNDA:0,(anonymous_2)
FNDA:0,(anonymous_3)
FNDA:0,(anonymous_4)
FNDA:0,(anonymous_5)
FNDA:0,(anonymous_6)
FNDA:0,(anonymous_7)
FNDA:0,(anonymous_8)
FNDA:0,(anonymous_9)
FNDA:0,(anonymous_10)
FNDA:0,(anonymous_11)
FNDA:0,(anonymous_12)
FNDA:0,(anonymous_13)
FNDA:0,(anonymous_14)
FNDA:0,(anonymous_15)
DA:28,0
DA:31,0
DA:34,0
DA:37,0
DA:40,0
DA:43,0
DA:46,0
DA:47,0
DA:48,0
DA:52,0
DA:53,0
DA:56,0
DA:57,0
DA:58,0
DA:62,0
DA:63,0
DA:71,0
DA:72,0
DA:73,0
DA:74,0
DA:77,0
DA:78,0
DA:79,0
DA:81,0
DA:82,0
DA:83,0
DA:91,0
DA:92,0
DA:97,0
DA:100,0
DA:101,0
DA:104,0
DA:105,0
DA:106,0
DA:107,0
DA:110,0
DA:111,0
DA:112,0
DA:113,0
DA:116,0
DA:117,0
DA:118,0
DA:119,0
DA:122,0
DA:123,0
DA:124,0
DA:125,0
DA:128,0
DA:129,0
DA:130,0
DA:132,0
DA:141,0
DA:142,0
DA:143,0
DA:145,0
DA:150,0
DA:151,0
DA:154,0
DA:227,0
DA:228,0
DA:245,0
DA:246,0
DA:291,0
LF:63
LH:0
BRDA:47,0,0,0
BRDA:47,0,1,0
BRDA:47,1,0,0
BRDA:47,1,1,0
BRDA:63,2,0,0
BRDA:63,2,1,0
BRDA:64,3,0,0
BRDA:64,3,1,0
BRDA:81,4,0,0
BRDA:81,4,1,0
BRDA:142,5,0,0
BRDA:142,5,1,0
BRDA:166,6,0,0
BRDA:166,6,1,0
BRDA:166,7,0,0
BRDA:166,7,1,0
BRDA:166,7,2,0
BRDA:190,8,0,0
BRDA:190,8,1,0
BRDA:195,9,0,0
BRDA:195,9,1,0
BRDA:200,10,0,0
BRDA:200,10,1,0
BRDA:209,11,0,0
BRDA:209,11,1,0
BRDA:212,12,0,0
BRDA:212,12,1,0
BRDA:212,13,0,0
BRDA:212,13,1,0
BRF:29
BRH:0
end_of_record
TN:
SF:app/(tabs)/lunar-month.js
FN:20,(anonymous_0)
FN:29,LunarMonthScreen
FN:37,(anonymous_2)
FN:41,(anonymous_3)
FN:64,(anonymous_4)
FN:92,(anonymous_5)
FNF:6
FNH:0
FNDA:0,(anonymous_0)
FNDA:0,LunarMonthScreen
FNDA:0,(anonymous_2)
FNDA:0,(anonymous_3)
FNDA:0,(anonymous_4)
FNDA:0,(anonymous_5)
DA:12,0
DA:20,0
DA:21,0
DA:22,0
DA:23,0
DA:24,0
DA:25,0
DA:26,0
DA:30,0
DA:31,0
DA:32,0
DA:33,0
DA:34,0
DA:37,0
DA:38,0
DA:41,0
DA:42,0
DA:43,0
DA:45,0
DA:46,0
DA:49,0
DA:50,0
DA:51,0
DA:52,0
DA:55,0
DA:56,0
DA:58,0
DA:59,0
DA:60,0
DA:64,0
DA:65,0
DA:66,0
DA:67,0
DA:70,0
DA:73,0
DA:75,0
DA:77,0
DA:78,0
DA:79,0
DA:82,0
DA:83,0
DA:84,0
DA:86,0
DA:87,0
DA:88,0
DA:92,0
DA:93,0
DA:94,0
DA:96,0
DA:100,0
DA:228,0
LF:51
LH:0
BRDA:21,0,0,0
BRDA:21,0,1,0
BRDA:45,1,0,0
BRDA:45,1,1,0
BRDA:49,2,0,0
BRDA:49,2,1,0
BRDA:75,3,0,0
BRDA:75,3,1,0
BRDA:93,4,0,0
BRDA:93,4,1,0
BRDA:117,5,0,0
BRDA:117,5,1,0
BRDA:125,6,0,0
BRDA:125,6,1,0
BRDA:125,6,2,0
BRDA:149,7,0,0
BRDA:149,7,1,0
BRDA:149,7,2,0
BRDA:149,7,3,0
BRDA:149,7,4,0
BRDA:199,8,0,0
BRDA:199,8,1,0
BRDA:203,9,0,0
BRDA:203,9,1,0
BRDA:204,10,0,0
BRDA:204,10,1,0
BRDA:205,11,0,0
BRDA:205,11,1,0
BRDA:206,12,0,0
BRDA:206,12,1,0
BRF:30
BRH:0
end_of_record
TN:
SF:app/(tabs)/profile.js
FN:13,ProfileScreen
FN:36,(anonymous_1)
FN:49,(anonymous_2)
FN:54,(anonymous_3)
FN:70,(anonymous_4)
FN:86,(anonymous_5)
FN:134,(anonymous_6)
FN:159,(anonymous_7)
FN:174,(anonymous_8)
FN:182,(anonymous_9)
FN:192,(anonymous_10)
FN:205,(anonymous_11)
FN:215,(anonymous_12)
FN:225,(anonymous_13)
FN:234,(anonymous_14)
FN:295,(anonymous_15)
FN:326,(anonymous_16)
FN:383,(anonymous_17)
FN:395,(anonymous_18)
FN:420,(anonymous_19)
FN:457,(anonymous_20)
FNF:21
FNH:0
FNDA:0,ProfileScreen
FNDA:0,(anonymous_1)
FNDA:0,(anonymous_2)
FNDA:0,(anonymous_3)
FNDA:0,(anonymous_4)
FNDA:0,(anonymous_5)
FNDA:0,(anonymous_6)
FNDA:0,(anonymous_7)
FNDA:0,(anonymous_8)
FNDA:0,(anonymous_9)
FNDA:0,(anonymous_10)
FNDA:0,(anonymous_11)
FNDA:0,(anonymous_12)
FNDA:0,(anonymous_13)
FNDA:0,(anonymous_14)
FNDA:0,(anonymous_15)
FNDA:0,(anonymous_16)
FNDA:0,(anonymous_17)
FNDA:0,(anonymous_18)
FNDA:0,(anonymous_19)
FNDA:0,(anonymous_20)
DA:14,0
DA:24,0
DA:26,0
DA:27,0
DA:28,0
DA:29,0
DA:30,0
DA:31,0
DA:34,0
DA:36,0
DA:38,0
DA:39,0
DA:41,0
DA:49,0
DA:50,0
DA:51,0
DA:54,0
DA:55,0
DA:56,0
DA:58,0
DA:64,0
DA:65,0
DA:66,0
DA:70,0
DA:71,0
DA:72,0
DA:74,0
DA:80,0
DA:81,0
DA:82,0
DA:86,0
DA:87,0
DA:88,0
DA:89,0
DA:92,0
DA:94,0
DA:96,0
DA:99,0
DA:102,0
DA:110,0
DA:111,0
DA:112,0
DA:113,0
DA:114,0
DA:116,0
DA:118,0
DA:124,0
DA:130,0
DA:134,0
DA:136,0
DA:138,0
DA:139,0
DA:140,0
DA:141,0
DA:144,0
DA:145,0
DA:146,0
DA:148,0
DA:149,0
DA:155,0
DA:159,0
DA:160,0
DA:174,0
DA:175,0
DA:183,0
DA:184,0
DA:185,0
DA:187,0
DA:188,0
DA:192,0
DA:197,0
DA:201,0
DA:205,0
DA:210,0
DA:211,0
DA:215,0
DA:225,0
DA:226,0
DA:227,0
DA:234,0
DA:235,0
DA:236,0
DA:242,0
DA:243,0
DA:246,0
DA:248,0
DA:295,0
DA:326,0
DA:384,0
DA:385,0
DA:395,0
DA:420,0
DA:458,0
DA:459,0
DA:460,0
DA:538,0
LF:96
LH:0
BRDA:56,0,0,0
BRDA:56,0,1,0
BRDA:72,1,0,0
BRDA:72,1,1,0
BRDA:87,2,0,0
BRDA:87,2,1,0
BRDA:87,3,0,0
BRDA:87,3,1,0
BRDA:138,4,0,0
BRDA:138,4,1,0
BRDA:148,5,0,0
BRDA:148,5,1,0
BRDA:187,6,0,0
BRDA:187,6,1,0
BRDA:197,7,0,0
BRDA:197,7,1,0
BRDA:226,8,0,0
BRDA:226,8,1,0
BRDA:235,9,0,0
BRDA:235,9,1,0
BRDA:268,10,0,0
BRDA:268,10,1,0
BRDA:276,11,0,0
BRDA:276,11,1,0
BRDA:278,12,0,0
BRDA:278,12,1,0
BRDA:286,13,0,0
BRDA:286,13,1,0
BRDA:291,14,0,0
BRDA:291,14,1,0
BRDA:349,15,0,0
BRDA:349,15,1,0
BRDA:354,16,0,0
BRDA:354,16,1,0
BRDA:356,17,0,0
BRDA:356,17,1,0
BRDA:369,18,0,0
BRDA:369,18,1,0
BRDA:373,19,0,0
BRDA:373,19,1,0
BRDA:397,20,0,0
BRDA:397,20,1,0
BRDA:401,21,0,0
BRDA:401,21,1,0
BRDA:408,22,0,0
BRDA:408,22,1,0
BRDA:422,23,0,0
BRDA:422,23,1,0
BRDA:426,24,0,0
BRDA:426,24,1,0
BRDA:433,25,0,0
BRDA:433,25,1,0
BRDA:443,26,0,0
BRDA:443,26,1,0
BRDA:447,27,0,0
BRDA:447,27,1,0
BRDA:463,28,0,0
BRDA:463,28,1,0
BRDA:474,29,0,0
BRDA:474,29,1,0
BRDA:478,30,0,0
BRDA:478,30,1,0
BRDA:480,31,0,0
BRDA:480,31,1,0
BRDA:488,32,0,0
BRDA:488,32,1,0
BRDA:490,33,0,0
BRDA:490,33,1,0
BRDA:492,34,0,0
BRDA:492,34,1,0
BRDA:500,35,0,0
BRDA:500,35,1,0
BRDA:502,36,0,0
BRDA:502,36,1,0
BRDA:504,37,0,0
BRDA:504,37,1,0
BRF:76
BRH:0
end_of_record
TN:
SF:app/calendar/index.tsx
FN:18,CalendarScreen
FN:23,(anonymous_1)
FN:30,(anonymous_2)
FN:41,(anonymous_3)
FN:72,(anonymous_4)
FN:94,(anonymous_5)
FNF:6
FNH:0
FNDA:0,CalendarScreen
FNDA:0,(anonymous_1)
FNDA:0,(anonymous_2)
FNDA:0,(anonymous_3)
FNDA:0,(anonymous_4)
FNDA:0,(anonymous_5)
DA:19,0
DA:20,0
DA:21,0
DA:23,0
DA:24,0
DA:27,0
DA:28,0
DA:30,0
DA:31,0
DA:34,0
DA:42,0
DA:43,0
DA:73,0
DA:74,0
DA:95,0
DA:96,0
DA:97,0
DA:99,0
DA:152,0
LF:19
LH:0
BRDA:82,0,0,0
BRDA:82,0,1,0
BRDA:82,0,2,0
BRDA:101,1,0,0
BRDA:101,1,1,0
BRDA:111,2,0,0
BRDA:111,2,1,0
BRDA:132,3,0,0
BRDA:132,3,1,0
BRDA:156,4,0,0
BRDA:156,4,1,0
BRF:11
BRH:0
end_of_record
TN:
SF:app/journal/index.tsx
FN:32,JournalScreen
FN:38,(anonymous_1)
FN:48,(anonymous_2)
FN:58,(anonymous_3)
FN:67,(anonymous_4)
FN:72,(anonymous_5)
FN:104,(anonymous_6)
FN:174,(anonymous_7)
FN:198,EntryCard
FN:204,(anonymous_9)
FN:205,(anonymous_10)
FN:241,(anonymous_11)
FN:260,(anonymous_12)
FNF:13
FNH:0
FNDA:0,JournalScreen
FNDA:0,(anonymous_1)
FNDA:0,(anonymous_2)
FNDA:0,(anonymous_3)
FNDA:0,(anonymous_4)
FNDA:0,(anonymous_5)
FNDA:0,(anonymous_6)
FNDA:0,(anonymous_7)
FNDA:0,EntryCard
FNDA:0,(anonymous_9)
FNDA:0,(anonymous_10)
FNDA:0,(anonymous_11)
FNDA:0,(anonymous_12)
DA:33,0
DA:34,0
DA:36,0
DA:38,0
DA:39,0
DA:41,0
DA:48,0
DA:49,0
DA:50,0
DA:59,0
DA:60,0
DA:67,0
DA:68,0
DA:69,0
DA:72,0
DA:73,0
DA:74,0
DA:75,0
DA:76,0
DA:78,0
DA:79,0
DA:80,0
DA:82,0
DA:89,0
DA:91,0
DA:105,0
DA:106,0
DA:175,0
DA:199,0
DA:200,0
DA:202,0
DA:204,0
DA:205,0
DA:206,0
DA:222,0
DA:241,0
DA:261,0
DA:281,0
LF:38
LH:0
BRDA:78,0,0,0
BRDA:78,0,1,0
BRDA:79,1,0,0
BRDA:79,1,1,0
BRDA:80,2,0,0
BRDA:80,2,1,0
BRDA:85,3,0,0
BRDA:85,3,1,0
BRDA:141,4,0,0
BRDA:141,4,1,0
BRDA:141,4,2,0
BRDA:151,5,0,0
BRDA:151,5,1,0
BRDA:160,6,0,0
BRDA:160,6,1,0
BRDA:164,7,0,0
BRDA:164,7,1,0
BRDA:202,8,0,0
BRDA:202,8,1,0
BRDA:252,9,0,0
BRDA:252,9,1,0
BRDA:258,10,0,0
BRDA:258,10,1,0
BRDA:258,10,2,0
BRDA:265,11,0,0
BRDA:265,11,1,0
BRDA:271,12,0,0
BRDA:271,12,1,0
BRF:28
BRH:0
end_of_record
TN:
SF:app/journal/new.js
FN:24,NewJournalEntryScreen
FN:37,(anonymous_1)
FN:49,(anonymous_2)
FN:55,(anonymous_3)
FN:64,(anonymous_4)
FN:66,(anonymous_5)
FN:72,(anonymous_6)
FN:79,(anonymous_7)
FN:119,(anonymous_8)
FN:127,(anonymous_9)
FN:148,(anonymous_10)
FN:176,(anonymous_11)
FN:184,(anonymous_12)
FN:215,(anonymous_13)
FN:222,(anonymous_14)
FN:258,(anonymous_15)
FN:261,(anonymous_16)
FN:285,MoodButton
FN:288,(anonymous_18)
FN:295,(anonymous_19)
FNF:20
FNH:0
FNDA:0,NewJournalEntryScreen
FNDA:0,(anonymous_1)
FNDA:0,(anonymous_2)
FNDA:0,(anonymous_3)
FNDA:0,(anonymous_4)
FNDA:0,(anonymous_5)
FNDA:0,(anonymous_6)
FNDA:0,(anonymous_7)
FNDA:0,(anonymous_8)
FNDA:0,(anonymous_9)
FNDA:0,(anonymous_10)
FNDA:0,(anonymous_11)
FNDA:0,(anonymous_12)
FNDA:0,(anonymous_13)
FNDA:0,(anonymous_14)
FNDA:0,(anonymous_15)
FNDA:0,(anonymous_16)
FNDA:0,MoodButton
FNDA:0,(anonymous_18)
FNDA:0,(anonymous_19)
DA:25,0
DA:26,0
DA:28,0
DA:29,0
DA:30,0
DA:31,0
DA:32,0
DA:33,0
DA:35,0
DA:37,0
DA:38,0
DA:45,0
DA:49,0
DA:50,0
DA:51,0
DA:55,0
DA:56,0
DA:57,0
DA:58,0
DA:60,0
DA:64,0
DA:65,0
DA:66,0
DA:68,0
DA:72,0
DA:73,0
DA:74,0
DA:75,0
DA:79,0
DA:80,0
DA:81,0
DA:82,0
DA:85,0
DA:87,0
DA:88,0
DA:96,0
DA:97,0
DA:98,0
DA:99,0
DA:100,0
DA:101,0
DA:102,0
DA:104,0
DA:105,0
DA:106,0
DA:107,0
DA:110,0
DA:112,0
DA:116,0
DA:119,0
DA:122,0
DA:123,0
DA:127,0
DA:129,0
DA:132,0
DA:133,0
DA:136,0
DA:138,0
DA:148,0
DA:177,0
DA:184,0
DA:216,0
DA:222,0
DA:259,0
DA:261,0
DA:286,0
DA:288,0
DA:289,0
DA:295,0
DA:296,0
DA:304,0
DA:323,0
LF:72
LH:0
BRDA:50,0,0,0
BRDA:50,0,1,0
BRDA:55,1,0,0
BRDA:65,2,0,0
BRDA:65,2,1,0
BRDA:73,3,0,0
BRDA:73,3,1,0
BRDA:73,4,0,0
BRDA:73,4,1,0
BRDA:80,5,0,0
BRDA:80,5,1,0
BRDA:99,6,0,0
BRDA:99,6,1,0
BRDA:104,7,0,0
BRDA:104,7,1,0
BRDA:105,8,0,0
BRDA:105,8,1,0
BRDA:106,9,0,0
BRDA:106,9,1,0
BRDA:154,10,0,0
BRDA:154,10,1,0
BRDA:155,11,0,0
BRDA:155,11,1,0
BRDA:155,11,2,0
BRDA:157,12,0,0
BRDA:157,12,1,0
BRDA:157,12,2,0
BRDA:158,13,0,0
BRDA:158,13,1,0
BRDA:164,14,0,0
BRDA:164,14,1,0
BRDA:212,15,0,0
BRDA:212,15,1,0
BRDA:220,16,0,0
BRDA:220,16,1,0
BRDA:227,17,0,0
BRDA:227,17,1,0
BRDA:246,18,0,0
BRDA:246,18,1,0
BRDA:254,19,0,0
BRDA:254,19,1,0
BRDA:309,20,0,0
BRDA:309,20,1,0
BRDA:317,21,0,0
BRDA:317,21,1,0
BRF:45
BRH:0
end_of_record
TN:
SF:app/lunar-revolution/[month].tsx
FN:27,LunarRevolutionMonthScreen
FN:45,(anonymous_1)
FN:54,(anonymous_2)
FN:84,(anonymous_3)
FN:93,(anonymous_4)
FN:98,(anonymous_5)
FN:116,(anonymous_6)
FN:153,(anonymous_7)
FN:179,(anonymous_8)
FN:197,(anonymous_9)
FN:204,(anonymous_10)
FN:248,SuggestionItem
FNF:12
FNH:0
FNDA:0,LunarRevolutionMonthScreen
FNDA:0,(anonymous_1)
FNDA:0,(anonymous_2)
FNDA:0,(anonymous_3)
FNDA:0,(anonymous_4)
FNDA:0,(anonymous_5)
FNDA:0,(anonymous_6)
FNDA:0,(anonymous_7)
FNDA:0,(anonymous_8)
FNDA:0,(anonymous_9)
FNDA:0,(anonymous_10)
FNDA:0,SuggestionItem
DA:28,0
DA:29,0
DA:30,0
DA:36,0
DA:38,0
DA:39,0
DA:42,0
DA:43,0
DA:45,0
DA:46,0
DA:47,0
DA:48,0
DA:51,0
DA:54,0
DA:55,0
DA:56,0
DA:57,0
DA:60,0
DA:62,0
DA:64,0
DA:67,0
DA:69,0
DA:71,0
DA:72,0
DA:75,0
DA:77,0
DA:79,0
DA:84,0
DA:85,0
DA:86,0
DA:87,0
DA:88,0
DA:89,0
DA:93,0
DA:94,0
DA:98,0
DA:99,0
DA:100,0
DA:105,0
DA:106,0
DA:117,0
DA:118,0
DA:129,0
DA:130,0
DA:142,0
DA:143,0
DA:154,0
DA:155,0
DA:165,0
DA:167,0
DA:180,0
DA:181,0
DA:197,0
DA:204,0
DA:249,0
DA:260,0
LF:56
LH:0
BRDA:42,0,0,0
BRDA:42,0,1,0
BRDA:46,1,0,0
BRDA:46,1,1,0
BRDA:46,2,0,0
BRDA:46,2,1,0
BRDA:46,2,2,0
BRDA:55,3,0,0
BRDA:55,3,1,0
BRDA:55,4,0,0
BRDA:55,4,1,0
BRDA:69,5,0,0
BRDA:69,5,1,0
BRDA:99,6,0,0
BRDA:99,6,1,0
BRDA:105,7,0,0
BRDA:105,7,1,0
BRDA:105,8,0,0
BRDA:105,8,1,0
BRDA:129,9,0,0
BRDA:129,9,1,0
BRDA:142,10,0,0
BRDA:142,10,1,0
BRDA:149,11,0,0
BRDA:149,11,1,0
BRDA:215,12,0,0
BRDA:215,12,1,0
BRF:27
BRH:0
end_of_record
TN:
SF:app/lunar-revolution/index.tsx
FN:26,LunarRevolutionScreen
FN:37,(anonymous_1)
FN:44,(anonymous_2)
FN:49,(anonymous_3)
FN:69,(anonymous_4)
FN:106,(anonymous_5)
FN:139,(anonymous_6)
FN:146,(anonymous_7)
FNF:8
FNH:0
FNDA:0,LunarRevolutionScreen
FNDA:0,(anonymous_1)
FNDA:0,(anonymous_2)
FNDA:0,(anonymous_3)
FNDA:0,(anonymous_4)
FNDA:0,(anonymous_5)
FNDA:0,(anonymous_6)
FNDA:0,(anonymous_7)
DA:27,0
DA:28,0
DA:34,0
DA:37,0
DA:38,0
DA:39,0
DA:44,0
DA:45,0
DA:49,0
DA:50,0
DA:51,0
DA:52,0
DA:53,0
DA:54,0
DA:58,0
DA:59,0
DA:70,0
DA:71,0
DA:82,0
DA:83,0
DA:95,0
DA:96,0
DA:107,0
DA:108,0
DA:118,0
DA:139,0
DA:146,0
DA:163,0
LF:28
LH:0
BRDA:38,0,0,0
BRDA:38,0,1,0
BRDA:38,1,0,0
BRDA:38,1,1,0
BRDA:58,2,0,0
BRDA:58,2,1,0
BRDA:58,3,0,0
BRDA:58,3,1,0
BRDA:82,4,0,0
BRDA:82,4,1,0
BRDA:95,5,0,0
BRDA:95,5,1,0
BRDA:95,6,0,0
BRDA:95,6,1,0
BRDA:102,7,0,0
BRDA:102,7,1,0
BRDA:157,8,0,0
BRDA:157,8,1,0
BRF:18
BRH:0
end_of_record
TN:
SF:app/my-cycles/index.tsx
FN:16,MyCyclesScreen
FN:20,(anonymous_1)
FN:32,(anonymous_2)
FN:41,(anonymous_3)
FN:73,(anonymous_4)
FN:104,(anonymous_5)
FN:119,(anonymous_6)
FNF:7
FNH:0
FNDA:0,MyCyclesScreen
FNDA:0,(anonymous_1)
FNDA:0,(anonymous_2)
FNDA:0,(anonymous_3)
FNDA:0,(anonymous_4)
FNDA:0,(anonymous_5)
FNDA:0,(anonymous_6)
DA:17,0
DA:18,0
DA:20,0
DA:21,0
DA:24,0
DA:25,0
DA:26,0
DA:27,0
DA:32,0
DA:33,0
DA:42,0
DA:44,0
DA:45,0
DA:52,0
DA:54,0
DA:55,0
DA:57,0
DA:58,0
DA:66,0
DA:74,0
DA:75,0
DA:104,0
DA:120,0
DA:173,0
LF:24
LH:0
BRDA:25,0,0,0
BRDA:25,0,1,0
BRDA:94,1,0,0
BRDA:94,1,1,0
BRDA:98,2,0,0
BRDA:98,2,1,0
BRDA:115,3,0,0
BRDA:115,3,1,0
BRDA:132,4,0,0
BRDA:132,4,1,0
BRF:10
BRH:0
end_of_record
TN:
SF:app/natal-reading/_layout.js
FN:9,NatalReadingLayout
FNF:1
FNH:0
FNDA:0,NatalReadingLayout
DA:10,0
LF:1
LH:0
BRF:0
BRH:0
end_of_record
TN:
SF:app/natal-reading/setup.js
FN:22,NatalReadingSetupScreen
FN:40,(anonymous_1)
FN:49,(anonymous_2)
FN:91,(anonymous_3)
FN:143,(anonymous_4)
FN:152,(anonymous_5)
FN:219,(anonymous_6)
FN:231,(anonymous_7)
FN:243,(anonymous_8)
FN:262,(anonymous_9)
FN:274,(anonymous_10)
FN:293,(anonymous_11)
FNF:12
FNH:0
FNDA:0,NatalReadingSetupScreen
FNDA:0,(anonymous_1)
FNDA:0,(anonymous_2)
FNDA:0,(anonymous_3)
FNDA:0,(anonymous_4)
FNDA:0,(anonymous_5)
FNDA:0,(anonymous_6)
FNDA:0,(anonymous_7)
FNDA:0,(anonymous_8)
FNDA:0,(anonymous_9)
FNDA:0,(anonymous_10)
FNDA:0,(anonymous_11)
DA:23,0
DA:36,0
DA:37,0
DA:38,0
DA:40,0
DA:41,0
DA:44,0
DA:45,0
DA:49,0
DA:50,0
DA:51,0
DA:52,0
DA:55,0
DA:56,0
DA:59,0
DA:60,0
DA:63,0
DA:71,0
DA:73,0
DA:82,0
DA:87,0
DA:91,0
DA:92,0
DA:94,0
DA:95,0
DA:96,0
DA:97,0
DA:102,0
DA:103,0
DA:104,0
DA:105,0
DA:106,0
DA:107,0
DA:108,0
DA:110,0
DA:111,0
DA:112,0
DA:114,0
DA:115,0
DA:116,0
DA:118,0
DA:119,0
DA:120,0
DA:122,0
DA:123,0
DA:124,0
DA:126,0
DA:127,0
DA:128,0
DA:130,0
DA:131,0
DA:132,0
DA:134,0
DA:135,0
DA:136,0
DA:139,0
DA:143,0
DA:145,0
DA:146,0
DA:147,0
DA:148,0
DA:149,0
DA:152,0
DA:153,0
DA:155,0
DA:156,0
DA:158,0
DA:159,0
DA:162,0
DA:164,0
DA:178,0
DA:184,0
DA:185,0
DA:188,0
DA:189,0
DA:191,0
DA:195,0
DA:219,0
DA:231,0
DA:243,0
DA:262,0
DA:274,0
DA:293,0
DA:351,0
LF:84
LH:0
BRDA:44,0,0,0
BRDA:44,0,1,0
BRDA:50,1,0,0
BRDA:50,1,1,0
BRDA:50,2,0,0
BRDA:50,2,1,0
BRDA:60,3,0,0
BRDA:60,3,1,0
BRDA:68,4,0,0
BRDA:68,4,1,0
BRDA:95,5,0,0
BRDA:95,5,1,0
BRDA:110,6,0,0
BRDA:110,6,1,0
BRDA:110,7,0,0
BRDA:110,7,1,0
BRDA:114,8,0,0
BRDA:114,8,1,0
BRDA:114,9,0,0
BRDA:114,9,1,0
BRDA:118,10,0,0
BRDA:118,10,1,0
BRDA:118,11,0,0
BRDA:118,11,1,0
BRDA:122,12,0,0
BRDA:122,12,1,0
BRDA:122,13,0,0
BRDA:122,13,1,0
BRDA:126,14,0,0
BRDA:126,14,1,0
BRDA:126,15,0,0
BRDA:126,15,1,0
BRDA:130,16,0,0
BRDA:130,16,1,0
BRDA:130,17,0,0
BRDA:130,17,1,0
BRDA:134,18,0,0
BRDA:134,18,1,0
BRDA:134,19,0,0
BRDA:134,19,1,0
BRDA:145,20,0,0
BRDA:145,20,1,0
BRDA:145,21,0,0
BRDA:145,21,1,0
BRDA:146,22,0,0
BRDA:146,22,1,0
BRDA:146,23,0,0
BRDA:146,23,1,0
BRDA:147,24,0,0
BRDA:147,24,1,0
BRDA:147,25,0,0
BRDA:147,25,1,0
BRDA:148,26,0,0
BRDA:148,26,1,0
BRDA:148,27,0,0
BRDA:148,27,1,0
BRDA:153,28,0,0
BRDA:153,28,1,0
BRDA:162,29,0,0
BRDA:162,29,1,0
BRDA:299,30,0,0
BRDA:299,30,1,0
BRDA:304,31,0,0
BRDA:304,31,1,0
BRDA:310,32,0,0
BRDA:310,32,1,0
BRDA:326,33,0,0
BRDA:326,33,1,0
BRDA:331,34,0,0
BRDA:331,34,1,0
BRF:70
BRH:0
end_of_record
TN:
SF:app/onboarding/_layout.js
FN:7,OnboardingLayout
FNF:1
FNH:0
FNDA:0,OnboardingLayout
DA:8,0
LF:1
LH:0
BRF:0
BRH:0
end_of_record
TN:
SF:app/onboarding/consent.js
FN:17,ConsentScreen
FN:21,(anonymous_1)
FN:50,(anonymous_2)
FN:106,(anonymous_3)
FN:140,(anonymous_4)
FN:156,(anonymous_5)
FN:164,(anonymous_6)
FNF:7
FNH:0
FNDA:0,ConsentScreen
FNDA:0,(anonymous_1)
FNDA:0,(anonymous_2)
FNDA:0,(anonymous_3)
FNDA:0,(anonymous_4)
FNDA:0,(anonymous_5)
FNDA:0,(anonymous_6)
DA:18,0
DA:19,0
DA:21,0
DA:22,0
DA:23,0
DA:28,0
DA:31,0
DA:33,0
DA:40,0
DA:43,0
DA:45,0
DA:46,0
DA:50,0
DA:51,0
DA:54,0
DA:106,0
DA:140,0
DA:206,0
LF:18
LH:0
BRDA:22,0,0,0
BRDA:22,0,1,0
BRDA:109,1,0,0
BRDA:109,1,1,0
BRDA:110,2,0,0
BRDA:110,2,1,0
BRDA:143,3,0,0
BRDA:143,3,1,0
BRDA:144,4,0,0
BRDA:144,4,1,0
BRDA:183,5,0,0
BRDA:183,5,1,0
BRDA:189,6,0,0
BRDA:189,6,1,0
BRDA:194,7,0,0
BRDA:194,7,1,0
BRDA:197,8,0,0
BRDA:197,8,1,0
BRF:18
BRH:0
end_of_record
TN:
SF:app/onboarding/cycle-setup.js
FN:22,CycleSetupScreen
FN:27,(anonymous_1)
FN:46,(anonymous_2)
FN:89,(anonymous_3)
FN:107,(anonymous_4)
FN:129,(anonymous_5)
FN:136,(anonymous_6)
FNF:7
FNH:0
FNDA:0,CycleSetupScreen
FNDA:0,(anonymous_1)
FNDA:0,(anonymous_2)
FNDA:0,(anonymous_3)
FNDA:0,(anonymous_4)
FNDA:0,(anonymous_5)
FNDA:0,(anonymous_6)
DA:20,0
DA:23,0
DA:24,0
DA:25,0
DA:27,0
DA:28,0
DA:30,0
DA:36,0
DA:39,0
DA:41,0
DA:42,0
DA:46,0
DA:47,0
DA:50,0
DA:89,0
DA:108,0
DA:109,0
DA:110,0
DA:130,0
DA:136,0
DA:185,0
LF:21
LH:0
BRDA:59,0,0,0
BRDA:59,0,1,0
BRDA:102,1,0,0
BRDA:102,1,1,0
BRDA:109,2,0,0
BRDA:109,2,1,0
BRDA:134,3,0,0
BRDA:134,3,1,0
BRDA:141,4,0,0
BRDA:141,4,1,0
BRF:10
BRH:0
end_of_record
TN:
SF:app/onboarding/disclaimer.js
FN:18,DisclaimerScreen
FN:21,(anonymous_1)
FN:57,(anonymous_2)
FN:119,(anonymous_3)
FN:133,(anonymous_4)
FN:167,DisclaimerItem
FNF:6
FNH:0
FNDA:0,DisclaimerScreen
FNDA:0,(anonymous_1)
FNDA:0,(anonymous_2)
FNDA:0,(anonymous_3)
FNDA:0,(anonymous_4)
FNDA:0,DisclaimerItem
DA:19,0
DA:21,0
DA:22,0
DA:23,0
DA:28,0
DA:31,0
DA:33,0
DA:34,0
DA:35,0
DA:38,0
DA:39,0
DA:42,0
DA:43,0
DA:50,0
DA:52,0
DA:53,0
DA:57,0
DA:58,0
DA:61,0
DA:119,0
DA:133,0
DA:168,0
DA:181,0
LF:23
LH:0
BRDA:22,0,0,0
BRDA:22,0,1,0
BRDA:39,1,0,0
BRDA:39,1,1,0
BRDA:42,2,0,0
BRDA:42,2,1,0
BRDA:122,3,0,0
BRDA:122,3,1,0
BRDA:123,4,0,0
BRDA:123,4,1,0
BRDA:143,5,0,0
BRDA:143,5,1,0
BRDA:149,6,0,0
BRDA:149,6,1,0
BRDA:154,7,0,0
BRDA:154,7,1,0
BRDA:157,8,0,0
BRDA:157,8,1,0
BRF:18
BRH:0
end_of_record
TN:
SF:app/onboarding/profile-setup.js
FN:21,ProfileSetupScreen
FN:28,(anonymous_1)
FN:50,(anonymous_2)
FN:107,(anonymous_3)
FN:125,(anonymous_4)
FNF:5
FNH:0
FNDA:0,ProfileSetupScreen
FNDA:0,(anonymous_1)
FNDA:0,(anonymous_2)
FNDA:0,(anonymous_3)
FNDA:0,(anonymous_4)
DA:22,0
DA:24,0
DA:25,0
DA:26,0
DA:28,0
DA:30,0
DA:31,0
DA:32,0
DA:36,0
DA:41,0
DA:42,0
DA:43,0
DA:47,0
DA:50,0
DA:51,0
DA:54,0
DA:107,0
DA:126,0
DA:127,0
DA:128,0
DA:170,0
LF:21
LH:0
BRDA:24,0,0,0
BRDA:24,0,1,0
BRDA:25,1,0,0
BRDA:25,1,1,0
BRDA:30,2,0,0
BRDA:30,2,1,0
BRDA:41,3,0,0
BRDA:41,3,1,0
BRDA:63,4,0,0
BRDA:63,4,1,0
BRDA:120,5,0,0
BRDA:120,5,1,0
BRDA:127,6,0,0
BRDA:127,6,1,0
BRF:14
BRH:0
end_of_record
TN:
SF:app/onboarding/tour.js
FN:40,TourScreen
FN:45,(anonymous_1)
FN:52,(anonymous_2)
FN:69,(anonymous_3)
FN:76,(anonymous_4)
FN:163,(anonymous_5)
FN:199,FeatureItem
FNF:7
FNH:0
FNDA:0,TourScreen
FNDA:0,(anonymous_1)
FNDA:0,(anonymous_2)
FNDA:0,(anonymous_3)
FNDA:0,(anonymous_4)
FNDA:0,(anonymous_5)
FNDA:0,FeatureItem
DA:17,0
DA:19,0
DA:41,0
DA:42,0
DA:43,0
DA:45,0
DA:46,0
DA:48,0
DA:53,0
DA:54,0
DA:57,0
DA:65,0
DA:69,0
DA:70,0
DA:72,0
DA:77,0
DA:78,0
DA:81,0
DA:88,0
DA:92,0
DA:94,0
DA:164,0
DA:200,0
DA:210,0
LF:24
LH:0
BRDA:46,0,0,0
BRDA:46,0,1,0
BRDA:70,1,0,0
BRDA:70,1,1,0
BRDA:134,2,0,0
BRDA:134,2,1,0
BRDA:141,3,0,0
BRDA:141,3,1,0
BRDA:148,4,0,0
BRDA:148,4,1,0
BRDA:168,5,0,0
BRDA:168,5,1,0
BRDA:187,6,0,0
BRDA:187,6,1,0
BRF:14
BRH:0
end_of_record
TN:
SF:app/profile/summary.js
FN:10,ProfileSummaryScreen
FN:17,(anonymous_1)
FN:34,(anonymous_2)
FN:44,(anonymous_3)
FN:62,(anonymous_4)
FN:67,(anonymous_5)
FN:141,(anonymous_6)
FN:162,(anonymous_7)
FN:169,(anonymous_8)
FN:178,InfoRow
FN:192,QuickActionCard
FNF:11
FNH:0
FNDA:0,ProfileSummaryScreen
FNDA:0,(anonymous_1)
FNDA:0,(anonymous_2)
FNDA:0,(anonymous_3)
FNDA:0,(anonymous_4)
FNDA:0,(anonymous_5)
FNDA:0,(anonymous_6)
FNDA:0,(anonymous_7)
FNDA:0,(anonymous_8)
FNDA:0,InfoRow
FNDA:0,QuickActionCard
DA:11,0
DA:12,0
DA:14,0
DA:15,0
DA:17,0
DA:18,0
DA:32,0
DA:34,0
DA:35,0
DA:36,0
DA:44,0
DA:45,0
DA:46,0
DA:52,0
DA:62,0
DA:67,0
DA:141,0
DA:162,0
DA:169,0
DA:179,0
DA:193,0
DA:207,0
LF:22
LH:0
BRDA:35,0,0,0
BRDA:35,0,1,0
BRDA:45,1,0,0
BRDA:45,1,1,0
BRDA:88,2,0,0
BRDA:88,2,1,0
BRDA:93,3,0,0
BRDA:93,3,1,0
BRDA:131,4,0,0
BRDA:131,4,1,0
BRF:10
BRH:0
end_of_record
TN:
SF:app/settings/about.js
FN:18,AboutScreen
FN:19,(anonymous_1)
FN:23,(anonymous_2)
FN:27,(anonymous_3)
FN:46,(anonymous_4)
FNF:5
FNH:0
FNDA:0,AboutScreen
FNDA:0,(anonymous_1)
FNDA:0,(anonymous_2)
FNDA:0,(anonymous_3)
FNDA:0,(anonymous_4)
DA:16,0
DA:19,0
DA:20,0
DA:23,0
DA:24,0
DA:27,0
DA:28,0
DA:31,0
DA:46,0
DA:130,0
LF:10
LH:0
BRF:0
BRH:0
end_of_record
TN:
SF:app/settings/cycle.js
FN:14,CycleSettingsScreen
FN:15,(anonymous_1)
FN:17,(anonymous_2)
FN:21,(anonymous_3)
FN:31,(anonymous_4)
FN:52,(anonymous_5)
FNF:6
FNH:0
FNDA:0,CycleSettingsScreen
FNDA:0,(anonymous_1)
FNDA:0,(anonymous_2)
FNDA:0,(anonymous_3)
FNDA:0,(anonymous_4)
FNDA:0,(anonymous_5)
DA:15,0
DA:17,0
DA:18,0
DA:21,0
DA:24,0
DA:32,0
DA:33,0
DA:53,0
DA:54,0
DA:66,0
LF:10
LH:0
BRF:0
BRH:0
end_of_record
TN:
SF:app/settings/data-policy.js
FN:197,DataPolicyScreen
FNF:1
FNH:0
FNDA:0,DataPolicyScreen
DA:13,0
DA:198,0
DA:224,0
LF:3
LH:0
BRF:0
BRH:0
end_of_record
TN:
SF:app/settings/disclaimer.js
FN:107,DisclaimerScreen
FNF:1
FNH:0
FNDA:0,DisclaimerScreen
DA:13,0
DA:108,0
DA:134,0
LF:3
LH:0
BRF:0
BRH:0
end_of_record
TN:
SF:app/settings/privacy.js
FN:23,PrivacyScreen
FN:31,(anonymous_1)
FN:36,(anonymous_2)
FN:44,(anonymous_3)
FN:51,(anonymous_4)
FN:82,(anonymous_5)
FN:103,(anonymous_6)
FN:117,(anonymous_7)
FN:131,(anonymous_8)
FN:146,(anonymous_9)
FN:154,(anonymous_10)
FN:164,(anonymous_11)
FN:177,(anonymous_12)
FN:187,(anonymous_13)
FN:212,(anonymous_14)
FN:284,(anonymous_15)
FN:298,(anonymous_16)
FN:304,(anonymous_17)
FNF:18
FNH:0
FNDA:0,PrivacyScreen
FNDA:0,(anonymous_1)
FNDA:0,(anonymous_2)
FNDA:0,(anonymous_3)
FNDA:0,(anonymous_4)
FNDA:0,(anonymous_5)
FNDA:0,(anonymous_6)
FNDA:0,(anonymous_7)
FNDA:0,(anonymous_8)
FNDA:0,(anonymous_9)
FNDA:0,(anonymous_10)
FNDA:0,(anonymous_11)
FNDA:0,(anonymous_12)
FNDA:0,(anonymous_13)
FNDA:0,(anonymous_14)
FNDA:0,(anonymous_15)
FNDA:0,(anonymous_16)
FNDA:0,(anonymous_17)
DA:24,0
DA:25,0
DA:26,0
DA:27,0
DA:28,0
DA:29,0
DA:31,0
DA:32,0
DA:33,0
DA:36,0
DA:37,0
DA:38,0
DA:39,0
DA:40,0
DA:41,0
DA:44,0
DA:45,0
DA:46,0
DA:47,0
DA:51,0
DA:52,0
DA:54,0
DA:66,0
DA:70,0
DA:71,0
DA:72,0
DA:73,0
DA:78,0
DA:82,0
DA:83,0
DA:84,0
DA:85,0
DA:87,0
DA:89,0
DA:92,0
DA:99,0
DA:103,0
DA:104,0
DA:105,0
DA:106,0
DA:107,0
DA:108,0
DA:110,0
DA:111,0
DA:113,0
DA:117,0
DA:118,0
DA:119,0
DA:120,0
DA:121,0
DA:122,0
DA:124,0
DA:125,0
DA:127,0
DA:131,0
DA:132,0
DA:146,0
DA:147,0
DA:155,0
DA:156,0
DA:157,0
DA:159,0
DA:160,0
DA:164,0
DA:169,0
DA:173,0
DA:177,0
DA:182,0
DA:183,0
DA:187,0
DA:197,0
DA:212,0
DA:299,0
DA:306,0
DA:307,0
DA:308,0
DA:309,0
DA:404,0
LF:78
LH:0
BRDA:38,0,0,0
BRDA:38,0,1,0
BRDA:39,1,0,0
BRDA:39,1,1,0
BRDA:41,2,0,0
BRDA:41,2,1,0
BRDA:46,3,0,0
BRDA:46,3,1,0
BRDA:46,4,0,0
BRDA:46,4,1,0
BRDA:52,5,0,0
BRDA:52,5,1,0
BRDA:87,6,0,0
BRDA:87,6,1,0
BRDA:93,7,0,0
BRDA:93,7,1,0
BRDA:94,8,0,0
BRDA:94,8,1,0
BRDA:159,9,0,0
BRDA:159,9,1,0
BRDA:169,10,0,0
BRDA:169,10,1,0
BRDA:230,11,0,0
BRDA:230,11,1,0
BRDA:231,12,0,0
BRDA:231,12,1,0
BRDA:236,13,0,0
BRDA:236,13,1,0
BRDA:243,14,0,0
BRDA:243,14,1,0
BRDA:262,15,0,0
BRDA:262,15,1,0
BRDA:267,16,0,0
BRDA:267,16,1,0
BRDA:342,17,0,0
BRDA:342,17,1,0
BRDA:361,18,0,0
BRDA:361,18,1,0
BRF:38
BRH:0
end_of_record
TN:
SF:components/CycleCountdown.tsx
FN:14,CycleCountdown
FN:37,(anonymous_1)
FN:53,(anonymous_2)
FN:57,(anonymous_3)
FNF:4
FNH:0
FNDA:0,CycleCountdown
FNDA:0,(anonymous_1)
FNDA:0,(anonymous_2)
FNDA:0,(anonymous_3)
DA:15,0
DA:16,0
DA:17,0
DA:18,0
DA:19,0
DA:22,0
DA:23,0
DA:25,0
DA:38,0
DA:39,0
DA:51,0
DA:53,0
DA:54,0
DA:57,0
DA:58,0
DA:61,0
DA:63,0
DA:64,0
DA:65,0
DA:67,0
DA:68,0
DA:72,0
DA:107,0
LF:23
LH:0
BRDA:22,0,0,0
BRDA:22,0,1,0
BRDA:22,1,0,0
BRDA:22,1,1,0
BRDA:51,2,0,0
BRDA:51,2,1,0
BRDA:61,3,0,0
BRDA:61,3,1,0
BRDA:61,4,0,0
BRDA:61,4,1,0
BRDA:65,5,0,0
BRDA:65,5,1,0
BRDA:90,6,0,0
BRDA:90,6,1,0
BRDA:92,7,0,0
BRDA:92,7,1,0
BRDA:97,8,0,0
BRDA:97,8,1,0
BRF:18
BRH:0
end_of_record
TN:
SF:components/CycleHistoryBar.tsx
FN:14,CycleHistoryBar
FN:15,(anonymous_1)
FNF:2
FNH:0
FNDA:0,CycleHistoryBar
FNDA:0,(anonymous_1)
DA:15,0
DA:16,0
DA:17,0
DA:20,0
DA:21,0
DA:22,0
DA:23,0
DA:26,0
DA:27,0
DA:28,0
DA:29,0
DA:31,0
DA:85,0
LF:13
LH:0
BRDA:21,0,0,0
BRDA:21,0,1,0
BRDA:22,1,0,0
BRDA:22,1,1,0
BRDA:23,2,0,0
BRDA:23,2,1,0
BRDA:26,3,0,0
BRDA:26,3,1,0
BRDA:27,4,0,0
BRDA:27,4,1,0
BRDA:29,5,0,0
BRDA:29,5,1,0
BRDA:38,6,0,0
BRDA:38,6,1,0
BRDA:46,7,0,0
BRDA:46,7,1,0
BRDA:58,8,0,0
BRDA:58,8,1,0
BRDA:58,8,2,0
BRDA:66,9,0,0
BRDA:66,9,1,0
BRF:21
BRH:0
end_of_record
TN:
SF:components/CycleStats.tsx
FN:10,CycleStats
FNF:1
FNH:0
FNDA:0,CycleStats
DA:11,0
DA:12,0
DA:14,0
DA:17,0
DA:19,0
DA:53,0
LF:6
LH:0
BRDA:14,0,0,0
BRDA:14,0,1,0
BRDA:17,1,0,0
BRDA:17,1,1,0
BRDA:24,2,0,0
BRDA:24,2,1,0
BRDA:44,3,0,0
BRDA:44,3,1,0
BRF:8
BRH:0
end_of_record
TN:
SF:components/EmptyState.js
FN:10,EmptyState
FNF:1
FNH:0
FNDA:0,EmptyState
DA:18,0
DA:33,0
LF:2
LH:0
BRDA:11,0,0,0
BRDA:12,1,0,0
BRDA:13,2,0,0
BRDA:24,3,0,0
BRDA:24,3,1,0
BRDA:24,3,2,0
BRF:6
BRH:0
end_of_record
TN:
SF:components/ErrorState.js
FN:10,ErrorState
FN:34,NetworkError
FN:45,ServerError
FNF:3
FNH:0
FNDA:0,ErrorState
FNDA:0,NetworkError
FNDA:0,ServerError
DA:18,0
DA:35,0
DA:46,0
DA:56,0
LF:4
LH:0
BRDA:11,0,0,0
BRDA:12,1,0,0
BRDA:13,2,0,0
BRDA:14,3,0,0
BRDA:24,4,0,0
BRDA:24,4,1,0
BRF:6
BRH:0
end_of_record
TN:
SF:components/FertilityLegend.tsx
FN:8,FertilityLegend
FN:20,(anonymous_1)
FNF:2
FNH:0
FNDA:0,FertilityLegend
FNDA:0,(anonymous_1)
DA:9,0
DA:15,0
DA:21,0
DA:36,0
LF:4
LH:0
BRF:0
BRH:0
end_of_record
TN:
SF:components/FertilityWidget.tsx
FN:10,FertilityWidget
FN:13,(anonymous_1)
FN:26,(anonymous_2)
FNF:3
FNH:0
FNDA:0,FertilityWidget
FNDA:0,(anonymous_1)
FNDA:0,(anonymous_2)
DA:11,0
DA:13,0
DA:14,0
DA:15,0
DA:17,0
DA:19,0
DA:20,0
DA:21,0
DA:23,0
DA:26,0
DA:27,0
DA:30,0
DA:31,0
DA:32,0
DA:34,0
DA:40,0
DA:42,0
DA:63,0
LF:18
LH:0
BRDA:17,0,0,0
BRDA:17,0,1,0
BRDA:17,1,0,0
BRDA:17,1,1,0
BRDA:23,2,0,0
BRDA:23,2,1,0
BRDA:23,3,0,0
BRDA:23,3,1,0
BRDA:40,4,0,0
BRDA:40,4,1,0
BRF:10
BRH:0
end_of_record
TN:
SF:components/MedicalDisclaimer.js
FN:11,MedicalDisclaimer
FNF:1
FNH:0
FNDA:0,MedicalDisclaimer
DA:12,0
DA:13,0
DA:23,0
DA:36,0
LF:4
LH:0
BRDA:11,0,0,0
BRDA:12,1,0,0
BRDA:12,1,1,0
BRF:3
BRH:0
end_of_record
TN:
SF:components/NatalLockCard.js
FN:27,NatalLockCard
FN:28,(anonymous_1)
FN:29,(anonymous_2)
FN:85,(anonymous_3)
FNF:4
FNH:0
FNDA:0,NatalLockCard
FNDA:0,(anonymous_1)
FNDA:0,(anonymous_2)
FNDA:0,(anonymous_3)
DA:8,0
DA:28,0
DA:29,0
DA:32,0
DA:33,0
DA:34,0
DA:36,0
DA:85,0
DA:107,0
LF:9
LH:0
BRDA:29,0,0,0
BRDA:29,0,1,0
BRF:2
BRH:0
end_of_record
TN:
SF:components/QuickPeriodLog.tsx
FN:13,QuickPeriodLog
FN:20,(anonymous_1)
FN:29,(anonymous_2)
FN:66,(anonymous_3)
FNF:4
FNH:0
FNDA:0,QuickPeriodLog
FNDA:0,(anonymous_1)
FNDA:0,(anonymous_2)
FNDA:0,(anonymous_3)
DA:14,0
DA:15,0
DA:17,0
DA:18,0
DA:20,0
DA:21,0
DA:22,0
DA:25,0
DA:29,0
DA:30,0
DA:33,0
DA:34,0
DA:35,0
DA:36,0
DA:39,0
DA:40,0
DA:42,0
DA:43,0
DA:44,0
DA:46,0
DA:47,0
DA:48,0
DA:51,0
DA:52,0
DA:54,0
DA:55,0
DA:59,0
DA:60,0
DA:63,0
DA:66,0
DA:67,0
DA:70,0
DA:71,0
DA:72,0
DA:73,0
DA:76,0
DA:77,0
DA:79,0
DA:80,0
DA:81,0
DA:83,0
DA:84,0
DA:85,0
DA:88,0
DA:89,0
DA:90,0
DA:92,0
DA:93,0
DA:97,0
DA:98,0
DA:101,0
DA:104,0
DA:161,0
LF:53
LH:0
BRDA:21,0,0,0
BRDA:21,0,1,0
BRDA:30,1,0,0
BRDA:30,1,1,0
BRDA:33,2,0,0
BRDA:33,2,1,0
BRDA:46,3,0,0
BRDA:46,3,1,0
BRDA:59,4,0,0
BRDA:59,4,1,0
BRDA:67,5,0,0
BRDA:67,5,1,0
BRDA:70,6,0,0
BRDA:70,6,1,0
BRDA:83,7,0,0
BRDA:83,7,1,0
BRDA:90,8,0,0
BRDA:90,8,1,0
BRDA:97,9,0,0
BRDA:97,9,1,0
BRDA:109,10,0,0
BRDA:109,10,1,0
BRDA:111,11,0,0
BRDA:111,11,1,0
BRDA:119,12,0,0
BRDA:119,12,1,0
BRDA:130,13,0,0
BRDA:130,13,1,0
BRDA:138,14,0,0
BRDA:138,14,1,0
BRDA:150,15,0,0
BRDA:150,15,1,0
BRF:32
BRH:0
end_of_record
TN:
SF:components/SkeletonLoader.js
FN:9,SkeletonLoader
FN:12,(anonymous_1)
FN:45,SkeletonCard
FN:56,SkeletonProfile
FNF:4
FNH:0
FNDA:0,SkeletonLoader
FNDA:0,(anonymous_1)
FNDA:0,SkeletonCard
FNDA:0,SkeletonProfile
DA:10,0
DA:12,0
DA:13,0
DA:29,0
DA:46,0
DA:57,0
DA:66,0
LF:7
LH:0
BRDA:9,0,0,0
BRDA:9,1,0,0
BRDA:9,2,0,0
BRF:3
BRH:0
end_of_record
TN:
SF:components/charts/CycleCalendar.js
FN:13,CycleCalendar
FN:17,(anonymous_1)
FN:21,(anonymous_2)
FNF:3
FNH:0
FNDA:0,CycleCalendar
FNDA:0,(anonymous_1)
FNDA:0,(anonymous_2)
DA:14,0
DA:15,0
DA:17,0
DA:18,0
DA:21,0
DA:22,0
DA:23,0
DA:24,0
DA:25,0
DA:26,0
DA:29,0
DA:30,0
DA:33,0
DA:34,0
DA:35,0
DA:37,0
DA:38,0
DA:41,0
DA:42,0
DA:44,0
DA:45,0
DA:46,0
DA:47,0
DA:48,0
DA:49,0
DA:50,0
DA:51,0
DA:52,0
DA:55,0
DA:63,0
DA:64,0
DA:65,0
DA:66,0
DA:69,0
DA:71,0
DA:73,0
DA:77,0
DA:78,0
DA:85,0
DA:86,0
DA:96,0
DA:138,0
LF:42
LH:0
BRDA:24,0,0,0
BRDA:24,0,1,0
BRDA:44,1,0,0
BRDA:44,1,1,0
BRDA:47,2,0,0
BRDA:47,2,1,0
BRDA:50,3,0,0
BRDA:50,3,1,0
BRDA:64,4,0,0
BRDA:64,4,1,0
BRDA:77,5,0,0
BRDA:77,5,1,0
BRDA:85,6,0,0
BRDA:85,6,1,0
BRF:14
BRH:0
end_of_record
TN:
SF:components/charts/EnergyCycleChart.js
FN:14,EnergyCycleChart
FN:18,(anonymous_1)
FN:22,(anonymous_2)
FN:67,(anonymous_3)
FN:68,(anonymous_4)
FNF:5
FNH:0
FNDA:0,EnergyCycleChart
FNDA:0,(anonymous_1)
FNDA:0,(anonymous_2)
FNDA:0,(anonymous_3)
FNDA:0,(anonymous_4)
DA:12,0
DA:15,0
DA:16,0
DA:18,0
DA:19,0
DA:22,0
DA:23,0
DA:24,0
DA:25,0
DA:27,0
DA:29,0
DA:33,0
DA:34,0
DA:42,0
DA:43,0
DA:53,0
DA:67,0
DA:68,0
DA:84,0
LF:19
LH:0
BRDA:33,0,0,0
BRDA:33,0,1,0
BRDA:42,1,0,0
BRDA:42,1,1,0
BRDA:67,2,0,0
BRDA:68,3,0,0
BRF:6
BRH:0
end_of_record
TN:
SF:components/charts/MoodCycleChart.js
FN:14,MoodCycleChart
FN:18,(anonymous_1)
FN:22,(anonymous_2)
FN:65,(anonymous_3)
FN:66,(anonymous_4)
FNF:5
FNH:0
FNDA:0,MoodCycleChart
FNDA:0,(anonymous_1)
FNDA:0,(anonymous_2)
FNDA:0,(anonymous_3)
FNDA:0,(anonymous_4)
DA:12,0
DA:15,0
DA:16,0
DA:18,0
DA:19,0
DA:22,0
DA:23,0
DA:24,0
DA:25,0
DA:27,0
DA:29,0
DA:33,0
DA:34,0
DA:42,0
DA:43,0
DA:53,0
DA:65,0
DA:66,0
DA:110,0
LF:19
LH:0
BRDA:33,0,0,0
BRDA:33,0,1,0
BRDA:42,1,0,0
BRDA:42,1,1,0
BRDA:42,2,0,0
BRDA:42,2,1,0
BRDA:42,2,2,0
BRDA:65,3,0,0
BRDA:66,4,0,0
BRF:9
BRH:0
end_of_record
TN:
SF:components/home/AstroCard.d.ts
FNF:0
FNH:0
LF:0
LH:0
BRF:0
BRH:0
end_of_record
TN:
SF:components/home/AstroCard.js
FN:4,AstroCard
FNF:1
FNH:0
FNDA:0,AstroCard
DA:5,0
LF:1
LH:0
BRF:0
BRH:0
end_of_record
TN:
SF:components/home/CycleCard.d.ts
FNF:0
FNH:0
LF:0
LH:0
BRF:0
BRH:0
end_of_record
TN:
SF:components/home/CycleCard.js
FN:4,CycleCard
FNF:1
FNH:1
FNDA:4,CycleCard
DA:5,4
DA:7,4
LF:2
LH:2
BRDA:12,0,0,3
BRDA:12,0,1,1
BRDA:13,1,0,3
BRDA:13,1,1,0
BRDA:34,2,0,3
BRDA:34,2,1,1
BRF:6
BRH:5
end_of_record
TN:
SF:components/home/ExploreGrid.tsx
FN:13,Tile
FN:22,(anonymous_1)
FN:43,ExploreGrid
FN:97,(anonymous_3)
FN:115,(anonymous_4)
FN:120,(anonymous_5)
FNF:6
FNH:0
FNDA:0,Tile
FNDA:0,(anonymous_1)
FNDA:0,ExploreGrid
FNDA:0,(anonymous_3)
FNDA:0,(anonymous_4)
FNDA:0,(anonymous_5)
DA:13,0
DA:19,0
DA:22,0
DA:51,0
DA:99,0
DA:100,0
DA:102,0
DA:105,0
DA:116,0
DA:120,0
DA:130,0
LF:11
LH:0
BRDA:24,0,0,0
BRDA:24,0,1,0
BRDA:43,1,0,0
BRDA:99,2,0,0
BRDA:99,2,1,0
BRDA:99,3,0,0
BRDA:99,3,1,0
BRDA:120,4,0,0
BRDA:120,4,1,0
BRF:9
BRH:0
end_of_record
TN:
SF:components/home/LunarRevolutionHero.tsx
FN:12,LunarRevolutionHero
FN:27,(anonymous_1)
FNF:2
FNH:0
FNDA:0,LunarRevolutionHero
FNDA:0,(anonymous_1)
DA:18,0
DA:20,0
DA:27,0
DA:68,0
LF:4
LH:0
BRDA:15,0,0,0
BRDA:18,1,0,0
BRDA:18,1,1,0
BRDA:29,2,0,0
BRDA:29,2,1,0
BRDA:35,3,0,0
BRDA:35,3,1,0
BRDA:40,4,0,0
BRDA:40,4,1,0
BRF:9
BRH:0
end_of_record
TN:
SF:components/home/MonthlyTrendsCard.tsx
FN:11,MonthlyTrendsCard
FNF:1
FNH:0
FNDA:0,MonthlyTrendsCard
DA:16,0
DA:18,0
DA:46,0
LF:3
LH:0
BRDA:14,0,0,0
BRDA:16,1,0,0
BRDA:16,1,1,0
BRDA:22,2,0,0
BRDA:22,2,1,0
BRDA:24,3,0,0
BRDA:24,3,1,0
BRDA:26,4,0,0
BRDA:26,4,1,0
BRDA:31,5,0,0
BRDA:31,5,1,0
BRF:11
BRH:0
end_of_record
TN:
SF:components/home/MoodCard.d.ts
FNF:0
FNH:0
LF:0
LH:0
BRF:0
BRH:0
end_of_record
TN:
SF:components/home/MoodCard.js
FN:4,MoodCard
FNF:1
FNH:0
FNDA:0,MoodCard
DA:5,0
LF:1
LH:0
BRF:0
BRH:0
end_of_record
TN:
SF:components/home/NatalSummaryCard.tsx
FN:19,NatalSummaryCard
FN:27,(anonymous_1)
FN:49,(anonymous_2)
FNF:3
FNH:0
FNDA:0,NatalSummaryCard
FNDA:0,(anonymous_1)
FNDA:0,(anonymous_2)
DA:25,0
DA:27,0
DA:28,0
DA:30,0
DA:42,0
DA:49,0
DA:74,0
LF:7
LH:0
BRDA:25,0,0,0
BRDA:25,0,1,0
BRDA:25,0,2,0
BRDA:28,1,0,0
BRDA:28,1,1,0
BRDA:28,2,0,0
BRDA:28,2,1,0
BRDA:35,3,0,0
BRDA:35,3,1,0
BRDA:36,4,0,0
BRDA:36,4,1,0
BRDA:51,5,0,0
BRDA:51,5,1,0
BRDA:57,6,0,0
BRDA:57,6,1,0
BRF:15
BRH:0
end_of_record
TN:
SF:components/home/TodayCard.js
FN:13,TodayCard
FN:18,(anonymous_1)
FN:22,(anonymous_2)
FNF:3
FNH:0
FNDA:0,TodayCard
FNDA:0,(anonymous_1)
FNDA:0,(anonymous_2)
DA:14,0
DA:15,0
DA:16,0
DA:18,0
DA:19,0
DA:22,0
DA:23,0
DA:24,0
DA:26,0
DA:27,0
DA:28,0
DA:29,0
DA:30,0
DA:32,0
DA:39,0
DA:41,0
DA:45,0
DA:46,0
DA:53,0
DA:54,0
DA:65,0
DA:120,0
LF:22
LH:0
BRDA:26,0,0,0
BRDA:26,0,1,0
BRDA:45,1,0,0
BRDA:45,1,1,0
BRDA:53,2,0,0
BRDA:53,2,1,0
BRF:6
BRH:0
end_of_record
TN:
SF:components/home/TodayHeader.d.ts
FNF:0
FNH:0
LF:0
LH:0
BRF:0
BRH:0
end_of_record
TN:
SF:components/home/TodayHeader.js
FN:4,TodayHeader
FNF:1
FNH:0
FNDA:0,TodayHeader
DA:5,0
LF:1
LH:0
BRDA:11,0,0,0
BRDA:11,0,1,0
BRF:2
BRH:0
end_of_record
TN:
SF:components/lunar-revolution/AspectsList.tsx
FN:13,AspectsList
FN:15,(anonymous_1)
FN:19,(anonymous_2)
FN:43,(anonymous_3)
FN:44,(anonymous_4)
FN:45,(anonymous_5)
FN:55,(anonymous_6)
FN:66,(anonymous_7)
FN:77,(anonymous_8)
FN:87,AspectItem
FNF:10
FNH:0
FNDA:0,AspectsList
FNDA:0,(anonymous_1)
FNDA:0,(anonymous_2)
FNDA:0,(anonymous_3)
FNDA:0,(anonymous_4)
FNDA:0,(anonymous_5)
FNDA:0,(anonymous_6)
FNDA:0,(anonymous_7)
FNDA:0,(anonymous_8)
FNDA:0,AspectItem
DA:15,0
DA:16,0
DA:19,0
DA:28,0
DA:31,0
DA:32,0
DA:43,0
DA:44,0
DA:45,0
DA:47,0
DA:56,0
DA:67,0
DA:78,0
DA:88,0
DA:89,0
DA:90,0
DA:91,0
DA:92,0
DA:93,0
DA:94,0
DA:96,0
DA:124,0
LF:22
LH:0
BRDA:13,0,0,0
BRDA:16,1,0,0
BRDA:16,1,1,0
BRDA:16,2,0,0
BRDA:16,2,1,0
BRDA:31,3,0,0
BRDA:31,3,1,0
BRDA:31,4,0,0
BRDA:31,4,1,0
BRDA:51,5,0,0
BRDA:51,5,1,0
BRDA:62,6,0,0
BRDA:62,6,1,0
BRDA:73,7,0,0
BRDA:73,7,1,0
BRDA:115,8,0,0
BRDA:115,8,1,0
BRF:17
BRH:0
end_of_record
TN:
SF:components/lunar-revolution/RevolutionCard.tsx
FN:10,RevolutionCard
FNF:1
FNH:0
FNDA:0,RevolutionCard
DA:11,0
DA:48,0
LF:2
LH:0
BRDA:27,0,0,0
BRDA:27,0,1,0
BRDA:36,1,0,0
BRDA:36,1,1,0
BRF:4
BRH:0
end_of_record
TN:
SF:components/ui/Accordion.tsx
FN:20,Accordion
FN:27,(anonymous_1)
FN:35,(anonymous_2)
FNF:3
FNH:0
FNDA:0,Accordion
FNDA:0,(anonymous_1)
FNDA:0,(anonymous_2)
DA:7,0
DA:8,0
DA:25,0
DA:27,0
DA:28,0
DA:29,0
DA:32,0
DA:35,0
DA:57,0
LF:9
LH:0
BRDA:7,0,0,0
BRDA:7,0,1,0
BRDA:7,1,0,0
BRDA:7,1,1,0
BRDA:22,2,0,0
BRDA:37,3,0,0
BRDA:37,3,1,0
BRDA:42,4,0,0
BRDA:42,4,1,0
BRDA:46,5,0,0
BRDA:46,5,1,0
BRDA:52,6,0,0
BRDA:52,6,1,0
BRF:13
BRH:0
end_of_record
TN:
SF:components/ui/AlertBanner.tsx
FN:15,AlertBanner
FNF:1
FNH:0
FNDA:0,AlertBanner
DA:20,0
DA:51,0
DA:53,0
DA:80,0
LF:4
LH:0
BRDA:16,0,0,0
BRDA:67,1,0,0
BRDA:67,1,1,0
BRF:3
BRH:0
end_of_record
TN:
SF:components/ui/ButtonLink.tsx
FN:15,ButtonLink
FN:31,(anonymous_1)
FNF:2
FNH:0
FNDA:0,ButtonLink
FNDA:0,(anonymous_1)
DA:21,0
DA:27,0
DA:29,0
DA:31,0
DA:45,0
LF:5
LH:0
BRDA:17,0,0,0
BRDA:18,1,0,0
BRDA:33,2,0,0
BRDA:33,2,1,0
BRF:4
BRH:0
end_of_record
TN:
SF:components/ui/Empty.tsx
FN:17,Empty
FNF:1
FNH:0
FNDA:0,Empty
DA:24,0
DA:46,0
LF:2
LH:0
BRDA:18,0,0,0
BRDA:31,1,0,0
BRDA:31,1,1,0
BRDA:33,2,0,0
BRDA:33,2,1,0
BRDA:33,2,2,0
BRF:6
BRH:0
end_of_record
TN:
SF:components/ui/ErrorState.tsx
FN:16,ErrorState
FNF:1
FNH:0
FNDA:0,ErrorState
DA:22,0
DA:45,0
LF:2
LH:0
BRDA:17,0,0,0
BRDA:19,1,0,0
BRDA:31,2,0,0
BRDA:31,2,1,0
BRF:4
BRH:0
end_of_record
TN:
SF:components/ui/IconButton.tsx
FN:16,IconButton
FN:42,(anonymous_1)
FNF:2
FNH:0
FNDA:0,IconButton
FNDA:0,(anonymous_1)
DA:23,0
DA:38,0
DA:40,0
DA:42,0
DA:57,0
LF:5
LH:0
BRDA:18,0,0,0
BRDA:19,1,0,0
BRDA:45,2,0,0
BRDA:45,2,1,0
BRF:4
BRH:0
end_of_record
TN:
SF:components/ui/SectionCard.tsx
FN:20,SectionCard
FN:33,(anonymous_1)
FNF:2
FNH:0
FNDA:0,SectionCard
FNDA:0,(anonymous_1)
DA:29,0
DA:31,0
DA:33,0
DA:65,0
LF:4
LH:0
BRDA:29,0,0,0
BRDA:29,0,1,0
BRDA:35,1,0,0
BRDA:35,1,1,0
BRDA:35,1,2,0
BRDA:38,2,0,0
BRDA:38,2,1,0
BRDA:43,3,0,0
BRDA:43,3,1,0
BRDA:46,4,0,0
BRDA:46,4,1,0
BRDA:51,5,0,0
BRDA:51,5,1,0
BRDA:54,6,0,0
BRDA:54,6,1,0
BRF:15
BRH:0
end_of_record
TN:
SF:components/ui/Skeleton.tsx
FN:15,Skeleton
FN:23,(anonymous_1)
FN:64,SkeletonGroup
FN:67,(anonymous_3)
FNF:4
FNH:0
FNDA:0,Skeleton
FNDA:0,(anonymous_1)
FNDA:0,SkeletonGroup
FNDA:0,(anonymous_3)
DA:21,0
DA:23,0
DA:24,0
DA:41,0
DA:45,0
DA:65,0
DA:68,0
DA:81,0
LF:8
LH:0
BRDA:16,0,0,0
BRDA:17,1,0,0
BRDA:41,2,0,0
BRDA:41,2,1,0
BRDA:52,3,0,0
BRDA:52,3,1,0
BRDA:64,4,0,0
BRF:7
BRH:0
end_of_record
TN:
SF:components/ui/Tag.tsx
FN:14,Tag
FNF:1
FNH:0
FNDA:0,Tag
DA:15,0
DA:23,0
DA:25,0
DA:33,0
LF:4
LH:0
BRDA:14,0,0,0
BRDA:27,1,0,0
BRDA:27,1,1,0
BRF:3
BRH:0
end_of_record
TN:
SF:components/ui/index.ts
FNF:0
FNH:0
LF:0
LH:0
BRF:0
BRH:0
end_of_record
TN:
SF:hooks/useHapticFeedback.js
FN:8,useHapticFeedback
FN:10,(anonymous_1)
FN:15,(anonymous_2)
FN:20,(anonymous_3)
FN:28,(anonymous_4)
FN:33,(anonymous_5)
FN:38,(anonymous_6)
FN:45,(anonymous_7)
FNF:8
FNH:0
FNDA:0,useHapticFeedback
FNDA:0,(anonymous_1)
FNDA:0,(anonymous_2)
FNDA:0,(anonymous_3)
FNDA:0,(anonymous_4)
FNDA:0,(anonymous_5)
FNDA:0,(anonymous_6)
FNDA:0,(anonymous_7)
DA:9,0
DA:11,0
DA:12,0
DA:16,0
DA:17,0
DA:21,0
DA:22,0
DA:27,0
DA:29,0
DA:30,0
DA:34,0
DA:35,0
DA:39,0
DA:40,0
DA:45,0
DA:46,0
DA:47,0
DA:51,0
LF:18
LH:0
BRDA:11,0,0,0
BRDA:11,0,1,0
BRDA:16,1,0,0
BRDA:16,1,1,0
BRDA:21,2,0,0
BRDA:21,2,1,0
BRDA:29,3,0,0
BRDA:29,3,1,0
BRDA:34,4,0,0
BRDA:34,4,1,0
BRDA:39,5,0,0
BRDA:39,5,1,0
BRDA:46,6,0,0
BRDA:46,6,1,0
BRF:14
BRH:0
end_of_record
TN:
SF:lib/analytics.js
FN:17,ensureMixpanelInit
FN:45,(anonymous_1)
FN:64,(anonymous_2)
FN:75,(anonymous_3)
FN:89,(anonymous_4)
FN:106,(anonymous_5)
FN:112,(anonymous_6)
FN:113,(anonymous_7)
FN:114,(anonymous_8)
FN:115,(anonymous_9)
FN:116,(anonymous_10)
FN:119,(anonymous_11)
FN:127,(anonymous_12)
FN:134,(anonymous_13)
FN:142,(anonymous_14)
FN:150,(anonymous_15)
FN:158,(anonymous_16)
FN:164,(anonymous_17)
FN:171,(anonymous_18)
FN:178,(anonymous_19)
FN:186,(anonymous_20)
FN:192,(anonymous_21)
FN:199,(anonymous_22)
FN:205,(anonymous_23)
FN:211,(anonymous_24)
FN:219,(anonymous_25)
FN:228,(anonymous_26)
FN:235,(anonymous_27)
FN:241,(anonymous_28)
FN:247,(anonymous_29)
FN:255,(anonymous_30)
FN:262,(anonymous_31)
FN:270,(anonymous_32)
FN:277,(anonymous_33)
FN:284,(anonymous_34)
FN:292,(anonymous_35)
FN:295,(anonymous_36)
FN:303,(anonymous_37)
FN:309,(anonymous_38)
FN:316,(anonymous_39)
FN:325,(anonymous_40)
FN:327,(anonymous_41)
FN:334,(anonymous_42)
FN:340,(anonymous_43)
FN:344,(anonymous_44)
FN:352,(anonymous_45)
FN:356,(anonymous_46)
FNF:47
FNH:3
FNDA:2,ensureMixpanelInit
FNDA:2,(anonymous_1)
FNDA:0,(anonymous_2)
FNDA:0,(anonymous_3)
FNDA:2,(anonymous_4)
FNDA:0,(anonymous_5)
FNDA:0,(anonymous_6)
FNDA:0,(anonymous_7)
FNDA:0,(anonymous_8)
FNDA:0,(anonymous_9)
FNDA:0,(anonymous_10)
FNDA:0,(anonymous_11)
FNDA:0,(anonymous_12)
FNDA:0,(anonymous_13)
FNDA:0,(anonymous_14)
FNDA:0,(anonymous_15)
FNDA:0,(anonymous_16)
FNDA:0,(anonymous_17)
FNDA:0,(anonymous_18)
FNDA:0,(anonymous_19)
FNDA:0,(anonymous_20)
FNDA:0,(anonymous_21)
FNDA:0,(anonymous_22)
FNDA:0,(anonymous_23)
FNDA:0,(anonymous_24)
FNDA:0,(anonymous_25)
FNDA:0,(anonymous_26)
FNDA:0,(anonymous_27)
FNDA:0,(anonymous_28)
FNDA:0,(anonymous_29)
FNDA:0,(anonymous_30)
FNDA:0,(anonymous_31)
FNDA:0,(anonymous_32)
FNDA:0,(anonymous_33)
FNDA:0,(anonymous_34)
FNDA:0,(anonymous_35)
FNDA:0,(anonymous_36)
FNDA:0,(anonymous_37)
FNDA:0,(anonymous_38)
FNDA:0,(anonymous_39)
FNDA:0,(anonymous_40)
FNDA:0,(anonymous_41)
FNDA:0,(anonymous_42)
FNDA:0,(anonymous_43)
FNDA:0,(anonymous_44)
FNDA:0,(anonymous_45)
FNDA:0,(anonymous_46)
DA:10,1
DA:11,1
DA:19,2
DA:20,0
DA:24,2
DA:26,2
DA:27,1
DA:28,1
DA:32,1
DA:33,1
DA:34,1
DA:35,1
DA:36,1
DA:37,1
DA:39,0
DA:40,0
DA:44,1
DA:46,2
DA:47,2
DA:49,2
DA:50,1
DA:51,1
DA:54,1
DA:60,0
DA:65,0
DA:66,0
DA:67,0
DA:68,0
DA:71,0
DA:76,0
DA:77,0
DA:78,0
DA:79,0
DA:82,0
DA:90,2
DA:91,1
DA:92,1
DA:93,1
DA:95,0
DA:98,2
DA:99,2
DA:104,1
DA:107,0
DA:108,0
DA:112,0
DA:113,0
DA:114,0
DA:115,0
DA:116,0
DA:120,0
DA:128,0
DA:135,0
DA:143,0
DA:151,0
DA:159,0
DA:165,0
DA:172,0
DA:179,0
DA:187,0
DA:193,0
DA:200,0
DA:206,0
DA:212,0
DA:220,0
DA:229,0
DA:236,0
DA:242,0
DA:248,0
DA:256,0
DA:263,0
DA:271,0
DA:278,0
DA:285,0
DA:292,0
DA:296,0
DA:304,0
DA:310,0
DA:317,0
DA:325,0
DA:328,0
DA:335,0
DA:341,0
DA:345,0
DA:353,0
DA:357,0
LF:85
LH:27
BRDA:19,0,0,0
BRDA:19,0,1,2
BRDA:26,1,0,1
BRDA:26,1,1,1
BRDA:45,2,0,0
BRDA:49,3,0,1
BRDA:49,3,1,1
BRDA:67,4,0,0
BRDA:67,4,1,0
BRDA:78,5,0,0
BRDA:78,5,1,0
BRDA:90,6,0,1
BRDA:90,6,1,1
BRDA:90,7,0,2
BRDA:90,7,1,1
BRDA:122,8,0,0
BRDA:122,8,1,0
BRDA:160,9,0,0
BRDA:160,9,1,0
BRDA:167,10,0,0
BRDA:167,10,1,0
BRDA:201,11,0,0
BRDA:201,11,1,0
BRF:23
BRH:9
end_of_record
TN:
SF:lib/i18n.ts
FN:49,t
FN:57,ti
FN:61,(anonymous_2)
FNF:3
FNH:0
FNDA:0,t
FNDA:0,ti
FNDA:0,(anonymous_2)
DA:6,0
DA:50,0
DA:58,0
DA:60,0
DA:61,0
DA:62,0
DA:66,0
LF:7
LH:0
BRDA:58,0,0,0
BRDA:58,0,1,0
BRDA:60,1,0,0
BRDA:60,1,1,0
BRF:4
BRH:0
end_of_record
TN:
SF:lib/sentry.js
FN:9,initSentry
FN:30,(anonymous_1)
FN:59,captureError
FN:73,captureMessage
FN:88,setUser
FN:102,setContext
FN:107,addBreadcrumb
FN:117,withSentryAsync
FN:118,(anonymous_8)
FNF:9
FNH:0
FNDA:0,initSentry
FNDA:0,(anonymous_1)
FNDA:0,captureError
FNDA:0,captureMessage
FNDA:0,setUser
FNDA:0,setContext
FNDA:0,addBreadcrumb
FNDA:0,withSentryAsync
FNDA:0,(anonymous_8)
DA:10,0
DA:12,0
DA:13,0
DA:14,0
DA:17,0
DA:32,0
DA:33,0
DA:34,0
DA:38,0
DA:44,0
DA:60,0
DA:61,0
DA:62,0
DA:65,0
DA:74,0
DA:75,0
DA:76,0
DA:79,0
DA:89,0
DA:90,0
DA:91,0
DA:94,0
DA:103,0
DA:108,0
DA:118,0
DA:119,0
DA:120,0
DA:122,0
DA:126,0
LF:29
LH:0
BRDA:12,0,0,0
BRDA:12,0,1,0
BRDA:12,1,0,0
BRDA:12,1,1,0
BRDA:21,2,0,0
BRDA:21,2,1,0
BRDA:27,3,0,0
BRDA:27,3,1,0
BRDA:32,4,0,0
BRDA:32,4,1,0
BRDA:41,5,0,0
BRDA:41,5,1,0
BRDA:59,6,0,0
BRDA:60,7,0,0
BRDA:60,7,1,0
BRDA:73,8,0,0
BRDA:73,9,0,0
BRDA:74,10,0,0
BRDA:74,10,1,0
BRDA:89,11,0,0
BRDA:89,11,1,0
BRDA:107,12,0,0
BRDA:107,13,0,0
BRDA:107,14,0,0
BRF:24
BRH:0
end_of_record
TN:
SF:lib/supabase.js
FN:24,(anonymous_0)
FN:30,(anonymous_1)
FNF:2
FNH:0
FNDA:0,(anonymous_0)
FNDA:0,(anonymous_1)
DA:6,0
DA:7,0
DA:9,0
DA:10,0
DA:14,0
DA:24,0
DA:25,0
DA:26,0
DA:30,0
DA:31,0
DA:32,0
LF:11
LH:0
BRDA:9,0,0,0
BRDA:9,0,1,0
BRDA:9,1,0,0
BRDA:9,1,1,0
BRDA:26,2,0,0
BRDA:26,2,1,0
BRDA:32,3,0,0
BRDA:32,3,1,0
BRF:8
BRH:0
end_of_record
TN:
SF:lib/api/aiChatService.js
FN:21,(anonymous_0)
FN:24,(anonymous_1)
FN:43,(anonymous_2)
FN:82,(anonymous_3)
FN:103,(anonymous_4)
FN:128,(anonymous_5)
FNF:6
FNH:0
FNDA:0,(anonymous_0)
FNDA:0,(anonymous_1)
FNDA:0,(anonymous_2)
FNDA:0,(anonymous_3)
FNDA:0,(anonymous_4)
FNDA:0,(anonymous_5)
DA:5,0
DA:22,0
DA:23,0
DA:24,0
DA:26,0
DA:40,0
DA:42,0
DA:43,0
DA:46,0
DA:47,0
DA:50,0
DA:51,0
DA:54,0
DA:57,0
DA:58,0
DA:61,0
DA:64,0
DA:65,0
DA:69,0
DA:70,0
DA:73,0
DA:83,0
DA:84,0
DA:90,0
DA:92,0
DA:94,0
DA:95,0
DA:104,0
DA:105,0
DA:107,0
DA:109,0
DA:115,0
DA:117,0
DA:119,0
DA:120,0
DA:129,0
DA:130,0
DA:135,0
DA:137,0
DA:139,0
DA:140,0
DA:145,0
LF:42
LH:0
BRDA:5,0,0,0
BRDA:5,0,1,0
BRDA:21,1,0,0
BRDA:42,2,0,0
BRDA:42,2,1,0
BRDA:46,3,0,0
BRDA:46,3,1,0
BRDA:47,4,0,0
BRDA:47,4,1,0
BRDA:50,5,0,0
BRDA:50,5,1,0
BRDA:50,6,0,0
BRDA:50,6,1,0
BRDA:54,7,0,0
BRDA:54,7,1,0
BRDA:64,8,0,0
BRDA:64,8,1,0
BRDA:69,9,0,0
BRDA:69,9,1,0
BRDA:69,10,0,0
BRDA:69,10,1,0
BRDA:90,11,0,0
BRDA:90,11,1,0
BRDA:92,12,0,0
BRDA:92,12,1,0
BRDA:107,13,0,0
BRDA:107,13,1,0
BRDA:115,14,0,0
BRDA:115,14,1,0
BRDA:117,15,0,0
BRDA:117,15,1,0
BRDA:135,16,0,0
BRDA:135,16,1,0
BRF:33
BRH:0
end_of_record
TN:
SF:lib/api/aiService.js
FN:16,(anonymous_0)
FN:48,(anonymous_1)
FN:64,(anonymous_2)
FN:86,(anonymous_3)
FN:103,(anonymous_4)
FNF:5
FNH:0
FNDA:0,(anonymous_0)
FNDA:0,(anonymous_1)
FNDA:0,(anonymous_2)
FNDA:0,(anonymous_3)
FNDA:0,(anonymous_4)
DA:4,0
DA:17,0
DA:18,0
DA:29,0
DA:30,0
DA:31,0
DA:34,0
DA:35,0
DA:37,0
DA:38,0
DA:49,0
DA:56,0
DA:65,0
DA:72,0
DA:74,0
DA:87,0
DA:94,0
DA:104,0
DA:111,0
DA:115,0
LF:20
LH:0
BRDA:4,0,0,0
BRDA:4,0,1,0
BRDA:16,1,0,0
BRDA:29,2,0,0
BRDA:29,2,1,0
BRDA:31,3,0,0
BRDA:31,3,1,0
BRF:7
BRH:0
end_of_record
TN:
SF:lib/api/compatibilityAnalysisService.js
FN:24,analyzeCompatibility
FN:92,calculateElementCompatibility
FN:126,calculateAspectScore
FN:151,calculateMoonSynastry
FN:167,calculateAscendantHarmony
FN:182,calculateDetailedScores
FN:227,getInterpretation
FN:270,getStrengths
FN:317,getWarnings
FN:354,getAdvice
FN:387,saveCompatibilityAnalysis
FN:435,getAnalysisHistory
FNF:12
FNH:0
FNDA:0,analyzeCompatibility
FNDA:0,calculateElementCompatibility
FNDA:0,calculateAspectScore
FNDA:0,calculateMoonSynastry
FNDA:0,calculateAscendantHarmony
FNDA:0,calculateDetailedScores
FNDA:0,getInterpretation
FNDA:0,getStrengths
FNDA:0,getWarnings
FNDA:0,getAdvice
FNDA:0,saveCompatibilityAnalysis
FNDA:0,getAnalysisHistory
DA:8,0
DA:15,0
DA:25,0
DA:27,0
DA:28,0
DA:29,0
DA:30,0
DA:33,0
DA:44,0
DA:52,0
DA:55,0
DA:56,0
DA:59,0
DA:61,0
DA:84,0
DA:85,0
DA:93,0
DA:94,0
DA:97,0
DA:100,0
DA:106,0
DA:110,0
DA:116,0
DA:120,0
DA:127,0
DA:130,0
DA:133,0
DA:136,0
DA:139,0
DA:142,0
DA:145,0
DA:152,0
DA:155,0
DA:156,0
DA:157,0
DA:158,0
DA:159,0
DA:161,0
DA:168,0
DA:170,0
DA:171,0
DA:172,0
DA:173,0
DA:174,0
DA:176,0
DA:191,0
DA:192,0
DA:194,0
DA:201,0
DA:203,0
DA:204,0
DA:205,0
DA:206,0
DA:207,0
DA:209,0
DA:210,0
DA:211,0
DA:212,0
DA:215,0
DA:216,0
DA:217,0
DA:218,0
DA:221,0
DA:228,0
DA:234,0
DA:236,0
DA:237,0
DA:243,0
DA:244,0
DA:250,0
DA:251,0
DA:258,0
DA:271,0
DA:273,0
DA:274,0
DA:280,0
DA:281,0
DA:287,0
DA:288,0
DA:294,0
DA:295,0
DA:302,0
DA:303,0
DA:304,0
DA:305,0
DA:311,0
DA:318,0
DA:320,0
DA:321,0
DA:327,0
DA:328,0
DA:334,0
DA:335,0
DA:341,0
DA:342,0
DA:348,0
DA:355,0
DA:357,0
DA:358,0
DA:359,0
DA:360,0
DA:361,0
DA:363,0
DA:365,0
DA:366,0
DA:367,0
DA:369,0
DA:372,0
DA:373,0
DA:375,0
DA:379,0
DA:381,0
DA:388,0
DA:389,0
DA:391,0
DA:392,0
DA:393,0
DA:396,0
DA:398,0
DA:420,0
DA:421,0
DA:422,0
DA:425,0
DA:427,0
DA:428,0
DA:436,0
DA:437,0
DA:439,0
DA:441,0
DA:448,0
DA:449,0
DA:450,0
DA:453,0
DA:455,0
DA:456,0
LF:135
LH:0
BRDA:24,0,0,0
BRDA:71,1,0,0
BRDA:71,1,1,0
BRDA:77,2,0,0
BRDA:77,2,1,0
BRDA:97,3,0,0
BRDA:97,3,1,0
BRDA:100,4,0,0
BRDA:100,4,1,0
BRDA:101,5,0,0
BRDA:101,5,1,0
BRDA:101,5,2,0
BRDA:101,5,3,0
BRDA:101,5,4,0
BRDA:101,5,5,0
BRDA:101,5,6,0
BRDA:101,5,7,0
BRDA:110,6,0,0
BRDA:110,6,1,0
BRDA:111,7,0,0
BRDA:111,7,1,0
BRDA:111,7,2,0
BRDA:111,7,3,0
BRDA:111,7,4,0
BRDA:111,7,5,0
BRDA:111,7,6,0
BRDA:111,7,7,0
BRDA:130,8,0,0
BRDA:130,8,1,0
BRDA:133,9,0,0
BRDA:133,9,1,0
BRDA:133,10,0,0
BRDA:133,10,1,0
BRDA:136,11,0,0
BRDA:136,11,1,0
BRDA:136,12,0,0
BRDA:136,12,1,0
BRDA:139,13,0,0
BRDA:139,13,1,0
BRDA:142,14,0,0
BRDA:142,14,1,0
BRDA:142,15,0,0
BRDA:142,15,1,0
BRDA:155,16,0,0
BRDA:155,16,1,0
BRDA:156,17,0,0
BRDA:156,17,1,0
BRDA:156,18,0,0
BRDA:156,18,1,0
BRDA:157,19,0,0
BRDA:157,19,1,0
BRDA:157,20,0,0
BRDA:157,20,1,0
BRDA:158,21,0,0
BRDA:158,21,1,0
BRDA:159,22,0,0
BRDA:159,22,1,0
BRDA:159,23,0,0
BRDA:159,23,1,0
BRDA:170,24,0,0
BRDA:170,24,1,0
BRDA:171,25,0,0
BRDA:171,25,1,0
BRDA:171,26,0,0
BRDA:171,26,1,0
BRDA:172,27,0,0
BRDA:172,27,1,0
BRDA:172,28,0,0
BRDA:172,28,1,0
BRDA:173,29,0,0
BRDA:173,29,1,0
BRDA:174,30,0,0
BRDA:174,30,1,0
BRDA:174,31,0,0
BRDA:174,31,1,0
BRDA:201,32,0,0
BRDA:201,32,1,0
BRDA:207,33,0,0
BRDA:207,33,1,0
BRDA:234,34,0,0
BRDA:234,34,1,0
BRDA:236,35,0,0
BRDA:236,35,1,0
BRDA:243,36,0,0
BRDA:243,36,1,0
BRDA:250,37,0,0
BRDA:250,37,1,0
BRDA:273,38,0,0
BRDA:273,38,1,0
BRDA:280,39,0,0
BRDA:280,39,1,0
BRDA:287,40,0,0
BRDA:287,40,1,0
BRDA:294,41,0,0
BRDA:294,41,1,0
BRDA:304,42,0,0
BRDA:304,42,1,0
BRDA:307,43,0,0
BRDA:307,43,1,0
BRDA:307,44,0,0
BRDA:307,44,1,0
BRDA:307,45,0,0
BRDA:307,45,1,0
BRDA:320,46,0,0
BRDA:320,46,1,0
BRDA:327,47,0,0
BRDA:327,47,1,0
BRDA:334,48,0,0
BRDA:334,48,1,0
BRDA:341,49,0,0
BRDA:341,49,1,0
BRDA:357,50,0,0
BRDA:357,50,1,0
BRDA:358,51,0,0
BRDA:358,51,1,0
BRDA:360,52,0,0
BRDA:360,52,1,0
BRDA:365,53,0,0
BRDA:365,53,1,0
BRDA:366,54,0,0
BRDA:366,54,1,0
BRDA:372,55,0,0
BRDA:372,55,1,0
BRDA:391,56,0,0
BRDA:391,56,1,0
BRDA:403,57,0,0
BRDA:403,57,1,0
BRDA:407,58,0,0
BRDA:407,58,1,0
BRDA:420,59,0,0
BRDA:420,59,1,0
BRDA:435,60,0,0
BRDA:439,61,0,0
BRDA:439,61,1,0
BRDA:448,62,0,0
BRDA:448,62,1,0
BRDA:453,63,0,0
BRDA:453,63,1,0
BRF:138
BRH:0
end_of_record
TN:
SF:lib/api/compatibilityService.js
FN:10,saveCompatibilityHistory
FN:54,getCompatibilityHistory
FN:84,deleteCompatibilityHistory
FNF:3
FNH:0
FNDA:0,saveCompatibilityHistory
FNDA:0,getCompatibilityHistory
FNDA:0,deleteCompatibilityHistory
DA:11,0
DA:12,0
DA:14,0
DA:15,0
DA:16,0
DA:19,0
DA:21,0
DA:38,0
DA:39,0
DA:40,0
DA:43,0
DA:44,0
DA:46,0
DA:47,0
DA:55,0
DA:56,0
DA:58,0
DA:59,0
DA:62,0
DA:69,0
DA:70,0
DA:71,0
DA:74,0
DA:76,0
DA:77,0
DA:85,0
DA:86,0
DA:91,0
DA:92,0
DA:93,0
DA:96,0
DA:98,0
DA:99,0
LF:33
LH:0
BRDA:14,0,0,0
BRDA:14,0,1,0
BRDA:32,1,0,0
BRDA:32,1,1,0
BRDA:33,2,0,0
BRDA:33,2,1,0
BRDA:38,3,0,0
BRDA:38,3,1,0
BRDA:54,4,0,0
BRDA:58,5,0,0
BRDA:58,5,1,0
BRDA:69,6,0,0
BRDA:69,6,1,0
BRDA:74,7,0,0
BRDA:74,7,1,0
BRDA:91,8,0,0
BRDA:91,8,1,0
BRF:17
BRH:0
end_of_record
TN:
SF:lib/api/cycleAstroService.js
FN:70,calculateMoonPosition
FN:89,calculateEnergyLevel
FN:122,generateRecommendations
FN:193,generateBestActivities
FN:248,analyzeCycleAstro
FN:309,saveCycleAnalysis
FN:372,getCycleHistory
FN:376,(anonymous_7)
FN:379,(anonymous_8)
FN:387,(anonymous_9)
FN:388,(anonymous_10)
FN:401,deleteCycleAnalysis
FNF:12
FNH:0
FNDA:0,calculateMoonPosition
FNDA:0,calculateEnergyLevel
FNDA:0,generateRecommendations
FNDA:0,generateBestActivities
FNDA:0,analyzeCycleAstro
FNDA:0,saveCycleAnalysis
FNDA:0,getCycleHistory
FNDA:0,(anonymous_7)
FNDA:0,(anonymous_8)
FNDA:0,(anonymous_9)
FNDA:0,(anonymous_10)
FNDA:0,deleteCycleAnalysis
DA:19,0
DA:35,0
DA:71,0
DA:72,0
DA:73,0
DA:76,0
DA:77,0
DA:78,0
DA:80,0
DA:90,0
DA:91,0
DA:94,0
DA:97,0
DA:98,0
DA:99,0
DA:103,0
DA:104,0
DA:105,0
DA:106,0
DA:112,0
DA:116,0
DA:123,0
DA:126,0
DA:127,0
DA:131,0
DA:135,0
DA:136,0
DA:140,0
DA:144,0
DA:145,0
DA:149,0
DA:153,0
DA:154,0
DA:158,0
DA:165,0
DA:166,0
DA:170,0
DA:171,0
DA:175,0
DA:176,0
DA:180,0
DA:181,0
DA:187,0
DA:194,0
DA:196,0
DA:197,0
DA:202,0
DA:207,0
DA:208,0
DA:213,0
DA:218,0
DA:219,0
DA:224,0
DA:229,0
DA:230,0
DA:235,0
DA:242,0
DA:249,0
DA:251,0
DA:254,0
DA:261,0
DA:269,0
DA:276,0
DA:283,0
DA:284,0
DA:289,0
DA:301,0
DA:302,0
DA:310,0
DA:311,0
DA:320,0
DA:322,0
DA:326,0
DA:329,0
DA:330,0
DA:332,0
DA:335,0
DA:352,0
DA:353,0
DA:355,0
DA:359,0
DA:362,0
DA:364,0
DA:365,0
DA:373,0
DA:375,0
DA:376,0
DA:378,0
DA:380,0
DA:381,0
DA:386,0
DA:387,0
DA:388,0
DA:391,0
DA:393,0
DA:394,0
DA:402,0
DA:403,0
DA:404,0
DA:405,0
DA:407,0
DA:408,0
LF:102
LH:0
BRDA:97,0,0,0
BRDA:97,0,1,0
BRDA:98,1,0,0
BRDA:98,1,1,0
BRDA:104,2,0,0
BRDA:104,2,1,0
BRDA:106,3,0,0
BRDA:106,3,1,0
BRDA:107,4,0,0
BRDA:107,4,1,0
BRDA:107,4,2,0
BRDA:107,4,3,0
BRDA:107,4,4,0
BRDA:107,4,5,0
BRDA:107,4,6,0
BRDA:107,4,7,0
BRDA:126,5,0,0
BRDA:126,5,1,0
BRDA:135,6,0,0
BRDA:135,6,1,0
BRDA:144,7,0,0
BRDA:144,7,1,0
BRDA:153,8,0,0
BRDA:153,8,1,0
BRDA:165,9,0,0
BRDA:165,9,1,0
BRDA:170,10,0,0
BRDA:170,10,1,0
BRDA:175,11,0,0
BRDA:175,11,1,0
BRDA:180,12,0,0
BRDA:180,12,1,0
BRDA:196,13,0,0
BRDA:196,13,1,0
BRDA:207,14,0,0
BRDA:207,14,1,0
BRDA:218,15,0,0
BRDA:218,15,1,0
BRDA:229,16,0,0
BRDA:229,16,1,0
BRDA:278,17,0,0
BRDA:278,17,1,0
BRDA:278,18,0,0
BRDA:278,18,1,0
BRDA:278,19,0,0
BRDA:278,19,1,0
BRDA:278,20,0,0
BRDA:278,20,1,0
BRDA:278,21,0,0
BRDA:278,21,1,0
BRDA:278,22,0,0
BRDA:278,22,1,0
BRDA:279,23,0,0
BRDA:279,23,1,0
BRDA:279,24,0,0
BRDA:279,24,1,0
BRDA:332,25,0,0
BRDA:332,25,1,0
BRDA:352,26,0,0
BRDA:352,26,1,0
BRDA:372,27,0,0
BRDA:381,28,0,0
BRDA:381,28,1,0
BRF:63
BRH:0
end_of_record
TN:
SF:lib/api/dashboardService.js
FN:12,getDashboardStats
FN:53,getLocalStats
FN:57,(anonymous_2)
FN:58,(anonymous_3)
FN:59,(anonymous_4)
FN:60,(anonymous_5)
FN:78,getSupabaseStats
FN:121,calculateAvgScore
FN:130,calculateStreak
FN:172,calculateBadges
FN:236,getFullHistory
FN:244,(anonymous_11)
FN:261,(anonymous_12)
FN:278,(anonymous_13)
FN:311,(anonymous_14)
FN:328,(anonymous_15)
FN:343,(anonymous_16)
FN:355,(anonymous_17)
FN:367,deleteAnalysis
FN:400,getDefaultStats
FNF:20
FNH:0
FNDA:0,getDashboardStats
FNDA:0,getLocalStats
FNDA:0,(anonymous_2)
FNDA:0,(anonymous_3)
FNDA:0,(anonymous_4)
FNDA:0,(anonymous_5)
FNDA:0,getSupabaseStats
FNDA:0,calculateAvgScore
FNDA:0,calculateStreak
FNDA:0,calculateBadges
FNDA:0,getFullHistory
FNDA:0,(anonymous_11)
FNDA:0,(anonymous_12)
FNDA:0,(anonymous_13)
FNDA:0,(anonymous_14)
FNDA:0,(anonymous_15)
FNDA:0,(anonymous_16)
FNDA:0,(anonymous_17)
FNDA:0,deleteAnalysis
FNDA:0,getDefaultStats
DA:13,0
DA:14,0
DA:27,0
DA:30,0
DA:33,0
DA:34,0
DA:35,0
DA:36,0
DA:37,0
DA:38,0
DA:39,0
DA:40,0
DA:41,0
DA:43,0
DA:45,0
DA:46,0
DA:54,0
DA:55,0
DA:57,0
DA:58,0
DA:59,0
DA:60,0
DA:62,0
DA:70,0
DA:71,0
DA:79,0
DA:80,0
DA:81,0
DA:82,0
DA:83,0
DA:87,0
DA:94,0
DA:100,0
DA:106,0
DA:113,0
DA:114,0
DA:124,0
DA:131,0
DA:132,0
DA:133,0
DA:135,0
DA:136,0
DA:137,0
DA:139,0
DA:141,0
DA:142,0
DA:143,0
DA:146,0
DA:148,0
DA:150,0
DA:151,0
DA:153,0
DA:154,0
DA:155,0
DA:156,0
DA:159,0
DA:160,0
DA:161,0
DA:164,0
DA:165,0
DA:173,0
DA:176,0
DA:177,0
DA:187,0
DA:188,0
DA:198,0
DA:199,0
DA:209,0
DA:210,0
DA:220,0
DA:221,0
DA:230,0
DA:237,0
DA:238,0
DA:241,0
DA:244,0
DA:245,0
DA:246,0
DA:247,0
DA:248,0
DA:249,0
DA:261,0
DA:262,0
DA:263,0
DA:264,0
DA:265,0
DA:266,0
DA:278,0
DA:279,0
DA:280,0
DA:281,0
DA:282,0
DA:283,0
DA:302,0
DA:303,0
DA:310,0
DA:311,0
DA:320,0
DA:327,0
DA:328,0
DA:336,0
DA:342,0
DA:343,0
DA:351,0
DA:355,0
DA:357,0
DA:359,0
DA:360,0
DA:368,0
DA:370,0
DA:371,0
DA:372,0
DA:373,0
DA:377,0
DA:379,0
DA:384,0
DA:385,0
DA:386,0
DA:389,0
DA:390,0
DA:392,0
DA:393,0
DA:401,0
LF:123
LH:0
BRDA:12,0,0,0
BRDA:80,1,0,0
BRDA:80,1,1,0
BRDA:82,2,0,0
BRDA:82,2,1,0
BRDA:107,3,0,0
BRDA:107,3,1,0
BRDA:107,4,0,0
BRDA:107,4,1,0
BRDA:107,5,0,0
BRDA:107,5,1,0
BRDA:108,6,0,0
BRDA:108,6,1,0
BRDA:109,7,0,0
BRDA:109,7,1,0
BRDA:110,8,0,0
BRDA:110,8,1,0
BRDA:137,9,0,0
BRDA:137,9,1,0
BRDA:139,10,0,0
BRDA:139,10,1,0
BRDA:148,11,0,0
BRDA:148,11,1,0
BRDA:151,12,0,0
BRDA:151,12,1,0
BRDA:176,13,0,0
BRDA:176,13,1,0
BRDA:187,14,0,0
BRDA:187,14,1,0
BRDA:198,15,0,0
BRDA:198,15,1,0
BRDA:209,16,0,0
BRDA:209,16,1,0
BRDA:220,17,0,0
BRDA:220,17,1,0
BRDA:236,18,0,0
BRDA:247,19,0,0
BRDA:247,19,1,0
BRDA:253,20,0,0
BRDA:253,20,1,0
BRDA:253,20,2,0
BRDA:254,21,0,0
BRDA:254,21,1,0
BRDA:254,21,2,0
BRDA:264,22,0,0
BRDA:264,22,1,0
BRDA:268,23,0,0
BRDA:268,23,1,0
BRDA:268,23,2,0
BRDA:269,24,0,0
BRDA:269,24,1,0
BRDA:269,25,0,0
BRDA:269,25,1,0
BRDA:270,26,0,0
BRDA:270,26,1,0
BRDA:270,26,2,0
BRDA:271,27,0,0
BRDA:271,27,1,0
BRDA:281,28,0,0
BRDA:281,28,1,0
BRDA:287,29,0,0
BRDA:287,29,1,0
BRDA:288,30,0,0
BRDA:288,30,1,0
BRDA:290,31,0,0
BRDA:290,31,1,0
BRDA:291,32,0,0
BRDA:291,32,1,0
BRDA:291,33,0,0
BRDA:291,33,1,0
BRDA:292,34,0,0
BRDA:292,34,1,0
BRDA:294,35,0,0
BRDA:294,35,1,0
BRDA:310,36,0,0
BRDA:310,36,1,0
BRDA:327,37,0,0
BRDA:327,37,1,0
BRDA:342,38,0,0
BRDA:342,38,1,0
BRDA:346,39,0,0
BRDA:346,39,1,0
BRDA:346,40,0,0
BRDA:346,40,1,0
BRDA:370,41,0,0
BRDA:370,41,1,0
BRDA:370,42,0,0
BRDA:370,42,1,0
BRDA:377,43,0,0
BRDA:377,43,1,0
BRDA:377,44,0,0
BRDA:377,44,1,0
BRDA:384,45,0,0
BRDA:384,45,1,0
BRF:94
BRH:0
end_of_record
TN:
SF:lib/api/horoscopeService.js
FN:22,getCurrentMoonSign
FN:32,getLuckyNumber
FN:40,getDailyHoroscope
FN:60,(anonymous_3)
FN:74,generateHoroscope
FN:150,parseHoroscopeResponse
FN:179,generateFallbackHoroscope
FN:200,saveToSupabase
FN:237,cleanOldCache
FN:240,(anonymous_9)
FNF:10
FNH:0
FNDA:0,getCurrentMoonSign
FNDA:0,getLuckyNumber
FNDA:0,getDailyHoroscope
FNDA:0,(anonymous_3)
FNDA:0,generateHoroscope
FNDA:0,parseHoroscopeResponse
FNDA:0,generateFallbackHoroscope
FNDA:0,saveToSupabase
FNDA:0,cleanOldCache
FNDA:0,(anonymous_9)
DA:10,0
DA:13,0
DA:23,0
DA:24,0
DA:25,0
DA:26,0
DA:33,0
DA:34,0
DA:41,0
DA:42,0
DA:43,0
DA:46,0
DA:47,0
DA:48,0
DA:49,0
DA:53,0
DA:54,0
DA:57,0
DA:60,0
DA:61,0
DA:64,0
DA:66,0
DA:67,0
DA:75,0
DA:76,0
DA:77,0
DA:79,0
DA:106,0
DA:107,0
DA:120,0
DA:121,0
DA:124,0
DA:125,0
DA:128,0
DA:130,0
DA:140,0
DA:143,0
DA:151,0
DA:158,0
DA:160,0
DA:161,0
DA:162,0
DA:163,0
DA:165,0
DA:166,0
DA:167,0
DA:168,0
DA:170,0
DA:173,0
DA:180,0
DA:182,0
DA:201,0
DA:202,0
DA:204,0
DA:205,0
DA:206,0
DA:209,0
DA:224,0
DA:225,0
DA:227,0
DA:230,0
DA:238,0
DA:239,0
DA:240,0
DA:242,0
DA:243,0
DA:245,0
DA:246,0
DA:247,0
DA:249,0
DA:250,0
DA:251,0
DA:255,0
LF:73
LH:0
BRDA:10,0,0,0
BRDA:10,0,1,0
BRDA:40,1,0,0
BRDA:47,2,0,0
BRDA:47,2,1,0
BRDA:85,3,0,0
BRDA:85,3,1,0
BRDA:86,4,0,0
BRDA:86,4,1,0
BRDA:120,5,0,0
BRDA:120,5,1,0
BRDA:125,6,0,0
BRDA:125,6,1,0
BRDA:125,6,2,0
BRDA:165,7,0,0
BRDA:165,7,1,0
BRDA:166,8,0,0
BRDA:166,8,1,0
BRDA:167,9,0,0
BRDA:167,9,1,0
BRDA:168,10,0,0
BRDA:168,10,1,0
BRDA:204,11,0,0
BRDA:204,11,1,0
BRDA:224,12,0,0
BRDA:224,12,1,0
BRDA:249,13,0,0
BRDA:249,13,1,0
BRF:28
BRH:0
end_of_record
TN:
SF:lib/api/journalService.js
FN:10,(anonymous_0)
FN:34,(anonymous_1)
FN:64,(anonymous_2)
FN:95,(anonymous_3)
FN:119,(anonymous_4)
FN:126,(anonymous_5)
FN:152,(anonymous_6)
FNF:7
FNH:0
FNDA:0,(anonymous_0)
FNDA:0,(anonymous_1)
FNDA:0,(anonymous_2)
FNDA:0,(anonymous_3)
FNDA:0,(anonymous_4)
FNDA:0,(anonymous_5)
FNDA:0,(anonymous_6)
DA:11,0
DA:12,0
DA:14,0
DA:16,0
DA:22,0
DA:24,0
DA:26,0
DA:27,0
DA:35,0
DA:36,0
DA:38,0
DA:40,0
DA:52,0
DA:54,0
DA:56,0
DA:57,0
DA:65,0
DA:66,0
DA:68,0
DA:70,0
DA:83,0
DA:85,0
DA:87,0
DA:88,0
DA:96,0
DA:97,0
DA:99,0
DA:101,0
DA:107,0
DA:109,0
DA:111,0
DA:112,0
DA:120,0
DA:121,0
DA:123,0
DA:126,0
DA:135,0
DA:140,0
DA:142,0
DA:144,0
DA:145,0
DA:153,0
DA:154,0
DA:156,0
DA:158,0
DA:164,0
DA:165,0
DA:168,0
DA:170,0
DA:171,0
DA:176,0
LF:51
LH:0
BRDA:14,0,0,0
BRDA:14,0,1,0
BRDA:22,1,0,0
BRDA:22,1,1,0
BRDA:24,2,0,0
BRDA:24,2,1,0
BRDA:38,3,0,0
BRDA:38,3,1,0
BRDA:52,4,0,0
BRDA:52,4,1,0
BRDA:68,5,0,0
BRDA:68,5,1,0
BRDA:83,6,0,0
BRDA:83,6,1,0
BRDA:99,7,0,0
BRDA:99,7,1,0
BRDA:107,8,0,0
BRDA:107,8,1,0
BRDA:123,9,0,0
BRDA:123,9,1,0
BRDA:140,10,0,0
BRDA:140,10,1,0
BRDA:156,11,0,0
BRDA:156,11,1,0
BRDA:164,12,0,0
BRDA:164,12,1,0
BRDA:164,13,0,0
BRDA:164,13,1,0
BRF:28
BRH:0
end_of_record
TN:
SF:lib/api/lunarCycleService.js
FN:16,(anonymous_0)
FN:61,(anonymous_1)
FN:117,(anonymous_2)
FN:156,(anonymous_3)
FN:198,(anonymous_4)
FN:226,(anonymous_5)
FN:248,(anonymous_6)
FNF:7
FNH:0
FNDA:0,(anonymous_0)
FNDA:0,(anonymous_1)
FNDA:0,(anonymous_2)
FNDA:0,(anonymous_3)
FNDA:0,(anonymous_4)
FNDA:0,(anonymous_5)
FNDA:0,(anonymous_6)
DA:17,0
DA:19,0
DA:21,0
DA:22,0
DA:26,0
DA:35,0
DA:36,0
DA:38,0
DA:40,0
DA:45,0
DA:50,0
DA:51,0
DA:62,0
DA:64,0
DA:65,0
DA:68,0
DA:70,0
DA:71,0
DA:72,0
DA:75,0
DA:76,0
DA:78,0
DA:79,0
DA:82,0
DA:83,0
DA:88,0
DA:92,0
DA:95,0
DA:100,0
DA:105,0
DA:106,0
DA:118,0
DA:119,0
DA:120,0
DA:121,0
DA:123,0
DA:133,0
DA:135,0
DA:136,0
DA:137,0
DA:139,0
DA:142,0
DA:144,0
DA:145,0
DA:157,0
DA:159,0
DA:160,0
DA:164,0
DA:165,0
DA:167,0
DA:173,0
DA:179,0
DA:180,0
DA:183,0
DA:184,0
DA:186,0
DA:187,0
DA:200,0
DA:201,0
DA:204,0
DA:208,0
DA:209,0
DA:212,0
DA:227,0
DA:228,0
DA:229,0
DA:230,0
DA:231,0
DA:232,0
DA:233,0
DA:234,0
DA:236,0
DA:238,0
DA:249,0
DA:250,0
DA:251,0
DA:252,0
DA:256,0
LF:78
LH:0
BRDA:21,0,0,0
BRDA:21,0,1,0
BRDA:70,1,0,0
BRDA:70,1,1,0
BRDA:82,2,0,0
BRDA:82,2,1,0
BRDA:82,3,0,0
BRDA:82,3,1,0
BRDA:133,4,0,0
BRDA:133,4,1,0
BRDA:135,5,0,0
BRDA:135,5,1,0
BRDA:179,6,0,0
BRDA:179,6,1,0
BRDA:208,7,0,0
BRDA:208,7,1,0
BRDA:208,8,0,0
BRDA:208,8,1,0
BRDA:227,9,0,0
BRDA:227,9,1,0
BRDA:227,10,0,0
BRDA:227,10,1,0
BRDA:229,11,0,0
BRDA:229,11,1,0
BRDA:229,12,0,0
BRDA:229,12,1,0
BRDA:231,13,0,0
BRDA:231,13,1,0
BRDA:231,14,0,0
BRDA:231,14,1,0
BRDA:233,15,0,0
BRDA:233,15,1,0
BRDA:233,16,0,0
BRDA:233,16,1,0
BRF:34
BRH:0
end_of_record
TN:
SF:lib/api/natalService.js
FN:20,(anonymous_0)
FN:46,(anonymous_1)
FN:70,(anonymous_2)
FN:126,(anonymous_3)
FN:192,(anonymous_4)
FN:235,(anonymous_5)
FNF:6
FNH:4
FNDA:0,(anonymous_0)
FNDA:0,(anonymous_1)
FNDA:2,(anonymous_2)
FNDA:2,(anonymous_3)
FNDA:1,(anonymous_4)
FNDA:1,(anonymous_5)
DA:6,1
DA:7,1
DA:8,1
DA:9,1
DA:21,0
DA:22,0
DA:28,0
DA:29,0
DA:30,0
DA:33,0
DA:35,0
DA:36,0
DA:47,0
DA:48,0
DA:54,0
DA:55,0
DA:58,0
DA:60,0
DA:61,0
DA:71,2
DA:72,2
DA:77,2
DA:78,2
DA:82,2
DA:83,2
DA:84,2
DA:85,2
DA:88,2
DA:89,2
DA:90,2
DA:92,2
DA:93,2
DA:94,2
DA:96,2
DA:108,2
DA:109,0
DA:110,0
DA:113,2
DA:115,0
DA:116,0
DA:127,2
DA:128,2
DA:131,2
DA:134,2
DA:135,1
DA:137,1
DA:138,1
DA:139,0
DA:143,1
DA:159,1
DA:160,0
DA:162,1
DA:165,0
DA:170,1
DA:171,1
DA:178,1
DA:180,1
DA:182,0
DA:183,0
DA:193,1
DA:194,1
DA:197,1
DA:199,1
DA:200,1
DA:201,1
DA:205,0
DA:206,0
DA:207,0
DA:210,0
DA:218,0
DA:219,0
DA:220,0
DA:223,0
DA:225,0
DA:226,0
DA:236,1
DA:237,1
DA:240,1
DA:241,0
DA:242,0
DA:245,1
DA:247,0
DA:248,0
DA:253,1
LF:84
LH:46
BRDA:6,0,0,1
BRDA:6,0,1,1
BRDA:28,1,0,0
BRDA:28,1,1,0
BRDA:30,2,0,0
BRDA:30,2,1,0
BRDA:54,3,0,0
BRDA:54,3,1,0
BRDA:108,4,0,0
BRDA:108,4,1,2
BRDA:110,5,0,0
BRDA:110,5,1,0
BRDA:134,6,0,1
BRDA:134,6,1,1
BRDA:138,7,0,0
BRDA:138,7,1,1
BRDA:159,8,0,0
BRDA:159,8,1,1
BRDA:199,9,0,1
BRDA:199,9,1,0
BRDA:205,10,0,0
BRDA:205,10,1,0
BRDA:218,11,0,0
BRDA:218,11,1,0
BRDA:218,12,0,0
BRDA:218,12,1,0
BRDA:240,13,0,0
BRDA:240,13,1,1
BRF:28
BRH:9
end_of_record
TN:
SF:lib/api/natalServiceRapidAPI.js
FN:22,(anonymous_0)
FN:98,(anonymous_1)
FN:130,(anonymous_2)
FN:197,(anonymous_3)
FN:260,(anonymous_4)
FN:301,(anonymous_5)
FNF:6
FNH:0
FNDA:0,(anonymous_0)
FNDA:0,(anonymous_1)
FNDA:0,(anonymous_2)
FNDA:0,(anonymous_3)
FNDA:0,(anonymous_4)
FNDA:0,(anonymous_5)
DA:12,0
DA:23,0
DA:24,0
DA:27,0
DA:28,0
DA:30,0
DA:31,0
DA:32,0
DA:33,0
DA:34,0
DA:36,0
DA:41,0
DA:57,0
DA:60,0
DA:68,0
DA:69,0
DA:70,0
DA:71,0
DA:74,0
DA:75,0
DA:78,0
DA:79,0
DA:82,0
DA:84,0
DA:86,0
DA:88,0
DA:89,0
DA:99,0
DA:101,0
DA:103,0
DA:104,0
DA:105,0
DA:108,0
DA:123,0
DA:130,0
DA:131,0
DA:132,0
DA:133,0
DA:136,0
DA:137,0
DA:138,0
DA:141,0
DA:148,0
DA:149,0
DA:151,0
DA:162,0
DA:171,0
DA:174,0
DA:180,0
DA:186,0
DA:187,0
DA:198,0
DA:199,0
DA:202,0
DA:205,0
DA:206,0
DA:215,0
DA:216,0
DA:218,0
DA:221,0
DA:222,0
DA:223,0
DA:239,0
DA:240,0
DA:242,0
DA:245,0
DA:249,0
DA:251,0
DA:252,0
DA:261,0
DA:263,0
DA:265,0
DA:266,0
DA:267,0
DA:271,0
DA:273,0
DA:274,0
DA:275,0
DA:278,0
DA:286,0
DA:287,0
DA:288,0
DA:291,0
DA:293,0
DA:294,0
DA:302,0
DA:303,0
DA:304,0
DA:306,0
DA:311,0
LF:90
LH:0
BRDA:12,0,0,0
BRDA:12,0,1,0
BRDA:43,1,0,0
BRDA:43,1,1,0
BRDA:50,2,0,0
BRDA:50,2,1,0
BRDA:68,3,0,0
BRDA:68,3,1,0
BRDA:101,4,0,0
BRDA:101,4,1,0
BRDA:131,5,0,0
BRDA:131,5,1,0
BRDA:137,6,0,0
BRDA:137,6,1,0
BRDA:138,7,0,0
BRDA:138,7,1,0
BRDA:141,8,0,0
BRDA:141,8,1,0
BRDA:153,9,0,0
BRDA:153,9,1,0
BRDA:153,9,2,0
BRDA:221,10,0,0
BRDA:221,10,1,0
BRDA:239,11,0,0
BRDA:239,11,1,0
BRDA:265,12,0,0
BRDA:265,12,1,0
BRDA:273,13,0,0
BRDA:273,13,1,0
BRDA:286,14,0,0
BRDA:286,14,1,0
BRDA:286,15,0,0
BRDA:286,15,1,0
BRF:33
BRH:0
end_of_record
TN:
SF:lib/api/parentChildService.js
FN:17,analyzeParentChildCompatibility
FN:71,zodiacSignToNumber
FN:92,numberToZodiacSign
FN:103,extractAstroData
FN:138,calculateSunSign
FNF:5
FNH:0
FNDA:0,analyzeParentChildCompatibility
FNDA:0,zodiacSignToNumber
FNDA:0,numberToZodiacSign
FNDA:0,extractAstroData
FNDA:0,calculateSunSign
DA:8,0
DA:18,0
DA:19,0
DA:42,0
DA:50,0
DA:51,0
DA:52,0
DA:55,0
DA:57,0
DA:58,0
DA:61,0
DA:63,0
DA:64,0
DA:72,0
DA:86,0
DA:93,0
DA:97,0
DA:104,0
DA:107,0
DA:108,0
DA:109,0
DA:120,0
DA:121,0
DA:122,0
DA:132,0
DA:139,0
DA:140,0
DA:141,0
DA:143,0
DA:144,0
DA:145,0
DA:146,0
DA:147,0
DA:148,0
DA:149,0
DA:150,0
DA:151,0
DA:152,0
DA:153,0
DA:154,0
LF:40
LH:0
BRDA:8,0,0,0
BRDA:8,0,1,0
BRDA:17,1,0,0
BRDA:21,2,0,0
BRDA:21,2,1,0
BRDA:22,3,0,0
BRDA:22,3,1,0
BRDA:23,4,0,0
BRDA:23,4,1,0
BRDA:24,5,0,0
BRDA:24,5,1,0
BRDA:25,6,0,0
BRDA:25,6,1,0
BRDA:26,7,0,0
BRDA:26,7,1,0
BRDA:29,8,0,0
BRDA:29,8,1,0
BRDA:30,9,0,0
BRDA:30,9,1,0
BRDA:31,10,0,0
BRDA:31,10,1,0
BRDA:32,11,0,0
BRDA:32,11,1,0
BRDA:33,12,0,0
BRDA:33,12,1,0
BRDA:34,13,0,0
BRDA:34,13,1,0
BRDA:36,14,0,0
BRDA:36,14,1,0
BRDA:37,15,0,0
BRDA:37,15,1,0
BRDA:38,16,0,0
BRDA:38,16,1,0
BRDA:39,17,0,0
BRDA:39,17,1,0
BRDA:50,18,0,0
BRDA:50,18,1,0
BRDA:57,19,0,0
BRDA:57,19,1,0
BRDA:58,20,0,0
BRDA:58,20,1,0
BRDA:86,21,0,0
BRDA:86,21,1,0
BRDA:97,22,0,0
BRDA:97,22,1,0
BRDA:104,23,0,0
BRDA:104,23,1,0
BRDA:107,24,0,0
BRDA:107,24,1,0
BRDA:107,25,0,0
BRDA:107,25,1,0
BRDA:110,26,0,0
BRDA:110,26,1,0
BRDA:111,27,0,0
BRDA:111,27,1,0
BRDA:112,28,0,0
BRDA:112,28,1,0
BRDA:113,29,0,0
BRDA:113,29,1,0
BRDA:114,30,0,0
BRDA:114,30,1,0
BRDA:115,31,0,0
BRDA:115,31,1,0
BRDA:120,32,0,0
BRDA:120,32,1,0
BRDA:143,33,0,0
BRDA:143,33,1,0
BRDA:143,34,0,0
BRDA:143,34,1,0
BRDA:143,34,2,0
BRDA:143,34,3,0
BRDA:144,35,0,0
BRDA:144,35,1,0
BRDA:144,36,0,0
BRDA:144,36,1,0
BRDA:144,36,2,0
BRDA:144,36,3,0
BRDA:145,37,0,0
BRDA:145,37,1,0
BRDA:145,38,0,0
BRDA:145,38,1,0
BRDA:145,38,2,0
BRDA:145,38,3,0
BRDA:146,39,0,0
BRDA:146,39,1,0
BRDA:146,40,0,0
BRDA:146,40,1,0
BRDA:146,40,2,0
BRDA:146,40,3,0
BRDA:147,41,0,0
BRDA:147,41,1,0
BRDA:147,42,0,0
BRDA:147,42,1,0
BRDA:147,42,2,0
BRDA:147,42,3,0
BRDA:148,43,0,0
BRDA:148,43,1,0
BRDA:148,44,0,0
BRDA:148,44,1,0
BRDA:148,44,2,0
BRDA:148,44,3,0
BRDA:149,45,0,0
BRDA:149,45,1,0
BRDA:149,46,0,0
BRDA:149,46,1,0
BRDA:149,46,2,0
BRDA:149,46,3,0
BRDA:150,47,0,0
BRDA:150,47,1,0
BRDA:150,48,0,0
BRDA:150,48,1,0
BRDA:150,48,2,0
BRDA:150,48,3,0
BRDA:151,49,0,0
BRDA:151,49,1,0
BRDA:151,50,0,0
BRDA:151,50,1,0
BRDA:151,50,2,0
BRDA:151,50,3,0
BRDA:152,51,0,0
BRDA:152,51,1,0
BRDA:152,52,0,0
BRDA:152,52,1,0
BRDA:152,52,2,0
BRDA:152,52,3,0
BRDA:153,53,0,0
BRDA:153,53,1,0
BRDA:153,54,0,0
BRDA:153,54,1,0
BRDA:153,54,2,0
BRDA:153,54,3,0
BRF:131
BRH:0
end_of_record
TN:
SF:lib/api/profileService.js
FN:12,(anonymous_0)
FN:45,(anonymous_1)
FN:81,deserializeProfile
FN:112,serializeProfileForSupabase
FN:142,parseTimeString
FN:144,(anonymous_5)
FN:153,formatTime
FNF:7
FNH:0
FNDA:0,(anonymous_0)
FNDA:0,(anonymous_1)
FNDA:0,deserializeProfile
FNDA:0,serializeProfileForSupabase
FNDA:0,parseTimeString
FNDA:0,(anonymous_5)
FNDA:0,formatTime
DA:13,0
DA:14,0
DA:15,0
DA:16,0
DA:19,0
DA:20,0
DA:21,0
DA:24,0
DA:30,0
DA:31,0
DA:32,0
DA:35,0
DA:36,0
DA:39,0
DA:46,0
DA:47,0
DA:48,0
DA:49,0
DA:52,0
DA:53,0
DA:54,0
DA:57,0
DA:63,0
DA:69,0
DA:70,0
DA:71,0
DA:74,0
DA:82,0
DA:84,0
DA:85,0
DA:87,0
DA:88,0
DA:89,0
DA:91,0
DA:113,0
DA:114,0
DA:116,0
DA:118,0
DA:143,0
DA:144,0
DA:145,0
DA:146,0
DA:147,0
DA:154,0
DA:155,0
DA:156,0
DA:157,0
DA:158,0
DA:161,1
LF:49
LH:1
BRDA:14,0,0,0
BRDA:14,0,1,0
BRDA:20,1,0,0
BRDA:20,1,1,0
BRDA:30,2,0,0
BRDA:30,2,1,0
BRDA:30,3,0,0
BRDA:30,3,1,0
BRDA:35,4,0,0
BRDA:35,4,1,0
BRDA:45,5,0,0
BRDA:47,6,0,0
BRDA:47,6,1,0
BRDA:53,7,0,0
BRDA:53,7,1,0
BRDA:69,8,0,0
BRDA:69,8,1,0
BRDA:82,9,0,0
BRDA:82,9,1,0
BRDA:84,10,0,0
BRDA:84,10,1,0
BRDA:85,11,0,0
BRDA:85,11,1,0
BRDA:87,12,0,0
BRDA:87,12,1,0
BRDA:88,13,0,0
BRDA:88,13,1,0
BRDA:89,14,0,0
BRDA:89,14,1,0
BRDA:94,15,0,0
BRDA:94,15,1,0
BRDA:97,16,0,0
BRDA:97,16,1,0
BRDA:98,17,0,0
BRDA:98,17,1,0
BRDA:99,18,0,0
BRDA:99,18,1,0
BRDA:100,19,0,0
BRDA:100,19,1,0
BRDA:104,20,0,0
BRDA:104,20,1,0
BRDA:105,21,0,0
BRDA:105,21,1,0
BRDA:113,22,0,0
BRDA:113,22,1,0
BRDA:114,23,0,0
BRDA:114,23,1,0
BRDA:116,24,0,0
BRDA:116,24,1,0
BRDA:116,25,0,0
BRDA:116,25,1,0
BRDA:121,26,0,0
BRDA:121,26,1,0
BRDA:122,27,0,0
BRDA:122,27,1,0
BRDA:123,28,0,0
BRDA:123,28,1,0
BRDA:124,29,0,0
BRDA:124,29,1,0
BRDA:125,30,0,0
BRDA:125,30,1,0
BRDA:126,31,0,0
BRDA:126,31,1,0
BRDA:127,32,0,0
BRDA:127,32,1,0
BRDA:128,33,0,0
BRDA:128,33,1,0
BRDA:129,34,0,0
BRDA:129,34,1,0
BRDA:130,35,0,0
BRDA:130,35,1,0
BRDA:131,36,0,0
BRDA:131,36,1,0
BRDA:132,37,0,0
BRDA:132,37,1,0
BRDA:133,38,0,0
BRDA:133,38,1,0
BRDA:134,39,0,0
BRDA:134,39,1,0
BRDA:143,40,0,0
BRDA:143,40,1,0
BRDA:146,41,0,0
BRDA:146,41,1,0
BRDA:146,42,0,0
BRDA:146,42,1,0
BRDA:146,43,0,0
BRDA:146,43,1,0
BRDA:154,44,0,0
BRDA:154,44,1,0
BRF:89
BRH:0
end_of_record
TN:
SF:lib/config/backend.js
FN:3,getFastApiBaseUrl
FNF:1
FNH:0
FNDA:0,getFastApiBaseUrl
DA:5,0
DA:10,0
DA:11,0
DA:12,0
DA:15,0
LF:5
LH:0
BRDA:5,0,0,0
BRDA:5,0,1,0
BRDA:5,0,2,0
BRDA:5,0,3,0
BRDA:10,1,0,0
BRDA:10,1,1,0
BRF:6
BRH:0
end_of_record
TN:
SF:lib/services/accountDeletionService.js
FN:21,deleteAccount
FN:73,getCurrentUserId
FN:86,deleteSupabaseData
FN:184,cleanupLocalData
FN:223,signOutUser
FNF:5
FNH:0
FNDA:0,deleteAccount
FNDA:0,getCurrentUserId
FNDA:0,deleteSupabaseData
FNDA:0,cleanupLocalData
FNDA:0,signOutUser
DA:22,0
DA:23,0
DA:25,0
DA:26,0
DA:27,0
DA:28,0
DA:31,0
DA:34,0
DA:35,0
DA:36,0
DA:38,0
DA:39,0
DA:40,0
DA:45,0
DA:46,0
DA:47,0
DA:49,0
DA:50,0
DA:51,0
DA:55,0
DA:56,0
DA:57,0
DA:59,0
DA:60,0
DA:61,0
DA:64,0
DA:65,0
DA:67,0
DA:74,0
DA:75,0
DA:76,0
DA:78,0
DA:79,0
DA:87,0
DA:90,0
DA:91,0
DA:96,0
DA:98,0
DA:99,0
DA:101,0
DA:104,0
DA:107,0
DA:108,0
DA:112,0
DA:113,0
DA:118,0
DA:119,0
DA:120,0
DA:122,0
DA:125,0
DA:128,0
DA:129,0
DA:133,0
DA:134,0
DA:139,0
DA:140,0
DA:141,0
DA:143,0
DA:146,0
DA:149,0
DA:150,0
DA:154,0
DA:155,0
DA:160,0
DA:162,0
DA:163,0
DA:165,0
DA:168,0
DA:172,0
DA:185,0
DA:188,0
DA:198,0
DA:200,0
DA:201,0
DA:207,0
DA:208,0
DA:212,0
DA:213,0
DA:214,0
DA:216,0
DA:224,0
DA:225,0
DA:226,0
DA:228,0
DA:229,0
DA:232,0
DA:234,0
DA:235,0
LF:88
LH:0
BRDA:25,0,0,0
BRDA:25,0,1,0
BRDA:65,1,0,0
BRDA:65,1,1,0
BRDA:76,2,0,0
BRDA:76,2,1,0
BRDA:96,3,0,0
BRDA:96,3,1,0
BRDA:98,4,0,0
BRDA:98,4,1,0
BRDA:98,5,0,0
BRDA:98,5,1,0
BRDA:118,6,0,0
BRDA:118,6,1,0
BRDA:119,7,0,0
BRDA:119,7,1,0
BRDA:119,8,0,0
BRDA:119,8,1,0
BRDA:139,9,0,0
BRDA:139,9,1,0
BRDA:140,10,0,0
BRDA:140,10,1,0
BRDA:140,11,0,0
BRDA:140,11,1,0
BRDA:160,12,0,0
BRDA:160,12,1,0
BRDA:162,13,0,0
BRDA:162,13,1,0
BRDA:162,14,0,0
BRDA:162,14,1,0
BRDA:228,15,0,0
BRDA:228,15,1,0
BRF:32
BRH:0
end_of_record
TN:
SF:lib/services/chartDataService.js
FN:12,getLast30DaysJournal
FN:15,(anonymous_1)
FN:30,(anonymous_2)
FN:31,(anonymous_3)
FN:41,prepareMoodCycleData
FN:66,(anonymous_5)
FN:87,(anonymous_6)
FN:102,prepareEnergyCycleData
FN:123,(anonymous_8)
FN:148,(anonymous_9)
FN:151,(anonymous_10)
FN:165,(anonymous_11)
FN:179,generateInsights
FN:204,(anonymous_13)
FN:222,(anonymous_14)
FN:225,(anonymous_15)
FN:247,(anonymous_16)
FN:251,(anonymous_17)
FNF:18
FNH:0
FNDA:0,getLast30DaysJournal
FNDA:0,(anonymous_1)
FNDA:0,(anonymous_2)
FNDA:0,(anonymous_3)
FNDA:0,prepareMoodCycleData
FNDA:0,(anonymous_5)
FNDA:0,(anonymous_6)
FNDA:0,prepareEnergyCycleData
FNDA:0,(anonymous_8)
FNDA:0,(anonymous_9)
FNDA:0,(anonymous_10)
FNDA:0,(anonymous_11)
FNDA:0,generateInsights
FNDA:0,(anonymous_13)
FNDA:0,(anonymous_14)
FNDA:0,(anonymous_15)
FNDA:0,(anonymous_16)
FNDA:0,(anonymous_17)
DA:13,0
DA:14,0
DA:15,0
DA:17,0
DA:18,0
DA:19,0
DA:20,0
DA:21,0
DA:26,0
DA:27,0
DA:29,0
DA:30,0
DA:31,0
DA:33,0
DA:34,0
DA:42,0
DA:43,0
DA:44,0
DA:46,0
DA:47,0
DA:50,0
DA:53,0
DA:62,0
DA:63,0
DA:64,0
DA:66,0
DA:67,0
DA:68,0
DA:69,0
DA:72,0
DA:73,0
DA:74,0
DA:75,0
DA:77,0
DA:78,0
DA:79,0
DA:82,0
DA:87,0
DA:94,0
DA:95,0
DA:103,0
DA:104,0
DA:106,0
DA:107,0
DA:111,0
DA:118,0
DA:119,0
DA:121,0
DA:123,0
DA:124,0
DA:125,0
DA:126,0
DA:129,0
DA:130,0
DA:131,0
DA:132,0
DA:135,0
DA:143,0
DA:147,0
DA:148,0
DA:149,0
DA:150,0
DA:151,0
DA:155,0
DA:165,0
DA:171,0
DA:172,0
DA:180,0
DA:181,0
DA:182,0
DA:184,0
DA:185,0
DA:188,0
DA:189,0
DA:192,0
DA:193,0
DA:194,0
DA:197,0
DA:204,0
DA:205,0
DA:206,0
DA:207,0
DA:209,0
DA:210,0
DA:211,0
DA:212,0
DA:214,0
DA:215,0
DA:219,0
DA:220,0
DA:222,0
DA:223,0
DA:224,0
DA:225,0
DA:226,0
DA:227,0
DA:228,0
DA:233,0
DA:240,0
DA:246,0
DA:247,0
DA:248,0
DA:251,0
DA:252,0
DA:255,0
DA:261,0
DA:262,0
DA:263,0
DA:270,0
DA:271,0
DA:278,0
DA:284,0
DA:286,0
DA:287,0
LF:114
LH:0
BRDA:20,0,0,0
BRDA:20,0,1,0
BRDA:30,1,0,0
BRDA:30,1,1,0
BRDA:31,2,0,0
BRDA:31,2,1,0
BRDA:31,3,0,0
BRDA:31,3,1,0
BRDA:46,4,0,0
BRDA:46,4,1,0
BRDA:46,5,0,0
BRDA:46,5,1,0
BRDA:67,6,0,0
BRDA:67,6,1,0
BRDA:73,7,0,0
BRDA:73,7,1,0
BRDA:74,8,0,0
BRDA:74,8,1,0
BRDA:75,9,0,0
BRDA:75,9,1,0
BRDA:78,10,0,0
BRDA:78,10,1,0
BRDA:87,11,0,0
BRDA:106,12,0,0
BRDA:106,12,1,0
BRDA:119,13,0,0
BRDA:119,13,1,0
BRDA:124,14,0,0
BRDA:124,14,1,0
BRDA:130,15,0,0
BRDA:130,15,1,0
BRDA:131,16,0,0
BRDA:131,16,1,0
BRDA:132,17,0,0
[...]
FNDA:0,getStrengthColor
DA:11,1
DA:33,1
DA:50,1
DA:62,0
DA:65,0
DA:66,0
DA:69,0
DA:72,0
DA:75,0
DA:78,0
DA:79,0
DA:82,0
DA:91,0
DA:93,0
DA:94,0
DA:95,0
DA:97,0
DA:98,0
DA:101,0
DA:102,0
DA:103,0
DA:106,0
DA:109,0
DA:111,0
DA:112,0
DA:114,0
DA:115,0
DA:117,0
DA:118,0
DA:120,0
DA:121,0
DA:123,0
DA:124,0
DA:126,0
DA:130,0
DA:131,0
DA:132,0
DA:133,0
DA:136,0
DA:142,1
DA:153,1
DA:166,1
DA:181,0
DA:183,0
DA:185,0
DA:186,0
DA:189,0
DA:190,0
DA:193,0
DA:200,1
DA:205,1
DA:206,1
DA:215,0
DA:216,0
DA:218,0
DA:219,0
DA:221,0
DA:231,0
DA:232,0
DA:236,0
DA:246,0
DA:247,0
DA:250,0
DA:251,0
DA:255,0
DA:257,0
DA:261,0
DA:263,0
DA:267,0
DA:276,0
DA:281,0
DA:291,0
DA:292,0
DA:293,0
DA:304,0
DA:305,0
DA:307,0
DA:329,0
DA:332,0
DA:335,0
DA:338,0
DA:341,0
DA:344,0
DA:347,0
DA:349,0
DA:356,1
DA:379,0
DA:380,0
DA:386,0
DA:387,0
DA:388,0
DA:391,0
DA:394,0
DA:395,0
DA:396,0
DA:397,0
DA:400,0
DA:401,0
DA:405,0
DA:412,0
DA:413,0
DA:414,0
DA:415,0
DA:417,0
DA:418,0
DA:422,0
DA:427,0
DA:431,0
DA:432,0
DA:433,0
DA:436,0
DA:439,0
DA:451,0
DA:452,0
DA:456,0
DA:457,0
DA:461,0
DA:472,0
DA:473,0
DA:475,0
DA:476,0
DA:479,0
DA:480,0
DA:481,0
DA:491,0
DA:492,0
DA:495,0
DA:497,0
DA:499,0
DA:508,0
DA:523,0
DA:532,0
DA:545,0
DA:554,0
DA:559,0
LF:135
LH:10
BRDA:65,0,0,0
BRDA:65,0,1,0
BRDA:66,1,0,0
BRDA:66,1,1,0
BRDA:69,2,0,0
BRDA:69,2,1,0
BRDA:72,3,0,0
BRDA:72,3,1,0
BRDA:78,4,0,0
BRDA:78,4,1,0
BRDA:97,5,0,0
BRDA:97,5,1,0
BRDA:97,6,0,0
BRDA:97,6,1,0
BRDA:97,6,2,0
BRDA:101,7,0,0
BRDA:101,7,1,0
BRDA:109,8,0,0
BRDA:109,8,1,0
BRDA:109,8,2,0
BRDA:109,8,3,0
BRDA:109,8,4,0
BRDA:109,8,5,0
BRDA:130,9,0,0
BRDA:130,9,1,0
BRDA:132,10,0,0
BRDA:132,10,1,0
BRDA:181,11,0,0
BRDA:181,11,1,0
BRDA:185,12,0,0
BRDA:185,12,1,0
BRDA:189,13,0,0
BRDA:189,13,1,0
BRDA:215,14,0,0
BRDA:215,14,1,0
BRDA:218,15,0,0
BRDA:218,15,1,0
BRDA:231,16,0,0
BRDA:231,16,1,0
BRDA:231,17,0,0
BRDA:231,17,1,0
BRDA:231,17,2,0
BRDA:236,18,0,0
BRDA:236,18,1,0
BRDA:250,19,0,0
BRDA:250,19,1,0
BRDA:250,20,0,0
BRDA:250,20,1,0
BRDA:255,21,0,0
BRDA:255,21,1,0
BRDA:255,22,0,0
BRDA:255,22,1,0
BRDA:255,22,2,0
BRDA:255,22,3,0
BRDA:261,23,0,0
BRDA:261,23,1,0
BRDA:261,24,0,0
BRDA:261,24,1,0
BRDA:261,24,2,0
BRDA:261,24,3,0
BRDA:281,25,0,0
BRDA:281,25,1,0
BRDA:304,26,0,0
BRDA:304,26,1,0
BRDA:304,27,0,0
BRDA:304,27,1,0
BRDA:332,28,0,0
BRDA:332,28,1,0
BRDA:379,29,0,0
BRDA:379,29,1,0
BRDA:379,30,0,0
BRDA:379,30,1,0
BRDA:396,31,0,0
BRDA:396,31,1,0
BRDA:397,32,0,0
BRDA:397,32,1,0
BRDA:400,33,0,0
BRDA:400,33,1,0
BRDA:412,34,0,0
BRDA:412,34,1,0
BRDA:413,35,0,0
BRDA:413,35,1,0
BRDA:414,36,0,0
BRDA:414,36,1,0
BRDA:415,37,0,0
BRDA:415,37,1,0
BRDA:417,38,0,0
BRDA:417,38,1,0
BRDA:422,39,0,0
BRDA:422,39,1,0
BRDA:422,40,0,0
BRDA:422,40,1,0
BRDA:450,41,0,0
BRDA:451,42,0,0
BRDA:451,42,1,0
BRDA:451,43,0,0
BRDA:451,43,1,0
BRDA:456,44,0,0
BRDA:456,44,1,0
BRDA:471,45,0,0
BRDA:473,46,0,0
BRDA:473,46,1,0
BRDA:480,47,0,0
BRDA:480,47,1,0
BRDA:491,48,0,0
BRDA:491,48,1,0
BRDA:491,49,0,0
BRDA:491,49,1,0
BRDA:491,49,2,0
BRDA:491,49,3,0
BRDA:497,50,0,0
BRDA:497,50,1,0
BRDA:523,51,0,0
BRDA:523,51,1,0
BRDA:545,52,0,0
BRDA:545,52,1,0
BRDA:559,53,0,0
BRDA:559,53,1,0
BRF:118
BRH:0
end_of_record
TN:
SF:lib/utils/aspectTextTemplates.ts
FN:13,(anonymous_0)
FN:25,(anonymous_1)
FN:37,(anonymous_2)
FN:49,(anonymous_3)
FN:61,(anonymous_4)
FN:73,(anonymous_5)
FN:94,getReadableInterpretation
FN:137,getReadableInterpretationSync
FN:156,getReadableInterpretationAsync
FNF:9
FNH:7
FNDA:2,(anonymous_0)
FNDA:1,(anonymous_1)
FNDA:1,(anonymous_2)
FNDA:1,(anonymous_3)
FNDA:1,(anonymous_4)
FNDA:1,(anonymous_5)
FNDA:7,getReadableInterpretation
FNDA:0,getReadableInterpretationSync
FNDA:0,getReadableInterpretationAsync
DA:12,1
DA:14,2
DA:15,2
DA:17,2
DA:18,2
DA:19,0
DA:20,0
DA:22,0
DA:26,1
DA:27,1
DA:29,1
DA:30,0
DA:31,1
DA:32,1
DA:34,0
DA:38,1
DA:39,1
DA:41,1
DA:42,1
DA:43,0
DA:44,0
DA:46,0
DA:50,1
DA:51,1
DA:53,1
DA:54,0
DA:55,1
DA:56,1
DA:58,0
DA:62,1
DA:63,1
DA:65,1
DA:66,0
DA:67,1
DA:68,0
DA:70,1
DA:74,1
DA:75,1
DA:77,1
DA:78,0
DA:79,1
DA:80,1
DA:82,0
DA:104,7
DA:106,7
DA:107,7
DA:110,7
DA:112,7
DA:113,2
DA:114,5
DA:115,1
DA:116,4
DA:117,1
DA:118,3
DA:119,1
DA:120,2
DA:121,1
DA:124,1
DA:125,1
DA:130,7
DA:147,0
DA:166,0
DA:169,0
DA:170,0
DA:171,0
DA:172,0
DA:174,0
DA:175,0
DA:179,0
LF:69
LH:46
BRDA:17,0,0,2
BRDA:17,0,1,0
BRDA:19,1,0,0
BRDA:19,1,1,0
BRDA:29,2,0,0
BRDA:29,2,1,1
BRDA:31,3,0,1
BRDA:31,3,1,0
BRDA:41,4,0,1
BRDA:41,4,1,0
BRDA:43,5,0,0
BRDA:43,5,1,0
BRDA:53,6,0,0
BRDA:53,6,1,1
BRDA:55,7,0,1
BRDA:55,7,1,0
BRDA:65,8,0,0
BRDA:65,8,1,1
BRDA:67,9,0,0
BRDA:67,9,1,1
BRDA:77,10,0,0
BRDA:77,10,1,1
BRDA:79,11,0,1
BRDA:79,11,1,0
BRDA:102,12,0,7
BRDA:106,13,0,7
BRDA:106,13,1,0
BRDA:107,14,0,7
BRDA:107,14,1,0
BRDA:112,15,0,2
BRDA:112,15,1,5
BRDA:114,16,0,1
BRDA:114,16,1,4
BRDA:116,17,0,1
BRDA:116,17,1,3
BRDA:118,18,0,1
BRDA:118,18,1,2
BRDA:120,19,0,1
BRDA:120,19,1,1
BRDA:124,20,0,1
BRDA:124,20,1,0
BRDA:145,21,0,0
BRDA:164,22,0,0
BRDA:169,23,0,0
BRDA:169,23,1,0
BRDA:169,24,0,0
BRDA:169,24,1,0
BRDA:169,24,2,0
BRDA:172,25,0,0
BRDA:172,25,1,0
BRF:50
BRH:24
end_of_record
TN:
SF:lib/utils/astrologyTranslations.js
FN:86,translatePlanet
FN:93,translateAspect
FN:102,translateHouse
FN:109,translateStrength
FN:123,translateSign
FNF:5
FNH:1
FNDA:14,translatePlanet
FNDA:0,translateAspect
FNDA:0,translateHouse
FNDA:0,translateStrength
FNDA:0,translateSign
DA:5,2
DA:25,2
DA:54,2
DA:68,2
DA:87,14
DA:94,0
DA:95,0
DA:96,0
DA:103,0
DA:110,0
DA:115,0
DA:116,0
DA:117,0
DA:124,0
DA:125,0
LF:15
LH:5
BRDA:87,0,0,14
BRDA:87,0,1,0
BRDA:94,1,0,0
BRDA:94,1,1,0
BRDA:96,2,0,0
BRDA:96,2,1,0
BRDA:103,3,0,0
BRDA:103,3,1,0
BRDA:115,4,0,0
BRDA:115,4,1,0
BRDA:117,5,0,0
BRDA:117,5,1,0
BRDA:124,6,0,0
BRDA:124,6,1,0
BRDA:125,7,0,0
BRDA:125,7,1,0
BRF:16
BRH:1
end_of_record
TN:
SF:lib/utils/dateFormatters.ts
FN:10,formatMonthYear
FN:27,formatFullDate
FNF:2
FNH:0
FNDA:0,formatMonthYear
FNDA:0,formatFullDate
DA:11,0
DA:16,0
DA:17,0
DA:19,0
DA:28,0
DA:33,0
DA:34,0
DA:35,0
DA:37,0
LF:9
LH:0
BRF:0
BRH:0
end_of_record
TN:
SF:lib/utils/gptInterpreter.ts
FN:12,setUseGPTInterp
FN:19,getUseGPTInterp
FN:26,rewriteWithGPT
FNF:3
FNH:0
FNDA:0,setUseGPTInterp
FNDA:0,getUseGPTInterp
FNDA:0,rewriteWithGPT
DA:7,1
DA:13,0
DA:20,0
DA:28,0
LF:4
LH:1
BRF:0
BRH:0
end_of_record
TN:
SF:lib/utils/profileGenerator.ts
FN:48,generateTemplateProfile
FN:77,generateProfile
FN:103,(anonymous_2)
FN:110,(anonymous_3)
FNF:4
FNH:0
FNDA:0,generateTemplateProfile
FNDA:0,generateProfile
FNDA:0,(anonymous_2)
FNDA:0,(anonymous_3)
DA:11,0
DA:30,0
DA:53,0
DA:54,0
DA:57,0
DA:58,0
DA:59,0
DA:60,0
DA:62,0
DA:63,0
DA:64,0
DA:67,0
DA:69,0
DA:91,0
DA:94,0
DA:97,0
DA:98,0
DA:102,0
DA:103,0
DA:104,0
DA:107,0
DA:108,0
DA:111,0
DA:112,0
DA:116,0
DA:121,0
DA:122,0
DA:123,0
DA:124,0
DA:126,0
DA:127,0
DA:131,0
LF:32
LH:0
BRDA:53,0,0,0
BRDA:53,0,1,0
BRDA:53,1,0,0
BRDA:53,1,1,0
BRDA:53,1,2,0
BRDA:53,1,3,0
BRDA:58,2,0,0
BRDA:58,2,1,0
BRDA:59,3,0,0
BRDA:59,3,1,0
BRDA:60,4,0,0
BRDA:60,4,1,0
BRDA:62,5,0,0
BRDA:62,5,1,0
BRDA:63,6,0,0
BRDA:63,6,1,0
BRDA:64,7,0,0
BRDA:64,7,1,0
BRDA:94,8,0,0
BRDA:94,8,1,0
BRDA:97,9,0,0
BRDA:97,9,1,0
BRDA:97,10,0,0
BRDA:97,10,1,0
BRDA:102,11,0,0
BRDA:102,11,1,0
BRDA:102,12,0,0
BRDA:102,12,1,0
BRDA:107,13,0,0
BRDA:107,13,1,0
BRDA:111,14,0,0
BRDA:111,14,1,0
BRDA:121,15,0,0
BRDA:121,15,1,0
BRDA:124,16,0,0
BRDA:124,16,1,0
BRF:36
BRH:0
end_of_record
TN:
SF:lib/utils/zodiac.js
FN:108,isDateInRange
FN:133,getSignById
FN:135,(anonymous_2)
FN:141,getSignId
FN:145,(anonymous_4)
FN:153,calculateZodiacFromDate
FN:163,(anonymous_6)
FNF:7
FNH:3
FNDA:1,isDateInRange
FNDA:0,getSignById
FNDA:0,(anonymous_2)
FNDA:0,getSignId
FNDA:0,(anonymous_4)
FNDA:1,calculateZodiacFromDate
FNDA:1,(anonymous_6)
DA:6,2
DA:109,1
DA:110,0
DA:113,1
DA:115,1
DA:116,1
DA:117,1
DA:118,1
DA:122,0
DA:134,0
DA:135,0
DA:142,0
DA:143,0
DA:144,0
DA:145,0
DA:147,0
DA:154,1
DA:155,1
DA:156,1
DA:157,0
DA:160,1
DA:161,1
DA:163,1
DA:164,1
DA:167,1
LF:25
LH:15
BRDA:109,0,0,0
BRDA:109,0,1,1
BRDA:109,1,0,1
BRDA:109,1,1,0
BRDA:110,2,0,0
BRDA:110,2,1,0
BRDA:113,3,0,1
BRDA:113,3,1,0
BRDA:113,4,0,1
BRDA:113,4,1,0
BRDA:113,4,2,0
BRDA:115,5,0,0
BRDA:115,5,1,1
BRDA:115,6,0,1
BRDA:115,6,1,1
BRDA:116,7,0,0
BRDA:116,7,1,1
BRDA:116,8,0,1
BRDA:116,8,1,1
BRDA:117,9,0,0
BRDA:117,9,1,1
BRDA:117,10,0,1
BRDA:117,10,1,0
BRDA:123,11,0,0
BRDA:123,11,1,0
BRDA:123,11,2,0
BRDA:123,11,3,0
BRDA:123,11,4,0
BRDA:123,11,5,0
BRDA:134,12,0,0
BRDA:134,12,1,0
BRDA:135,13,0,0
BRDA:135,13,1,0
BRDA:142,14,0,0
BRDA:142,14,1,0
BRDA:147,15,0,0
BRDA:147,15,1,0
BRDA:154,16,0,0
BRDA:154,16,1,1
BRDA:156,17,0,0
BRDA:156,17,1,1
BRDA:167,18,0,1
BRDA:167,18,1,0
BRF:43
BRH:15
end_of_record
TN:
SF:stores/authStore.js
FN:6,(anonymous_0)
FN:13,(anonymous_1)
FN:32,(anonymous_2)
FN:46,(anonymous_3)
FN:66,(anonymous_4)
FN:89,(anonymous_5)
FN:108,(anonymous_6)
FN:132,(anonymous_7)
FN:155,(anonymous_8)
FN:169,(anonymous_9)
FNF:10
FNH:0
FNDA:0,(anonymous_0)
FNDA:0,(anonymous_1)
FNDA:0,(anonymous_2)
FNDA:0,(anonymous_3)
FNDA:0,(anonymous_4)
FNDA:0,(anonymous_5)
FNDA:0,(anonymous_6)
FNDA:0,(anonymous_7)
FNDA:0,(anonymous_8)
FNDA:0,(anonymous_9)
DA:6,0
DA:14,0
DA:15,0
DA:18,0
DA:20,0
DA:21,0
DA:28,0
DA:32,0
DA:33,0
DA:40,0
DA:41,0
DA:47,0
DA:48,0
DA:56,0
DA:58,0
DA:60,0
DA:61,0
DA:67,0
DA:68,0
DA:73,0
DA:75,0
DA:81,0
DA:83,0
DA:84,0
DA:90,0
DA:91,0
DA:98,0
DA:100,0
DA:102,0
DA:103,0
DA:109,0
DA:110,0
DA:116,0
DA:118,0
DA:124,0
DA:126,0
DA:127,0
DA:133,0
DA:134,0
DA:137,0
DA:141,0
DA:147,0
DA:149,0
DA:150,0
DA:156,0
DA:157,0
DA:159,0
DA:161,0
DA:163,0
DA:164,0
DA:170,0
DA:171,0
DA:173,0
DA:175,0
DA:177,0
DA:179,0
DA:180,0
LF:57
LH:0
BRDA:20,0,0,0
BRDA:20,0,1,0
BRDA:34,1,0,0
BRDA:34,1,1,0
BRDA:46,2,0,0
BRDA:56,3,0,0
BRDA:56,3,1,0
BRDA:73,4,0,0
BRDA:73,4,1,0
BRDA:98,5,0,0
BRDA:98,5,1,0
BRDA:116,6,0,0
BRDA:116,6,1,0
BRDA:159,7,0,0
BRDA:159,7,1,0
BRDA:173,8,0,0
BRDA:173,8,1,0
BRF:17
BRH:0
end_of_record
TN:
SF:stores/cycleHistoryStore.ts
FN:53,isValidCycle
FN:79,isTooCloseToPrevious
FN:97,median
FN:100,(anonymous_3)
FN:108,(anonymous_4)
FN:113,(anonymous_5)
FN:131,(anonymous_6)
FN:140,(anonymous_7)
FN:188,(anonymous_8)
FN:191,(anonymous_9)
FN:247,(anonymous_10)
FN:266,(anonymous_11)
FN:278,(anonymous_12)
FN:281,(anonymous_13)
FN:284,(anonymous_14)
FN:285,(anonymous_15)
FN:290,(anonymous_16)
FN:292,(anonymous_17)
FN:315,(anonymous_18)
FN:358,(anonymous_19)
FN:360,(anonymous_20)
FN:364,(anonymous_21)
FN:466,(anonymous_22)
FN:469,(anonymous_23)
FN:503,(anonymous_24)
FN:506,(anonymous_25)
FN:535,(anonymous_26)
FN:559,(anonymous_27)
FNF:28
FNH:17
FNDA:20,isValidCycle
FNDA:17,isTooCloseToPrevious
FNDA:2,median
FNDA:4,(anonymous_3)
FNDA:2,(anonymous_4)
FNDA:0,(anonymous_5)
FNDA:0,(anonymous_6)
FNDA:0,(anonymous_7)
FNDA:0,(anonymous_8)
FNDA:0,(anonymous_9)
FNDA:12,(anonymous_10)
FNDA:11,(anonymous_11)
FNDA:13,(anonymous_12)
FNDA:10,(anonymous_13)
FNDA:13,(anonymous_14)
FNDA:13,(anonymous_15)
FNDA:10,(anonymous_16)
FNDA:0,(anonymous_17)
FNDA:4,(anonymous_18)
FNDA:2,(anonymous_19)
FNDA:3,(anonymous_20)
FNDA:0,(anonymous_21)
FNDA:1,(anonymous_22)
FNDA:3,(anonymous_23)
FNDA:0,(anonymous_24)
FNDA:0,(anonymous_25)
FNDA:0,(anonymous_26)
FNDA:0,(anonymous_27)
DA:5,2
DA:6,2
DA:9,2
DA:10,2
DA:11,2
DA:55,20
DA:58,19
DA:59,19
DA:60,1
DA:61,1
DA:65,18
DA:66,16
DA:67,16
DA:68,1
DA:69,1
DA:73,17
DA:80,17
DA:82,8
DA:83,8
DA:84,8
DA:86,8
DA:87,0
DA:88,0
DA:91,8
DA:98,2
DA:100,4
DA:101,2
DA:103,2
DA:108,2
DA:114,0
DA:115,0
DA:116,0
DA:118,0
DA:119,0
DA:120,0
DA:122,0
DA:125,0
DA:126,0
DA:132,0
DA:133,0
DA:136,0
DA:137,0
DA:140,0
DA:141,0
DA:142,0
DA:143,0
DA:147,0
DA:148,0
DA:150,0
DA:151,0
DA:152,0
DA:155,0
DA:166,0
DA:167,0
DA:168,0
DA:171,0
DA:172,0
DA:175,0
DA:176,0
DA:177,0
DA:179,0
DA:180,0
DA:182,0
DA:183,0
DA:189,0
DA:190,0
DA:191,0
DA:193,0
DA:194,0
DA:195,0
DA:199,0
DA:200,0
DA:202,0
DA:203,0
DA:206,0
DA:207,0
DA:211,0
DA:215,0
DA:216,0
DA:218,0
DA:219,0
DA:223,0
DA:227,0
DA:231,0
DA:232,0
DA:233,0
DA:235,0
DA:236,0
DA:238,0
DA:239,0
DA:241,0
DA:242,0
DA:248,12
DA:249,12
DA:251,12
DA:252,20
DA:253,20
DA:256,20
DA:257,17
DA:259,17
DA:262,12
DA:267,11
DA:270,11
DA:271,5
DA:275,6
DA:278,13
DA:279,6
DA:281,10
DA:284,13
DA:285,13
DA:287,6
DA:290,10
DA:292,0
DA:295,6
DA:298,6
DA:305,6
DA:316,4
DA:317,4
DA:319,4
DA:320,2
DA:323,2
DA:324,2
DA:325,2
DA:328,2
DA:331,2
DA:334,2
DA:335,2
DA:338,2
DA:343,2
DA:348,2
DA:350,2
DA:359,2
DA:360,3
DA:365,0
DA:366,0
DA:368,0
DA:370,0
DA:371,0
DA:372,0
DA:375,0
DA:378,0
DA:381,0
DA:384,0
DA:387,0
DA:388,0
DA:396,0
DA:397,0
DA:398,0
DA:406,0
DA:407,0
DA:408,0
DA:410,0
DA:411,0
DA:412,0
DA:418,0
DA:419,0
DA:420,0
DA:426,0
DA:427,0
DA:428,0
DA:435,0
DA:436,0
DA:446,0
DA:447,0
DA:448,0
DA:449,0
DA:450,0
DA:453,0
DA:455,0
DA:467,1
DA:468,1
DA:469,3
DA:471,1
DA:472,1
DA:475,1
DA:478,1
DA:479,1
DA:480,1
DA:482,1
DA:483,1
DA:486,1
DA:487,1
DA:491,1
DA:492,1
DA:494,1
DA:495,1
DA:497,0
DA:498,0
DA:504,0
DA:505,0
DA:506,0
DA:508,0
DA:509,0
DA:510,0
DA:514,0
DA:515,0
DA:516,0
DA:520,0
DA:521,0
DA:522,0
DA:525,0
DA:526,0
DA:529,0
DA:531,0
DA:535,0
DA:536,0
DA:537,0
DA:538,0
DA:541,0
DA:544,0
DA:545,0
DA:548,0
DA:550,0
DA:551,0
DA:553,0
DA:554,0
DA:560,0
DA:562,0
DA:563,0
DA:564,0
DA:565,0
DA:569,0
DA:570,0
DA:571,0
DA:573,0
DA:583,0
DA:584,0
DA:585,0
DA:587,0
DA:589,0
DA:590,0
DA:592,0
LF:232
LH:84
BRDA:55,0,0,1
BRDA:55,0,1,19
BRDA:55,1,0,20
BRDA:55,1,1,19
BRDA:59,2,0,1
BRDA:59,2,1,18
BRDA:59,3,0,19
BRDA:59,3,1,18
BRDA:65,4,0,16
BRDA:65,4,1,2
BRDA:67,5,0,1
BRDA:67,5,1,15
BRDA:67,6,0,16
BRDA:67,6,1,16
BRDA:80,7,0,9
BRDA:80,7,1,8
BRDA:86,8,0,0
BRDA:86,8,1,8
BRDA:98,9,0,0
BRDA:98,9,1,2
BRDA:103,10,0,0
BRDA:103,10,1,2
BRDA:118,11,0,0
BRDA:118,11,1,0
BRDA:131,12,0,0
BRDA:141,13,0,0
BRDA:141,13,1,0
BRDA:150,14,0,0
BRDA:150,14,1,0
BRDA:166,15,0,0
BRDA:166,15,1,0
BRDA:188,16,0,0
BRDA:193,17,0,0
BRDA:193,17,1,0
BRDA:206,18,0,0
BRDA:206,18,1,0
BRDA:218,19,0,0
BRDA:218,19,1,0
BRDA:253,20,0,10
BRDA:253,20,1,10
BRDA:256,21,0,3
BRDA:256,21,1,17
BRDA:257,22,0,0
BRDA:257,22,1,17
BRDA:270,23,0,5
BRDA:270,23,1,6
BRDA:279,24,0,1
BRDA:279,24,1,5
BRDA:287,25,0,1
BRDA:287,25,1,5
BRDA:289,26,0,5
BRDA:289,26,1,0
BRDA:291,27,0,0
BRDA:291,27,1,0
BRDA:295,28,0,1
BRDA:295,28,1,5
BRDA:319,29,0,2
BRDA:319,29,1,2
BRDA:319,30,0,4
BRDA:319,30,1,2
BRDA:343,31,0,0
BRDA:343,31,1,2
BRDA:348,32,0,2
BRDA:348,32,1,1
BRDA:360,33,0,2
BRDA:360,33,1,1
BRDA:368,34,0,0
BRDA:368,34,1,0
BRDA:384,35,0,0
BRDA:384,35,1,0
BRDA:396,36,0,0
BRDA:396,36,1,0
BRDA:406,37,0,0
BRDA:406,37,1,0
BRDA:410,38,0,0
BRDA:410,38,1,0
BRDA:418,39,0,0
BRDA:418,39,1,0
BRDA:426,40,0,0
BRDA:426,40,1,0
BRDA:447,41,0,0
BRDA:447,41,1,0
BRDA:448,42,0,0
BRDA:448,42,1,0
BRDA:449,43,0,0
BRDA:449,43,1,0
BRDA:453,44,0,0
BRDA:453,44,1,0
BRDA:453,44,2,0
BRDA:482,45,0,1
BRDA:482,45,1,0
BRDA:482,46,0,1
BRDA:482,46,1,1
BRDA:508,47,0,0
BRDA:508,47,1,0
BRDA:514,48,0,0
BRDA:514,48,1,0
BRDA:514,49,0,0
BRDA:514,49,1,0
BRDA:521,50,0,0
BRDA:521,50,1,0
BRDA:525,51,0,0
BRDA:525,51,1,0
BRDA:536,52,0,0
BRDA:536,52,1,0
BRDA:536,53,0,0
BRDA:536,53,1,0
BRDA:563,54,0,0
BRDA:563,54,1,0
BRF:109
BRH:45
end_of_record
TN:
SF:stores/journalStore.js
FN:8,(anonymous_0)
FN:13,(anonymous_1)
FN:30,(anonymous_2)
FN:39,(anonymous_3)
FN:53,(anonymous_4)
FN:54,(anonymous_5)
FN:62,(anonymous_6)
FN:63,(anonymous_7)
FN:69,(anonymous_8)
FN:70,(anonymous_9)
FN:74,(anonymous_10)
FN:79,(anonymous_11)
FN:85,(anonymous_12)
FNF:13
FNH:0
FNDA:0,(anonymous_0)
FNDA:0,(anonymous_1)
FNDA:0,(anonymous_2)
FNDA:0,(anonymous_3)
FNDA:0,(anonymous_4)
FNDA:0,(anonymous_5)
FNDA:0,(anonymous_6)
FNDA:0,(anonymous_7)
FNDA:0,(anonymous_8)
FNDA:0,(anonymous_9)
FNDA:0,(anonymous_10)
FNDA:0,(anonymous_11)
FNDA:0,(anonymous_12)
DA:5,0
DA:8,0
DA:14,0
DA:15,0
DA:16,0
DA:17,0
DA:18,0
DA:19,0
DA:21,0
DA:24,0
DA:25,0
DA:31,0
DA:32,0
DA:34,0
DA:40,0
DA:46,0
DA:47,0
DA:48,0
DA:49,0
DA:54,0
DA:55,0
DA:57,0
DA:58,0
DA:63,0
DA:64,0
DA:65,0
DA:70,0
DA:75,0
DA:76,0
DA:79,0
DA:80,0
DA:81,0
DA:85,0
DA:86,0
DA:89,0
DA:98,0
DA:107,0
LF:37
LH:0
BRDA:17,0,0,0
BRDA:17,0,1,0
BRDA:55,1,0,0
BRDA:55,1,1,0
BRDA:76,2,0,0
BRDA:76,2,1,0
BRDA:80,3,0,0
BRDA:80,3,1,0
BRDA:86,4,0,0
BRDA:86,4,1,0
BRF:10
BRH:0
end_of_record
TN:
SF:stores/profileStore.js
FN:5,(anonymous_0)
FN:20,normalizeProfileShape
FN:33,(anonymous_2)
FN:34,(anonymous_3)
FN:61,(anonymous_4)
FN:86,(anonymous_5)
FN:88,(anonymous_6)
FN:89,(anonymous_7)
FN:94,(anonymous_8)
FN:102,(anonymous_9)
FN:104,(anonymous_10)
FN:117,(anonymous_11)
FN:123,(anonymous_12)
FN:128,(anonymous_13)
FN:133,(anonymous_14)
FN:138,(anonymous_15)
FN:150,(anonymous_16)
FN:157,(anonymous_17)
FN:163,(anonymous_18)
FN:168,(anonymous_19)
FN:177,isProfileComplete
FN:189,(anonymous_21)
FNF:22
FNH:9
FNDA:7,(anonymous_0)
FNDA:5,normalizeProfileShape
FNDA:1,(anonymous_2)
FNDA:2,(anonymous_3)
FNDA:2,(anonymous_4)
FNDA:1,(anonymous_5)
FNDA:0,(anonymous_6)
FNDA:0,(anonymous_7)
FNDA:0,(anonymous_8)
FNDA:0,(anonymous_9)
FNDA:0,(anonymous_10)
FNDA:0,(anonymous_11)
FNDA:0,(anonymous_12)
FNDA:0,(anonymous_13)
FNDA:0,(anonymous_14)
FNDA:0,(anonymous_15)
FNDA:0,(anonymous_16)
FNDA:1,(anonymous_17)
FNDA:1,(anonymous_18)
FNDA:0,(anonymous_19)
FNDA:3,isProfileComplete
FNDA:0,(anonymous_21)
DA:5,7
DA:21,5
DA:26,5
DA:27,1
DA:30,5
DA:33,1
DA:34,1
DA:35,2
DA:36,2
DA:41,2
DA:42,2
DA:44,2
DA:49,2
DA:51,0
DA:52,0
DA:56,1
DA:62,2
DA:63,2
DA:64,2
DA:66,2
DA:67,1
DA:68,1
DA:74,1
DA:81,0
DA:82,0
DA:86,1
DA:89,0
DA:95,0
DA:99,0
DA:102,0
DA:105,0
DA:106,0
DA:107,0
DA:109,0
DA:110,0
DA:111,0
DA:112,0
DA:114,0
DA:118,0
DA:119,0
DA:120,0
DA:124,0
DA:125,0
DA:129,0
DA:130,0
DA:134,0
DA:135,0
DA:139,0
DA:140,0
DA:141,0
DA:143,0
DA:151,0
DA:158,1
DA:164,1
DA:165,1
DA:169,0
DA:170,0
DA:171,0
DA:172,0
DA:178,3
DA:189,1
DA:190,0
DA:192,0
DA:193,0
DA:194,0
DA:195,0
DA:198,0
DA:199,0
DA:201,0
DA:202,0
DA:203,0
DA:204,0
DA:206,0
DA:207,0
DA:211,0
DA:212,0
DA:215,0
DA:216,0
DA:217,0
DA:218,0
DA:221,0
LF:81
LH:27
BRDA:23,0,0,5
BRDA:23,0,1,0
BRDA:26,1,0,1
BRDA:26,1,1,4
BRDA:26,2,0,5
BRDA:26,2,1,3
BRDA:34,3,0,0
BRDA:42,4,0,2
BRDA:42,4,1,0
BRDA:66,5,0,1
BRDA:66,5,1,1
BRDA:109,6,0,0
BRDA:109,6,1,0
BRDA:109,7,0,0
BRDA:109,7,1,0
BRDA:110,8,0,0
BRDA:110,8,1,0
BRDA:111,9,0,0
BRDA:111,9,1,0
BRDA:112,10,0,0
BRDA:112,10,1,0
BRDA:112,11,0,0
BRDA:112,11,1,0
BRDA:119,12,0,0
BRDA:119,12,1,0
BRDA:125,13,0,0
BRDA:125,13,1,0
BRDA:130,14,0,0
BRDA:130,14,1,0
BRDA:135,15,0,0
BRDA:135,15,1,0
BRDA:135,15,2,0
BRDA:140,16,0,0
BRDA:140,16,1,0
BRDA:140,17,0,0
BRDA:140,17,1,0
BRDA:140,17,2,0
BRDA:165,18,0,1
BRDA:165,18,1,1
BRDA:170,19,0,0
BRDA:170,19,1,0
BRDA:171,20,0,0
BRDA:171,20,1,0
BRDA:179,21,0,3
BRDA:179,21,1,3
BRDA:179,21,2,2
BRDA:179,21,3,2
BRDA:179,21,4,2
BRDA:179,21,5,2
BRDA:179,21,6,2
BRDA:192,22,0,0
BRDA:192,22,1,0
BRDA:192,23,0,0
BRDA:192,23,1,0
BRDA:194,24,0,0
BRDA:194,24,1,0
BRDA:198,25,0,0
BRDA:198,25,1,0
BRDA:203,26,0,0
BRDA:203,26,1,0
BRDA:206,27,0,0
BRDA:206,27,1,0
BRDA:211,28,0,0
BRDA:211,28,1,0
BRDA:215,29,0,0
BRDA:215,29,1,0
BRDA:215,30,0,0
BRDA:215,30,1,0
BRDA:217,31,0,0
BRDA:217,31,1,0
BRF:70
BRH:17
end_of_record
TN:
SF:stores/useLunarRevolutionStore.ts
FN:35,getMonthKey
FN:44,getBirthDataFromProfile
FN:69,(anonymous_2)
FN:78,(anonymous_3)
FN:140,(anonymous_4)
FN:148,(anonymous_5)
FN:173,(anonymous_6)
FNF:7
FNH:5
FNDA:7,getMonthKey
FNDA:2,getBirthDataFromProfile
FNDA:1,(anonymous_2)
FNDA:2,(anonymous_3)
FNDA:4,(anonymous_4)
FNDA:0,(anonymous_5)
FNDA:0,(anonymous_6)
DA:16,1
DA:36,7
DA:37,7
DA:38,7
DA:45,2
DA:47,2
DA:48,0
DA:51,2
DA:52,2
DA:54,2
DA:69,1
DA:79,2
DA:82,2
DA:83,2
DA:84,2
DA:85,0
DA:86,0
DA:91,2
DA:92,2
DA:93,0
DA:97,0
DA:100,2
DA:102,2
DA:104,2
DA:106,2
DA:111,1
DA:114,1
DA:115,1
DA:117,1
DA:125,1
DA:127,1
DA:129,1
DA:130,1
DA:141,4
DA:142,4
DA:149,0
DA:150,0
DA:151,0
DA:152,0
DA:153,0
DA:155,0
DA:161,0
DA:163,0
DA:166,0
DA:174,0
DA:175,0
DA:176,0
DA:182,0
DA:184,0
LF:49
LH:30
BRDA:47,0,0,0
BRDA:47,0,1,2
BRDA:47,1,0,2
BRDA:47,1,1,2
BRDA:47,1,2,2
BRDA:63,2,0,2
BRDA:63,2,1,0
BRDA:64,3,0,2
BRDA:64,3,1,0
BRDA:65,4,0,2
BRDA:65,4,1,0
BRDA:78,5,0,2
BRDA:82,6,0,2
BRDA:82,6,1,0
BRDA:84,7,0,0
BRDA:84,7,1,2
BRDA:92,8,0,0
BRDA:92,8,1,2
BRDA:118,9,0,0
BRDA:118,9,1,1
BRDA:132,10,0,1
BRDA:132,10,1,0
BRDA:142,11,0,4
BRDA:142,11,1,3
BRDA:151,12,0,0
BRDA:151,12,1,0
BRDA:157,13,0,0
BRDA:157,13,1,0
BRDA:158,14,0,0
BRDA:158,14,1,0
BRF:30
BRH:15
end_of_record
